{"/Users/cliftonc/work/parxer/index.js":{"path":"/Users/cliftonc/work/parxer/index.js","s":{"1":1,"2":1,"3":1,"4":1,"5":1,"6":1,"7":73,"8":73,"9":73,"10":73,"11":201,"12":201,"13":201,"14":15,"15":15,"16":201,"17":2,"18":2,"19":199,"20":11,"21":11,"22":188,"23":188,"24":108,"25":0,"26":0,"27":0,"28":38,"29":2,"30":36,"31":3,"32":0,"33":3,"34":3,"35":0,"36":3,"37":201,"38":201,"39":47,"40":201,"41":201,"42":201,"43":201,"44":154,"45":73,"46":73,"47":1,"48":72,"49":72,"50":72,"51":72,"52":73,"53":1},"b":{"1":[73,72],"2":[73,73],"3":[15,186],"4":[2,199],"5":[11,188],"6":[188,109],"7":[108,80],"8":[0,0],"9":[2,36],"10":[0,3],"11":[0,3],"12":[47,154],"13":[201,200],"14":[154,47],"15":[1,72]},"f":{"1":73,"2":201,"3":0,"4":38,"5":3,"6":3,"7":201,"8":73,"9":73,"10":72,"11":72},"fnMap":{"1":{"name":"(anonymous_1)","line":7,"loc":{"start":{"line":7,"column":13},"end":{"line":7,"column":43}}},"2":{"name":"(anonymous_2)","line":16,"loc":{"start":{"line":16,"column":19},"end":{"line":16,"column":46}}},"3":{"name":"(anonymous_3)","line":43,"loc":{"start":{"line":43,"column":33},"end":{"line":43,"column":54}}},"4":{"name":"(anonymous_4)","line":47,"loc":{"start":{"line":47,"column":15},"end":{"line":47,"column":30}}},"5":{"name":"(anonymous_5)","line":51,"loc":{"start":{"line":51,"column":19},"end":{"line":51,"column":34}}},"6":{"name":"(anonymous_6)","line":55,"loc":{"start":{"line":55,"column":22},"end":{"line":55,"column":33}}},"7":{"name":"(anonymous_7)","line":59,"loc":{"start":{"line":59,"column":20},"end":{"line":59,"column":38}}},"8":{"name":"(anonymous_8)","line":75,"loc":{"start":{"line":75,"column":15},"end":{"line":75,"column":26}}},"9":{"name":"(anonymous_9)","line":77,"loc":{"start":{"line":77,"column":41},"end":{"line":77,"column":55}}},"10":{"name":"(anonymous_10)","line":79,"loc":{"start":{"line":79,"column":57},"end":{"line":79,"column":68}}},"11":{"name":"(anonymous_11)","line":80,"loc":{"start":{"line":80,"column":49},"end":{"line":80,"column":73}}}},"statementMap":{"1":{"start":{"line":1,"column":0},"end":{"line":1,"column":40}},"2":{"start":{"line":2,"column":0},"end":{"line":2,"column":33}},"3":{"start":{"line":3,"column":0},"end":{"line":3,"column":35}},"4":{"start":{"line":4,"column":0},"end":{"line":4,"column":41}},"5":{"start":{"line":5,"column":0},"end":{"line":5,"column":26}},"6":{"start":{"line":7,"column":0},"end":{"line":92,"column":2}},"7":{"start":{"line":10,"column":4},"end":{"line":10,"column":43}},"8":{"start":{"line":11,"column":4},"end":{"line":11,"column":50}},"9":{"start":{"line":13,"column":4},"end":{"line":13,"column":37}},"10":{"start":{"line":15,"column":4},"end":{"line":88,"column":7}},"11":{"start":{"line":18,"column":12},"end":{"line":18,"column":40}},"12":{"start":{"line":20,"column":12},"end":{"line":20,"column":36}},"13":{"start":{"line":22,"column":12},"end":{"line":25,"column":13}},"14":{"start":{"line":23,"column":16},"end":{"line":23,"column":35}},"15":{"start":{"line":24,"column":16},"end":{"line":24,"column":49}},"16":{"start":{"line":27,"column":12},"end":{"line":30,"column":13}},"17":{"start":{"line":28,"column":16},"end":{"line":28,"column":49}},"18":{"start":{"line":29,"column":16},"end":{"line":29,"column":23}},"19":{"start":{"line":32,"column":12},"end":{"line":35,"column":13}},"20":{"start":{"line":33,"column":16},"end":{"line":33,"column":79}},"21":{"start":{"line":34,"column":16},"end":{"line":34,"column":23}},"22":{"start":{"line":37,"column":12},"end":{"line":37,"column":115}},"23":{"start":{"line":38,"column":12},"end":{"line":40,"column":13}},"24":{"start":{"line":39,"column":16},"end":{"line":39,"column":79}},"25":{"start":{"line":44,"column":12},"end":{"line":44,"column":53}},"26":{"start":{"line":44,"column":44},"end":{"line":44,"column":51}},"27":{"start":{"line":45,"column":12},"end":{"line":45,"column":46}},"28":{"start":{"line":48,"column":12},"end":{"line":48,"column":53}},"29":{"start":{"line":48,"column":44},"end":{"line":48,"column":51}},"30":{"start":{"line":49,"column":12},"end":{"line":49,"column":34}},"31":{"start":{"line":52,"column":12},"end":{"line":52,"column":53}},"32":{"start":{"line":52,"column":44},"end":{"line":52,"column":51}},"33":{"start":{"line":53,"column":12},"end":{"line":53,"column":43}},"34":{"start":{"line":56,"column":12},"end":{"line":56,"column":53}},"35":{"start":{"line":56,"column":44},"end":{"line":56,"column":51}},"36":{"start":{"line":57,"column":12},"end":{"line":57,"column":35}},"37":{"start":{"line":61,"column":12},"end":{"line":61,"column":35}},"38":{"start":{"line":62,"column":12},"end":{"line":64,"column":13}},"39":{"start":{"line":63,"column":16},"end":{"line":63,"column":36}},"40":{"start":{"line":66,"column":12},"end":{"line":66,"column":47}},"41":{"start":{"line":67,"column":12},"end":{"line":67,"column":52}},"42":{"start":{"line":68,"column":12},"end":{"line":68,"column":40}},"43":{"start":{"line":70,"column":12},"end":{"line":72,"column":13}},"44":{"start":{"line":71,"column":16},"end":{"line":71,"column":54}},"45":{"start":{"line":77,"column":13},"end":{"line":85,"column":16}},"46":{"start":{"line":78,"column":16},"end":{"line":78,"column":45}},"47":{"start":{"line":78,"column":26},"end":{"line":78,"column":43}},"48":{"start":{"line":79,"column":16},"end":{"line":84,"column":19}},"49":{"start":{"line":80,"column":20},"end":{"line":83,"column":23}},"50":{"start":{"line":81,"column":22},"end":{"line":81,"column":53}},"51":{"start":{"line":82,"column":22},"end":{"line":82,"column":75}},"52":{"start":{"line":90,"column":4},"end":{"line":90,"column":22}},"53":{"start":{"line":94,"column":0},"end":{"line":97,"column":2}}},"branchMap":{"1":{"line":10,"type":"binary-expr","locations":[{"start":{"line":10,"column":20},"end":{"line":10,"column":33}},{"start":{"line":10,"column":37},"end":{"line":10,"column":42}}]},"2":{"line":11,"type":"binary-expr","locations":[{"start":{"line":11,"column":23},"end":{"line":11,"column":39}},{"start":{"line":11,"column":43},"end":{"line":11,"column":49}}]},"3":{"line":22,"type":"if","locations":[{"start":{"line":22,"column":12},"end":{"line":22,"column":12}},{"start":{"line":22,"column":12},"end":{"line":22,"column":12}}]},"4":{"line":27,"type":"if","locations":[{"start":{"line":27,"column":12},"end":{"line":27,"column":12}},{"start":{"line":27,"column":12},"end":{"line":27,"column":12}}]},"5":{"line":32,"type":"if","locations":[{"start":{"line":32,"column":12},"end":{"line":32,"column":12}},{"start":{"line":32,"column":12},"end":{"line":32,"column":12}}]},"6":{"line":37,"type":"binary-expr","locations":[{"start":{"line":37,"column":26},"end":{"line":37,"column":45}},{"start":{"line":37,"column":49},"end":{"line":37,"column":114}}]},"7":{"line":38,"type":"if","locations":[{"start":{"line":38,"column":12},"end":{"line":38,"column":12}},{"start":{"line":38,"column":12},"end":{"line":38,"column":12}}]},"8":{"line":44,"type":"if","locations":[{"start":{"line":44,"column":12},"end":{"line":44,"column":12}},{"start":{"line":44,"column":12},"end":{"line":44,"column":12}}]},"9":{"line":48,"type":"if","locations":[{"start":{"line":48,"column":12},"end":{"line":48,"column":12}},{"start":{"line":48,"column":12},"end":{"line":48,"column":12}}]},"10":{"line":52,"type":"if","locations":[{"start":{"line":52,"column":12},"end":{"line":52,"column":12}},{"start":{"line":52,"column":12},"end":{"line":52,"column":12}}]},"11":{"line":56,"type":"if","locations":[{"start":{"line":56,"column":12},"end":{"line":56,"column":12}},{"start":{"line":56,"column":12},"end":{"line":56,"column":12}}]},"12":{"line":62,"type":"if","locations":[{"start":{"line":62,"column":12},"end":{"line":62,"column":12}},{"start":{"line":62,"column":12},"end":{"line":62,"column":12}}]},"13":{"line":62,"type":"binary-expr","locations":[{"start":{"line":62,"column":15},"end":{"line":62,"column":57}},{"start":{"line":62,"column":61},"end":{"line":62,"column":92}}]},"14":{"line":70,"type":"if","locations":[{"start":{"line":70,"column":12},"end":{"line":70,"column":12}},{"start":{"line":70,"column":12},"end":{"line":70,"column":12}}]},"15":{"line":78,"type":"if","locations":[{"start":{"line":78,"column":16},"end":{"line":78,"column":16}},{"start":{"line":78,"column":16},"end":{"line":78,"column":16}}]}}},"/Users/cliftonc/work/parxer/lib/core.js":{"path":"/Users/cliftonc/work/parxer/lib/core.js","s":{"1":1,"2":1,"3":1,"4":1,"5":1,"6":111,"7":187,"8":187,"9":187,"10":1,"11":111,"12":0,"13":111,"14":111,"15":1,"16":109,"17":1,"18":108,"19":108,"20":129,"21":108,"22":1,"23":195,"24":195,"25":302,"26":302,"27":195,"28":1,"29":24,"30":18,"31":18,"32":6,"33":6,"34":6,"35":6,"36":6,"37":0,"38":1,"39":61,"40":61,"41":61,"42":61,"43":61,"44":61,"45":61,"46":8,"47":8,"48":8,"49":0,"50":53,"51":2,"52":2,"53":51,"54":51,"55":51,"56":5,"57":61,"58":24,"59":37,"60":61,"61":61,"62":1,"63":72,"64":72,"65":37,"66":37,"67":37,"68":37,"69":5,"70":37,"71":37,"72":37,"73":1,"74":41,"75":1,"76":5,"77":5,"78":5,"79":1,"80":1,"81":8,"82":8,"83":8,"84":8,"85":1,"86":2,"87":2,"88":2,"89":1,"90":6,"91":6,"92":6,"93":1,"94":6,"95":1,"96":38,"97":38,"98":3,"99":3,"100":3,"101":35,"102":1},"b":{"1":[0,111],"2":[1,108],"3":[129,119],"4":[0,195],"5":[18,177],"6":[18,6],"7":[6,0],"8":[6,4],"9":[6,4],"10":[8,53],"11":[0,8],"12":[2,51],"13":[5,46],"14":[24,37],"15":[5,32],"16":[8,2],"17":[8,0],"18":[2,0],"19":[1,5],"20":[3,35],"21":[3,0]},"f":{"1":111,"2":187,"3":187,"4":111,"5":109,"6":129,"7":195,"8":302,"9":24,"10":61,"11":61,"12":72,"13":37,"14":37,"15":41,"16":5,"17":5,"18":5,"19":8,"20":2,"21":6,"22":38},"fnMap":{"1":{"name":"escapeVariables","line":8,"loc":{"start":{"line":8,"column":0},"end":{"line":8,"column":30}}},"2":{"name":"(anonymous_2)","line":10,"loc":{"start":{"line":10,"column":9},"end":{"line":10,"column":21}}},"3":{"name":"(anonymous_3)","line":13,"loc":{"start":{"line":13,"column":12},"end":{"line":13,"column":35}}},"4":{"name":"render","line":19,"loc":{"start":{"line":19,"column":0},"end":{"line":19,"column":28}}},"5":{"name":"matchPlugin","line":25,"loc":{"start":{"line":25,"column":0},"end":{"line":25,"column":63}}},"6":{"name":"(anonymous_6)","line":28,"loc":{"start":{"line":28,"column":20},"end":{"line":28,"column":37}}},"7":{"name":"createTag","line":34,"loc":{"start":{"line":34,"column":0},"end":{"line":34,"column":50}}},"8":{"name":"(anonymous_8)","line":36,"loc":{"start":{"line":36,"column":21},"end":{"line":36,"column":42}}},"9":{"name":"createAssetTag","line":43,"loc":{"start":{"line":43,"column":0},"end":{"line":43,"column":50}}},"10":{"name":"pushFragment","line":58,"loc":{"start":{"line":58,"column":0},"end":{"line":58,"column":86}}},"11":{"name":"(anonymous_11)","line":64,"loc":{"start":{"line":64,"column":27},"end":{"line":64,"column":51}}},"12":{"name":"processDeferredStack","line":90,"loc":{"start":{"line":90,"column":0},"end":{"line":90,"column":51}}},"13":{"name":"(anonymous_13)","line":92,"loc":{"start":{"line":92,"column":46},"end":{"line":92,"column":69}}},"14":{"name":"(anonymous_14)","line":99,"loc":{"start":{"line":99,"column":35},"end":{"line":99,"column":59}}},"15":{"name":"isCxCustomTag","line":106,"loc":{"start":{"line":106,"column":0},"end":{"line":106,"column":32}}},"16":{"name":"renderTextInHandler","line":110,"loc":{"start":{"line":110,"column":0},"end":{"line":110,"column":49}}},"17":{"name":"(anonymous_17)","line":111,"loc":{"start":{"line":111,"column":11},"end":{"line":111,"column":35}}},"18":{"name":"(anonymous_18)","line":112,"loc":{"start":{"line":112,"column":26},"end":{"line":112,"column":59}}},"19":{"name":"getClientHint","line":139,"loc":{"start":{"line":139,"column":0},"end":{"line":139,"column":33}}},"20":{"name":"getClientHintHeader","line":146,"loc":{"start":{"line":146,"column":0},"end":{"line":146,"column":39}}},"21":{"name":"getClientHintTag","line":152,"loc":{"start":{"line":152,"column":0},"end":{"line":152,"column":40}}},"22":{"name":"prepareURL","line":159,"loc":{"start":{"line":159,"column":0},"end":{"line":159,"column":34}}}},"statementMap":{"1":{"start":{"line":3,"column":0},"end":{"line":3,"column":26}},"2":{"start":{"line":4,"column":0},"end":{"line":4,"column":34}},"3":{"start":{"line":5,"column":0},"end":{"line":5,"column":29}},"4":{"start":{"line":6,"column":0},"end":{"line":6,"column":28}},"5":{"start":{"line":8,"column":0},"end":{"line":17,"column":1}},"6":{"start":{"line":9,"column":4},"end":{"line":16,"column":11}},"7":{"start":{"line":11,"column":6},"end":{"line":11,"column":46}},"8":{"start":{"line":14,"column":6},"end":{"line":14,"column":33}},"9":{"start":{"line":15,"column":6},"end":{"line":15,"column":17}},"10":{"start":{"line":19,"column":0},"end":{"line":23,"column":1}},"11":{"start":{"line":20,"column":4},"end":{"line":20,"column":29}},"12":{"start":{"line":20,"column":17},"end":{"line":20,"column":27}},"13":{"start":{"line":21,"column":4},"end":{"line":21,"column":67}},"14":{"start":{"line":22,"column":4},"end":{"line":22,"column":18}},"15":{"start":{"line":25,"column":0},"end":{"line":32,"column":1}},"16":{"start":{"line":26,"column":4},"end":{"line":26,"column":34}},"17":{"start":{"line":26,"column":19},"end":{"line":26,"column":32}},"18":{"start":{"line":27,"column":4},"end":{"line":27,"column":24}},"19":{"start":{"line":28,"column":4},"end":{"line":30,"column":7}},"20":{"start":{"line":29,"column":8},"end":{"line":29,"column":75}},"21":{"start":{"line":31,"column":4},"end":{"line":31,"column":19}},"22":{"start":{"line":34,"column":0},"end":{"line":41,"column":1}},"23":{"start":{"line":35,"column":4},"end":{"line":35,"column":75}},"24":{"start":{"line":36,"column":4},"end":{"line":39,"column":7}},"25":{"start":{"line":37,"column":8},"end":{"line":37,"column":24}},"26":{"start":{"line":38,"column":8},"end":{"line":38,"column":57}},"27":{"start":{"line":40,"column":4},"end":{"line":40,"column":120}},"28":{"start":{"line":43,"column":0},"end":{"line":56,"column":1}},"29":{"start":{"line":44,"column":4},"end":{"line":55,"column":5}},"30":{"start":{"line":45,"column":6},"end":{"line":45,"column":24}},"31":{"start":{"line":46,"column":6},"end":{"line":46,"column":63}},"32":{"start":{"line":48,"column":11},"end":{"line":55,"column":5}},"33":{"start":{"line":49,"column":6},"end":{"line":49,"column":25}},"34":{"start":{"line":50,"column":6},"end":{"line":50,"column":48}},"35":{"start":{"line":51,"column":6},"end":{"line":51,"column":45}},"36":{"start":{"line":52,"column":6},"end":{"line":52,"column":46}},"37":{"start":{"line":54,"column":6},"end":{"line":54,"column":64}},"38":{"start":{"line":58,"column":0},"end":{"line":88,"column":1}},"39":{"start":{"line":59,"column":4},"end":{"line":59,"column":23}},"40":{"start":{"line":60,"column":4},"end":{"line":60,"column":36}},"41":{"start":{"line":61,"column":4},"end":{"line":61,"column":59}},"42":{"start":{"line":62,"column":4},"end":{"line":62,"column":47}},"43":{"start":{"line":63,"column":4},"end":{"line":63,"column":46}},"44":{"start":{"line":64,"column":4},"end":{"line":80,"column":5}},"45":{"start":{"line":65,"column":8},"end":{"line":79,"column":9}},"46":{"start":{"line":67,"column":12},"end":{"line":67,"column":50}},"47":{"start":{"line":68,"column":12},"end":{"line":68,"column":56}},"48":{"start":{"line":69,"column":12},"end":{"line":69,"column":38}},"49":{"start":{"line":69,"column":26},"end":{"line":69,"column":36}},"50":{"start":{"line":70,"column":15},"end":{"line":79,"column":9}},"51":{"start":{"line":72,"column":12},"end":{"line":72,"column":44}},"52":{"start":{"line":73,"column":12},"end":{"line":73,"column":53}},"53":{"start":{"line":76,"column":12},"end":{"line":76,"column":44}},"54":{"start":{"line":77,"column":12},"end":{"line":77,"column":56}},"55":{"start":{"line":78,"column":12},"end":{"line":78,"column":42}},"56":{"start":{"line":78,"column":28},"end":{"line":78,"column":40}},"57":{"start":{"line":81,"column":4},"end":{"line":85,"column":5}},"58":{"start":{"line":82,"column":8},"end":{"line":82,"column":44}},"59":{"start":{"line":84,"column":8},"end":{"line":84,"column":100}},"60":{"start":{"line":86,"column":4},"end":{"line":86,"column":23}},"61":{"start":{"line":87,"column":4},"end":{"line":87,"column":25}},"62":{"start":{"line":90,"column":0},"end":{"line":104,"column":1}},"63":{"start":{"line":91,"column":4},"end":{"line":91,"column":33}},"64":{"start":{"line":92,"column":4},"end":{"line":103,"column":13}},"65":{"start":{"line":93,"column":8},"end":{"line":93,"column":41}},"66":{"start":{"line":94,"column":8},"end":{"line":94,"column":37}},"67":{"start":{"line":95,"column":8},"end":{"line":95,"column":65}},"68":{"start":{"line":96,"column":8},"end":{"line":98,"column":9}},"69":{"start":{"line":97,"column":10},"end":{"line":97,"column":79}},"70":{"start":{"line":99,"column":8},"end":{"line":102,"column":11}},"71":{"start":{"line":100,"column":12},"end":{"line":100,"column":45}},"72":{"start":{"line":101,"column":12},"end":{"line":101,"column":17}},"73":{"start":{"line":106,"column":0},"end":{"line":108,"column":1}},"74":{"start":{"line":107,"column":4},"end":{"line":107,"column":46}},"75":{"start":{"line":110,"column":0},"end":{"line":116,"column":1}},"76":{"start":{"line":111,"column":4},"end":{"line":115,"column":6}},"77":{"start":{"line":112,"column":8},"end":{"line":114,"column":11}},"78":{"start":{"line":113,"column":12},"end":{"line":113,"column":59}},"79":{"start":{"line":120,"column":0},"end":{"line":137,"column":2}},"80":{"start":{"line":139,"column":0},"end":{"line":144,"column":1}},"81":{"start":{"line":140,"column":2},"end":{"line":140,"column":25}},"82":{"start":{"line":141,"column":2},"end":{"line":141,"column":47}},"83":{"start":{"line":142,"column":2},"end":{"line":142,"column":48}},"84":{"start":{"line":143,"column":2},"end":{"line":143,"column":48}},"85":{"start":{"line":146,"column":0},"end":{"line":150,"column":1}},"86":{"start":{"line":147,"column":2},"end":{"line":147,"column":34}},"87":{"start":{"line":148,"column":2},"end":{"line":148,"column":48}},"88":{"start":{"line":149,"column":2},"end":{"line":149,"column":52}},"89":{"start":{"line":152,"column":0},"end":{"line":157,"column":1}},"90":{"start":{"line":153,"column":2},"end":{"line":153,"column":42}},"91":{"start":{"line":154,"column":2},"end":{"line":154,"column":57}},"92":{"start":{"line":155,"column":2},"end":{"line":155,"column":47}},"93":{"start":{"line":155,"column":20},"end":{"line":155,"column":45}},"94":{"start":{"line":156,"column":2},"end":{"line":156,"column":43}},"95":{"start":{"line":159,"column":0},"end":{"line":168,"column":1}},"96":{"start":{"line":160,"column":2},"end":{"line":160,"column":13}},"97":{"start":{"line":161,"column":2},"end":{"line":166,"column":3}},"98":{"start":{"line":162,"column":4},"end":{"line":162,"column":31}},"99":{"start":{"line":163,"column":4},"end":{"line":165,"column":5}},"100":{"start":{"line":164,"column":6},"end":{"line":164,"column":25}},"101":{"start":{"line":167,"column":2},"end":{"line":167,"column":13}},"102":{"start":{"line":170,"column":0},"end":{"line":182,"column":2}}},"branchMap":{"1":{"line":20,"type":"if","locations":[{"start":{"line":20,"column":4},"end":{"line":20,"column":4}},{"start":{"line":20,"column":4},"end":{"line":20,"column":4}}]},"2":{"line":26,"type":"if","locations":[{"start":{"line":26,"column":4},"end":{"line":26,"column":4}},{"start":{"line":26,"column":4},"end":{"line":26,"column":4}}]},"3":{"line":29,"type":"binary-expr","locations":[{"start":{"line":29,"column":18},"end":{"line":29,"column":25}},{"start":{"line":29,"column":29},"end":{"line":29,"column":74}}]},"4":{"line":40,"type":"cond-expr","locations":[{"start":{"line":40,"column":44},"end":{"line":40,"column":47}},{"start":{"line":40,"column":50},"end":{"line":40,"column":52}}]},"5":{"line":40,"type":"cond-expr","locations":[{"start":{"line":40,"column":98},"end":{"line":40,"column":102}},{"start":{"line":40,"column":104},"end":{"line":40,"column":107}}]},"6":{"line":44,"type":"if","locations":[{"start":{"line":44,"column":4},"end":{"line":44,"column":4}},{"start":{"line":44,"column":4},"end":{"line":44,"column":4}}]},"7":{"line":48,"type":"if","locations":[{"start":{"line":48,"column":11},"end":{"line":48,"column":11}},{"start":{"line":48,"column":11},"end":{"line":48,"column":11}}]},"8":{"line":50,"type":"binary-expr","locations":[{"start":{"line":50,"column":20},"end":{"line":50,"column":31}},{"start":{"line":50,"column":35},"end":{"line":50,"column":47}}]},"9":{"line":51,"type":"binary-expr","locations":[{"start":{"line":51,"column":22},"end":{"line":51,"column":35}},{"start":{"line":51,"column":39},"end":{"line":51,"column":44}}]},"10":{"line":65,"type":"if","locations":[{"start":{"line":65,"column":8},"end":{"line":65,"column":8}},{"start":{"line":65,"column":8},"end":{"line":65,"column":8}}]},"11":{"line":69,"type":"if","locations":[{"start":{"line":69,"column":12},"end":{"line":69,"column":12}},{"start":{"line":69,"column":12},"end":{"line":69,"column":12}}]},"12":{"line":70,"type":"if","locations":[{"start":{"line":70,"column":15},"end":{"line":70,"column":15}},{"start":{"line":70,"column":15},"end":{"line":70,"column":15}}]},"13":{"line":78,"type":"if","locations":[{"start":{"line":78,"column":12},"end":{"line":78,"column":12}},{"start":{"line":78,"column":12},"end":{"line":78,"column":12}}]},"14":{"line":81,"type":"if","locations":[{"start":{"line":81,"column":4},"end":{"line":81,"column":4}},{"start":{"line":81,"column":4},"end":{"line":81,"column":4}}]},"15":{"line":96,"type":"if","locations":[{"start":{"line":96,"column":8},"end":{"line":96,"column":8}},{"start":{"line":96,"column":8},"end":{"line":96,"column":8}}]},"16":{"line":140,"type":"binary-expr","locations":[{"start":{"line":140,"column":8},"end":{"line":140,"column":11}},{"start":{"line":140,"column":15},"end":{"line":140,"column":24}}]},"17":{"line":142,"type":"cond-expr","locations":[{"start":{"line":142,"column":31},"end":{"line":142,"column":42}},{"start":{"line":142,"column":45},"end":{"line":142,"column":47}}]},"18":{"line":148,"type":"cond-expr","locations":[{"start":{"line":148,"column":24},"end":{"line":148,"column":42}},{"start":{"line":148,"column":45},"end":{"line":148,"column":47}}]},"19":{"line":155,"type":"if","locations":[{"start":{"line":155,"column":2},"end":{"line":155,"column":2}},{"start":{"line":155,"column":2},"end":{"line":155,"column":2}}]},"20":{"line":161,"type":"if","locations":[{"start":{"line":161,"column":2},"end":{"line":161,"column":2}},{"start":{"line":161,"column":2},"end":{"line":161,"column":2}}]},"21":{"line":163,"type":"if","locations":[{"start":{"line":163,"column":4},"end":{"line":163,"column":4}},{"start":{"line":163,"column":4},"end":{"line":163,"column":4}}]}}},"/Users/cliftonc/work/parxer/lib/state.js":{"path":"/Users/cliftonc/work/parxer/lib/state.js","s":{"1":1,"2":1,"3":73,"4":73,"5":73,"6":73,"7":73,"8":1,"9":272,"10":73,"11":47,"12":5,"13":42,"14":42,"15":42,"16":432,"17":56,"18":56,"19":376,"20":122,"21":122,"22":61,"23":61,"24":61,"25":61,"26":61,"27":61,"28":61,"29":51,"30":53,"31":8,"32":8,"33":8,"34":3,"35":5,"36":2,"37":201,"38":201,"39":0,"40":61,"41":0,"42":444,"43":67,"44":67,"45":67,"46":201,"47":201,"48":201,"49":163,"50":65,"51":65,"52":200,"53":56,"54":201,"55":72,"56":37,"57":5,"58":7,"59":72,"60":145,"61":1,"62":9438,"63":9438,"64":9414,"65":9438,"66":72,"67":9366,"68":72,"69":60,"70":8,"71":8,"72":72,"73":192,"74":190,"75":72,"76":72,"77":9294,"78":1,"79":1,"80":1,"81":1,"82":1,"83":9293,"84":145,"85":2,"86":2,"87":17,"88":17,"89":1,"90":16,"91":16,"92":15,"93":19,"94":19,"95":3,"96":16,"97":16,"98":1},"b":{"1":[73,70],"2":[73,73],"3":[73,73],"4":[73,72],"5":[73,73],"6":[5,42],"7":[42,41],"8":[42,42],"9":[56,376],"10":[56,27],"11":[37,24],"12":[3,5],"13":[5,0],"14":[2,0],"15":[15,429],"16":[67,59],"17":[201,4],"18":[65,98],"19":[145,144],"20":[9414,9414,9331,9331],"21":[72,9366],"22":[9438,144],"23":[72,9294],"24":[9366,72],"25":[8,52],"26":[8,8],"27":[190,2],"28":[1,9293],"29":[1,0],"30":[1,1,1],"31":[1,16],"32":[3,16]},"f":{"1":73,"2":272,"3":47,"4":432,"5":122,"6":61,"7":61,"8":51,"9":53,"10":8,"11":8,"12":2,"13":201,"14":201,"15":0,"16":61,"17":0,"18":444,"19":67,"20":201,"21":201,"22":163,"23":200,"24":56,"25":201,"26":72,"27":37,"28":5,"29":7,"30":72,"31":145,"32":9438,"33":2,"34":2,"35":17,"36":15,"37":19},"fnMap":{"1":{"name":"create","line":3,"loc":{"start":{"line":3,"column":0},"end":{"line":3,"column":24}}},"2":{"name":"closeTag","line":25,"loc":{"start":{"line":25,"column":2},"end":{"line":25,"column":29}}},"3":{"name":"(anonymous_3)","line":31,"loc":{"start":{"line":31,"column":20},"end":{"line":31,"column":46}}},"4":{"name":"(anonymous_4)","line":37,"loc":{"start":{"line":37,"column":17},"end":{"line":37,"column":32}}},"5":{"name":"(anonymous_5)","line":45,"loc":{"start":{"line":45,"column":18},"end":{"line":45,"column":29}}},"6":{"name":"(anonymous_6)","line":49,"loc":{"start":{"line":49,"column":28},"end":{"line":49,"column":65}}},"7":{"name":"(anonymous_7)","line":57,"loc":{"start":{"line":57,"column":26},"end":{"line":57,"column":37}}},"8":{"name":"(anonymous_8)","line":60,"loc":{"start":{"line":60,"column":25},"end":{"line":60,"column":54}}},"9":{"name":"(anonymous_9)","line":63,"loc":{"start":{"line":63,"column":23},"end":{"line":63,"column":42}}},"10":{"name":"(anonymous_10)","line":66,"loc":{"start":{"line":66,"column":24},"end":{"line":66,"column":50}}},"11":{"name":"(anonymous_11)","line":70,"loc":{"start":{"line":70,"column":30},"end":{"line":70,"column":58}}},"12":{"name":"(anonymous_12)","line":77,"loc":{"start":{"line":77,"column":32},"end":{"line":77,"column":51}}},"13":{"name":"(anonymous_13)","line":80,"loc":{"start":{"line":80,"column":27},"end":{"line":80,"column":38}}},"14":{"name":"(anonymous_14)","line":83,"loc":{"start":{"line":83,"column":27},"end":{"line":83,"column":38}}},"15":{"name":"(anonymous_15)","line":86,"loc":{"start":{"line":86,"column":19},"end":{"line":86,"column":30}}},"16":{"name":"(anonymous_16)","line":89,"loc":{"start":{"line":89,"column":20},"end":{"line":89,"column":31}}},"17":{"name":"(anonymous_17)","line":92,"loc":{"start":{"line":92,"column":16},"end":{"line":92,"column":34}}},"18":{"name":"(anonymous_18)","line":95,"loc":{"start":{"line":95,"column":15},"end":{"line":95,"column":30}}},"19":{"name":"(anonymous_19)","line":98,"loc":{"start":{"line":98,"column":16},"end":{"line":98,"column":40}}},"20":{"name":"(anonymous_20)","line":103,"loc":{"start":{"line":103,"column":23},"end":{"line":103,"column":47}}},"21":{"name":"(anonymous_21)","line":106,"loc":{"start":{"line":106,"column":32},"end":{"line":106,"column":50}}},"22":{"name":"(anonymous_22)","line":108,"loc":{"start":{"line":108,"column":42},"end":{"line":108,"column":63}}},"23":{"name":"(anonymous_23)","line":115,"loc":{"start":{"line":115,"column":24},"end":{"line":115,"column":42}}},"24":{"name":"(anonymous_24)","line":118,"loc":{"start":{"line":118,"column":25},"end":{"line":118,"column":43}}},"25":{"name":"(anonymous_25)","line":121,"loc":{"start":{"line":121,"column":27},"end":{"line":121,"column":45}}},"26":{"name":"(anonymous_26)","line":124,"loc":{"start":{"line":124,"column":24},"end":{"line":124,"column":35}}},"27":{"name":"(anonymous_27)","line":127,"loc":{"start":{"line":127,"column":13},"end":{"line":127,"column":28}}},"28":{"name":"(anonymous_28)","line":130,"loc":{"start":{"line":130,"column":18},"end":{"line":130,"column":36}}},"29":{"name":"(anonymous_29)","line":133,"loc":{"start":{"line":133,"column":18},"end":{"line":133,"column":36}}},"30":{"name":"(anonymous_30)","line":136,"loc":{"start":{"line":136,"column":12},"end":{"line":136,"column":23}}},"31":{"name":"(anonymous_31)","line":139,"loc":{"start":{"line":139,"column":15},"end":{"line":139,"column":49}}},"32":{"name":"checkDone","line":141,"loc":{"start":{"line":141,"column":9},"end":{"line":141,"column":30}}},"33":{"name":"(anonymous_33)","line":179,"loc":{"start":{"line":179,"column":27},"end":{"line":179,"column":50}}},"34":{"name":"(anonymous_34)","line":182,"loc":{"start":{"line":182,"column":27},"end":{"line":182,"column":43}}},"35":{"name":"(anonymous_35)","line":185,"loc":{"start":{"line":185,"column":25},"end":{"line":185,"column":46}}},"36":{"name":"(anonymous_36)","line":193,"loc":{"start":{"line":193,"column":22},"end":{"line":193,"column":44}}},"37":{"name":"(anonymous_37)","line":194,"loc":{"start":{"line":194,"column":30},"end":{"line":194,"column":45}}}},"statementMap":{"1":{"start":{"line":1,"column":0},"end":{"line":1,"column":26}},"2":{"start":{"line":3,"column":0},"end":{"line":204,"column":1}},"3":{"start":{"line":5,"column":2},"end":{"line":18,"column":4}},"4":{"start":{"line":20,"column":2},"end":{"line":20,"column":68}},"5":{"start":{"line":21,"column":2},"end":{"line":21,"column":82}},"6":{"start":{"line":22,"column":2},"end":{"line":22,"column":78}},"7":{"start":{"line":23,"column":2},"end":{"line":23,"column":62}},"8":{"start":{"line":25,"column":2},"end":{"line":27,"column":3}},"9":{"start":{"line":26,"column":4},"end":{"line":26,"column":42}},"10":{"start":{"line":30,"column":2},"end":{"line":203,"column":4}},"11":{"start":{"line":32,"column":8},"end":{"line":32,"column":29}},"12":{"start":{"line":32,"column":20},"end":{"line":32,"column":27}},"13":{"start":{"line":33,"column":8},"end":{"line":33,"column":86}},"14":{"start":{"line":34,"column":8},"end":{"line":34,"column":96}},"15":{"start":{"line":35,"column":8},"end":{"line":35,"column":59}},"16":{"start":{"line":38,"column":8},"end":{"line":43,"column":9}},"17":{"start":{"line":39,"column":10},"end":{"line":39,"column":94}},"18":{"start":{"line":40,"column":10},"end":{"line":40,"column":56}},"19":{"start":{"line":42,"column":10},"end":{"line":42,"column":50}},"20":{"start":{"line":46,"column":8},"end":{"line":46,"column":29}},"21":{"start":{"line":47,"column":8},"end":{"line":47,"column":45}},"22":{"start":{"line":50,"column":8},"end":{"line":50,"column":55}},"23":{"start":{"line":51,"column":8},"end":{"line":51,"column":77}},"24":{"start":{"line":52,"column":8},"end":{"line":52,"column":68}},"25":{"start":{"line":53,"column":8},"end":{"line":53,"column":82}},"26":{"start":{"line":54,"column":8},"end":{"line":54,"column":86}},"27":{"start":{"line":55,"column":8},"end":{"line":55,"column":85}},"28":{"start":{"line":58,"column":8},"end":{"line":58,"column":57}},"29":{"start":{"line":61,"column":8},"end":{"line":61,"column":54}},"30":{"start":{"line":64,"column":8},"end":{"line":64,"column":65}},"31":{"start":{"line":67,"column":8},"end":{"line":67,"column":65}},"32":{"start":{"line":68,"column":8},"end":{"line":68,"column":67}},"33":{"start":{"line":71,"column":8},"end":{"line":75,"column":9}},"34":{"start":{"line":72,"column":10},"end":{"line":72,"column":54}},"35":{"start":{"line":74,"column":10},"end":{"line":74,"column":90}},"36":{"start":{"line":78,"column":8},"end":{"line":78,"column":88}},"37":{"start":{"line":81,"column":8},"end":{"line":81,"column":44}},"38":{"start":{"line":84,"column":8},"end":{"line":84,"column":44}},"39":{"start":{"line":87,"column":8},"end":{"line":87,"column":30}},"40":{"start":{"line":90,"column":8},"end":{"line":90,"column":31}},"41":{"start":{"line":93,"column":8},"end":{"line":93,"column":46}},"42":{"start":{"line":96,"column":8},"end":{"line":96,"column":63}},"43":{"start":{"line":99,"column":8},"end":{"line":99,"column":34}},"44":{"start":{"line":100,"column":8},"end":{"line":100,"column":70}},"45":{"start":{"line":101,"column":8},"end":{"line":101,"column":61}},"46":{"start":{"line":104,"column":8},"end":{"line":104,"column":91}},"47":{"start":{"line":107,"column":8},"end":{"line":107,"column":39}},"48":{"start":{"line":108,"column":8},"end":{"line":113,"column":11}},"49":{"start":{"line":109,"column":10},"end":{"line":112,"column":11}},"50":{"start":{"line":110,"column":12},"end":{"line":110,"column":38}},"51":{"start":{"line":111,"column":12},"end":{"line":111,"column":53}},"52":{"start":{"line":116,"column":8},"end":{"line":116,"column":68}},"53":{"start":{"line":119,"column":8},"end":{"line":119,"column":68}},"54":{"start":{"line":122,"column":8},"end":{"line":122,"column":68}},"55":{"start":{"line":125,"column":8},"end":{"line":125,"column":35}},"56":{"start":{"line":128,"column":8},"end":{"line":128,"column":39}},"57":{"start":{"line":131,"column":8},"end":{"line":131,"column":50}},"58":{"start":{"line":134,"column":8},"end":{"line":134,"column":52}},"59":{"start":{"line":137,"column":8},"end":{"line":137,"column":30}},"60":{"start":{"line":140,"column":9},"end":{"line":140,"column":79}},"61":{"start":{"line":141,"column":9},"end":{"line":176,"column":10}},"62":{"start":{"line":142,"column":12},"end":{"line":142,"column":61}},"63":{"start":{"line":143,"column":12},"end":{"line":145,"column":13}},"64":{"start":{"line":144,"column":16},"end":{"line":144,"column":111}},"65":{"start":{"line":146,"column":12},"end":{"line":175,"column":13}},"66":{"start":{"line":147,"column":15},"end":{"line":147,"column":22}},"67":{"start":{"line":148,"column":19},"end":{"line":175,"column":13}},"68":{"start":{"line":150,"column":15},"end":{"line":155,"column":16}},"69":{"start":{"line":151,"column":18},"end":{"line":154,"column":19}},"70":{"start":{"line":152,"column":20},"end":{"line":152,"column":42}},"71":{"start":{"line":153,"column":20},"end":{"line":153,"column":63}},"72":{"start":{"line":157,"column":15},"end":{"line":159,"column":16}},"73":{"start":{"line":158,"column":18},"end":{"line":158,"column":81}},"74":{"start":{"line":158,"column":40},"end":{"line":158,"column":79}},"75":{"start":{"line":160,"column":15},"end":{"line":160,"column":109}},"76":{"start":{"line":161,"column":15},"end":{"line":161,"column":26}},"77":{"start":{"line":163,"column":16},"end":{"line":174,"column":17}},"78":{"start":{"line":164,"column":20},"end":{"line":165,"column":72}},"79":{"start":{"line":166,"column":20},"end":{"line":170,"column":21}},"80":{"start":{"line":167,"column":24},"end":{"line":169,"column":25}},"81":{"start":{"line":168,"column":28},"end":{"line":168,"column":103}},"82":{"start":{"line":171,"column":20},"end":{"line":171,"column":111}},"83":{"start":{"line":173,"column":19},"end":{"line":173,"column":43}},"84":{"start":{"line":177,"column":9},"end":{"line":177,"column":21}},"85":{"start":{"line":180,"column":8},"end":{"line":180,"column":58}},"86":{"start":{"line":183,"column":8},"end":{"line":183,"column":57}},"87":{"start":{"line":186,"column":8},"end":{"line":186,"column":35}},"88":{"start":{"line":187,"column":8},"end":{"line":189,"column":9}},"89":{"start":{"line":188,"column":10},"end":{"line":188,"column":22}},"90":{"start":{"line":190,"column":8},"end":{"line":190,"column":54}},"91":{"start":{"line":191,"column":8},"end":{"line":191,"column":21}},"92":{"start":{"line":194,"column":8},"end":{"line":201,"column":11}},"93":{"start":{"line":195,"column":10},"end":{"line":195,"column":37}},"94":{"start":{"line":196,"column":10},"end":{"line":198,"column":11}},"95":{"start":{"line":197,"column":12},"end":{"line":197,"column":25}},"96":{"start":{"line":199,"column":10},"end":{"line":199,"column":56}},"97":{"start":{"line":200,"column":10},"end":{"line":200,"column":22}},"98":{"start":{"line":206,"column":0},"end":{"line":208,"column":1}}},"branchMap":{"1":{"line":17,"type":"binary-expr","locations":[{"start":{"line":17,"column":19},"end":{"line":17,"column":37}},{"start":{"line":17,"column":41},"end":{"line":17,"column":43}}]},"2":{"line":20,"type":"binary-expr","locations":[{"start":{"line":20,"column":33},"end":{"line":20,"column":61}},{"start":{"line":20,"column":65},"end":{"line":20,"column":67}}]},"3":{"line":21,"type":"binary-expr","locations":[{"start":{"line":21,"column":40},"end":{"line":21,"column":75}},{"start":{"line":21,"column":79},"end":{"line":21,"column":81}}]},"4":{"line":22,"type":"binary-expr","locations":[{"start":{"line":22,"column":38},"end":{"line":22,"column":71}},{"start":{"line":22,"column":75},"end":{"line":22,"column":77}}]},"5":{"line":23,"type":"binary-expr","locations":[{"start":{"line":23,"column":30},"end":{"line":23,"column":55}},{"start":{"line":23,"column":59},"end":{"line":23,"column":61}}]},"6":{"line":32,"type":"if","locations":[{"start":{"line":32,"column":8},"end":{"line":32,"column":8}},{"start":{"line":32,"column":8},"end":{"line":32,"column":8}}]},"7":{"line":33,"type":"binary-expr","locations":[{"start":{"line":33,"column":45},"end":{"line":33,"column":79}},{"start":{"line":33,"column":83},"end":{"line":33,"column":85}}]},"8":{"line":34,"type":"binary-expr","locations":[{"start":{"line":34,"column":50},"end":{"line":34,"column":89}},{"start":{"line":34,"column":93},"end":{"line":34,"column":95}}]},"9":{"line":38,"type":"if","locations":[{"start":{"line":38,"column":8},"end":{"line":38,"column":8}},{"start":{"line":38,"column":8},"end":{"line":38,"column":8}}]},"10":{"line":39,"type":"binary-expr","locations":[{"start":{"line":39,"column":50},"end":{"line":39,"column":87}},{"start":{"line":39,"column":91},"end":{"line":39,"column":93}}]},"11":{"line":55,"type":"cond-expr","locations":[{"start":{"line":55,"column":72},"end":{"line":55,"column":76}},{"start":{"line":55,"column":79},"end":{"line":55,"column":84}}]},"12":{"line":71,"type":"if","locations":[{"start":{"line":71,"column":8},"end":{"line":71,"column":8}},{"start":{"line":71,"column":8},"end":{"line":71,"column":8}}]},"13":{"line":74,"type":"binary-expr","locations":[{"start":{"line":74,"column":47},"end":{"line":74,"column":83}},{"start":{"line":74,"column":87},"end":{"line":74,"column":89}}]},"14":{"line":78,"type":"binary-expr","locations":[{"start":{"line":78,"column":45},"end":{"line":78,"column":81}},{"start":{"line":78,"column":85},"end":{"line":78,"column":87}}]},"15":{"line":96,"type":"cond-expr","locations":[{"start":{"line":96,"column":36},"end":{"line":96,"column":54}},{"start":{"line":96,"column":57},"end":{"line":96,"column":62}}]},"16":{"line":100,"type":"binary-expr","locations":[{"start":{"line":100,"column":37},"end":{"line":100,"column":63}},{"start":{"line":100,"column":67},"end":{"line":100,"column":69}}]},"17":{"line":104,"type":"binary-expr","locations":[{"start":{"line":104,"column":15},"end":{"line":104,"column":41}},{"start":{"line":104,"column":45},"end":{"line":104,"column":90}}]},"18":{"line":109,"type":"if","locations":[{"start":{"line":109,"column":10},"end":{"line":109,"column":10}},{"start":{"line":109,"column":10},"end":{"line":109,"column":10}}]},"19":{"line":140,"type":"binary-expr","locations":[{"start":{"line":140,"column":50},"end":{"line":140,"column":70}},{"start":{"line":140,"column":74},"end":{"line":140,"column":78}}]},"20":{"line":144,"type":"binary-expr","locations":[{"start":{"line":144,"column":23},"end":{"line":144,"column":27}},{"start":{"line":144,"column":32},"end":{"line":144,"column":60}},{"start":{"line":144,"column":64},"end":{"line":144,"column":73}},{"start":{"line":144,"column":77},"end":{"line":144,"column":109}}]},"21":{"line":146,"type":"if","locations":[{"start":{"line":146,"column":12},"end":{"line":146,"column":12}},{"start":{"line":146,"column":12},"end":{"line":146,"column":12}}]},"22":{"line":146,"type":"binary-expr","locations":[{"start":{"line":146,"column":15},"end":{"line":146,"column":19}},{"start":{"line":146,"column":23},"end":{"line":146,"column":32}}]},"23":{"line":148,"type":"if","locations":[{"start":{"line":148,"column":19},"end":{"line":148,"column":19}},{"start":{"line":148,"column":19},"end":{"line":148,"column":19}}]},"24":{"line":148,"type":"binary-expr","locations":[{"start":{"line":148,"column":22},"end":{"line":148,"column":26}},{"start":{"line":148,"column":30},"end":{"line":148,"column":40}}]},"25":{"line":151,"type":"if","locations":[{"start":{"line":151,"column":18},"end":{"line":151,"column":18}},{"start":{"line":151,"column":18},"end":{"line":151,"column":18}}]},"26":{"line":152,"type":"binary-expr","locations":[{"start":{"line":152,"column":29},"end":{"line":152,"column":35}},{"start":{"line":152,"column":39},"end":{"line":152,"column":41}}]},"27":{"line":158,"type":"if","locations":[{"start":{"line":158,"column":18},"end":{"line":158,"column":18}},{"start":{"line":158,"column":18},"end":{"line":158,"column":18}}]},"28":{"line":163,"type":"if","locations":[{"start":{"line":163,"column":16},"end":{"line":163,"column":16}},{"start":{"line":163,"column":16},"end":{"line":163,"column":16}}]},"29":{"line":167,"type":"if","locations":[{"start":{"line":167,"column":24},"end":{"line":167,"column":24}},{"start":{"line":167,"column":24},"end":{"line":167,"column":24}}]},"30":{"line":167,"type":"binary-expr","locations":[{"start":{"line":167,"column":27},"end":{"line":167,"column":56}},{"start":{"line":167,"column":60},"end":{"line":167,"column":91}},{"start":{"line":167,"column":95},"end":{"line":167,"column":136}}]},"31":{"line":187,"type":"if","locations":[{"start":{"line":187,"column":8},"end":{"line":187,"column":8}},{"start":{"line":187,"column":8},"end":{"line":187,"column":8}}]},"32":{"line":196,"type":"if","locations":[{"start":{"line":196,"column":10},"end":{"line":196,"column":10}},{"start":{"line":196,"column":10},"end":{"line":196,"column":10}}]}}},"/Users/cliftonc/work/parxer/lib/void.js":{"path":"/Users/cliftonc/work/parxer/lib/void.js","s":{"1":1},"b":{},"f":{},"fnMap":{},"statementMap":{"1":{"start":{"line":6,"column":0},"end":{"line":36,"column":1}}},"branchMap":{}},"/Users/cliftonc/work/parxer/lib/attr.js":{"path":"/Users/cliftonc/work/parxer/lib/attr.js","s":{"1":1,"2":1,"3":1,"4":715,"5":0,"6":715,"7":162,"8":553,"9":0,"10":553,"11":1,"12":23,"13":51,"14":1,"15":24,"16":24,"17":84,"18":84,"19":84,"20":28,"21":28,"22":24,"23":1,"24":23,"25":26,"26":3,"27":23,"28":1},"b":{"1":[0,715],"2":[162,553],"3":[0,553],"4":[23,0],"5":[51,27],"6":[28,56],"7":[3,23]},"f":{"1":715,"2":23,"3":51,"4":24,"5":84,"6":23,"7":26},"fnMap":{"1":{"name":"getAttr","line":6,"loc":{"start":{"line":6,"column":0},"end":{"line":6,"column":30}}},"2":{"name":"getAttrStartingWith","line":19,"loc":{"start":{"line":19,"column":0},"end":{"line":19,"column":42}}},"3":{"name":"(anonymous_3)","line":21,"loc":{"start":{"line":21,"column":12},"end":{"line":21,"column":33}}},"4":{"name":"parseAttribs","line":26,"loc":{"start":{"line":26,"column":0},"end":{"line":26,"column":54}}},"5":{"name":"(anonymous_5)","line":28,"loc":{"start":{"line":28,"column":24},"end":{"line":28,"column":41}}},"6":{"name":"getSuffixes","line":39,"loc":{"start":{"line":39,"column":0},"end":{"line":39,"column":41}}},"7":{"name":"(anonymous_7)","line":40,"loc":{"start":{"line":40,"column":31},"end":{"line":40,"column":47}}}},"statementMap":{"1":{"start":{"line":3,"column":0},"end":{"line":3,"column":29}},"2":{"start":{"line":4,"column":0},"end":{"line":4,"column":26}},"3":{"start":{"line":6,"column":0},"end":{"line":17,"column":1}},"4":{"start":{"line":7,"column":2},"end":{"line":9,"column":3}},"5":{"start":{"line":8,"column":4},"end":{"line":8,"column":16}},"6":{"start":{"line":10,"column":2},"end":{"line":12,"column":3}},"7":{"start":{"line":11,"column":4},"end":{"line":11,"column":16}},"8":{"start":{"line":13,"column":2},"end":{"line":15,"column":3}},"9":{"start":{"line":14,"column":4},"end":{"line":14,"column":26}},"10":{"start":{"line":16,"column":2},"end":{"line":16,"column":14}},"11":{"start":{"line":19,"column":0},"end":{"line":24,"column":1}},"12":{"start":{"line":20,"column":2},"end":{"line":23,"column":7}},"13":{"start":{"line":22,"column":6},"end":{"line":22,"column":90}},"14":{"start":{"line":26,"column":0},"end":{"line":37,"column":1}},"15":{"start":{"line":27,"column":2},"end":{"line":27,"column":29}},"16":{"start":{"line":28,"column":2},"end":{"line":35,"column":5}},"17":{"start":{"line":29,"column":6},"end":{"line":29,"column":58}},"18":{"start":{"line":30,"column":6},"end":{"line":30,"column":40}},"19":{"start":{"line":31,"column":6},"end":{"line":34,"column":7}},"20":{"start":{"line":32,"column":8},"end":{"line":32,"column":37}},"21":{"start":{"line":33,"column":8},"end":{"line":33,"column":80}},"22":{"start":{"line":36,"column":2},"end":{"line":36,"column":17}},"23":{"start":{"line":39,"column":0},"end":{"line":46,"column":1}},"24":{"start":{"line":40,"column":2},"end":{"line":45,"column":6}},"25":{"start":{"line":41,"column":4},"end":{"line":43,"column":5}},"26":{"start":{"line":42,"column":6},"end":{"line":42,"column":51}},"27":{"start":{"line":44,"column":4},"end":{"line":44,"column":39}},"28":{"start":{"line":48,"column":0},"end":{"line":53,"column":2}}},"branchMap":{"1":{"line":7,"type":"if","locations":[{"start":{"line":7,"column":2},"end":{"line":7,"column":2}},{"start":{"line":7,"column":2},"end":{"line":7,"column":2}}]},"2":{"line":10,"type":"if","locations":[{"start":{"line":10,"column":2},"end":{"line":10,"column":2}},{"start":{"line":10,"column":2},"end":{"line":10,"column":2}}]},"3":{"line":13,"type":"if","locations":[{"start":{"line":13,"column":2},"end":{"line":13,"column":2}},{"start":{"line":13,"column":2},"end":{"line":13,"column":2}}]},"4":{"line":20,"type":"binary-expr","locations":[{"start":{"line":20,"column":21},"end":{"line":20,"column":26}},{"start":{"line":20,"column":30},"end":{"line":20,"column":32}}]},"5":{"line":22,"type":"binary-expr","locations":[{"start":{"line":22,"column":14},"end":{"line":22,"column":43}},{"start":{"line":22,"column":49},"end":{"line":22,"column":88}}]},"6":{"line":31,"type":"if","locations":[{"start":{"line":31,"column":6},"end":{"line":31,"column":6}},{"start":{"line":31,"column":6},"end":{"line":31,"column":6}}]},"7":{"line":41,"type":"if","locations":[{"start":{"line":41,"column":4},"end":{"line":41,"column":4}},{"start":{"line":41,"column":4},"end":{"line":41,"column":4}}]}}},"/Users/cliftonc/work/parxer/Plugins.js":{"path":"/Users/cliftonc/work/parxer/Plugins.js","s":{"1":1},"b":{},"f":{},"fnMap":{},"statementMap":{"1":{"start":{"line":1,"column":0},"end":{"line":12,"column":2}}},"branchMap":{}},"/Users/cliftonc/work/parxer/lib/plugins/url.js":{"path":"/Users/cliftonc/work/parxer/lib/plugins/url.js","s":{"1":1,"2":1,"3":1,"4":1,"5":1,"6":16,"7":2,"8":4,"9":4,"10":2,"11":3,"12":0,"13":1,"14":18,"15":1,"16":22,"17":22,"18":22,"19":22,"20":22,"21":22,"22":22,"23":22,"24":4,"25":18,"26":22,"27":18,"28":22,"29":66,"30":18,"31":18,"32":4,"33":14,"34":14,"35":18,"36":18,"37":22,"38":22,"39":22,"40":22,"41":22,"42":22,"43":22,"44":22,"45":0,"46":22,"47":0,"48":22,"49":0,"50":22,"51":0,"52":22,"53":22,"54":18,"55":18,"56":18,"57":18,"58":18,"59":1,"60":22,"61":18},"b":{"1":[22,20],"2":[22,0],"3":[4,18],"4":[22,18],"5":[4,14],"6":[18,15],"7":[0,22],"8":[0,22],"9":[0,22],"10":[0,22]},"f":{"1":16,"2":2,"3":4,"4":4,"5":3,"6":0,"7":18,"8":22,"9":22,"10":22,"11":66,"12":18,"13":22,"14":18,"15":22},"fnMap":{"1":{"name":"(anonymous_1)","line":9,"loc":{"start":{"line":9,"column":11},"end":{"line":9,"column":31}}},"2":{"name":"(anonymous_2)","line":12,"loc":{"start":{"line":12,"column":21},"end":{"line":12,"column":47}}},"3":{"name":"(anonymous_3)","line":13,"loc":{"start":{"line":13,"column":57},"end":{"line":13,"column":77}}},"4":{"name":"(anonymous_4)","line":14,"loc":{"start":{"line":14,"column":11},"end":{"line":14,"column":31}}},"5":{"name":"(anonymous_5)","line":17,"loc":{"start":{"line":17,"column":34},"end":{"line":17,"column":53}}},"6":{"name":"(anonymous_6)","line":21,"loc":{"start":{"line":21,"column":10},"end":{"line":21,"column":30}}},"7":{"name":"(anonymous_7)","line":26,"loc":{"start":{"line":26,"column":17},"end":{"line":26,"column":36}}},"8":{"name":"matchUrl","line":34,"loc":{"start":{"line":34,"column":2},"end":{"line":34,"column":53}}},"9":{"name":"(anonymous_9)","line":48,"loc":{"start":{"line":48,"column":57},"end":{"line":48,"column":75}}},"10":{"name":"(anonymous_10)","line":58,"loc":{"start":{"line":58,"column":58},"end":{"line":58,"column":76}}},"11":{"name":"(anonymous_11)","line":59,"loc":{"start":{"line":59,"column":31},"end":{"line":59,"column":49}}},"12":{"name":"(anonymous_12)","line":72,"loc":{"start":{"line":72,"column":53},"end":{"line":72,"column":79}}},"13":{"name":"(anonymous_13)","line":73,"loc":{"start":{"line":73,"column":48},"end":{"line":73,"column":77}}},"14":{"name":"(anonymous_14)","line":97,"loc":{"start":{"line":97,"column":36},"end":{"line":97,"column":61}}},"15":{"name":"match","line":107,"loc":{"start":{"line":107,"column":2},"end":{"line":107,"column":50}}}},"statementMap":{"1":{"start":{"line":3,"column":0},"end":{"line":3,"column":30}},"2":{"start":{"line":4,"column":0},"end":{"line":4,"column":30}},"3":{"start":{"line":5,"column":0},"end":{"line":5,"column":26}},"4":{"start":{"line":6,"column":0},"end":{"line":6,"column":29}},"5":{"start":{"line":8,"column":0},"end":{"line":24,"column":2}},"6":{"start":{"line":10,"column":4},"end":{"line":10,"column":29}},"7":{"start":{"line":13,"column":4},"end":{"line":16,"column":9}},"8":{"start":{"line":13,"column":79},"end":{"line":13,"column":98}},"9":{"start":{"line":15,"column":8},"end":{"line":15,"column":27}},"10":{"start":{"line":17,"column":4},"end":{"line":19,"column":7}},"11":{"start":{"line":18,"column":6},"end":{"line":18,"column":29}},"12":{"start":{"line":22,"column":4},"end":{"line":22,"column":30}},"13":{"start":{"line":26,"column":0},"end":{"line":117,"column":1}},"14":{"start":{"line":28,"column":2},"end":{"line":28,"column":55}},"15":{"start":{"line":34,"column":2},"end":{"line":105,"column":3}},"16":{"start":{"line":35,"column":4},"end":{"line":35,"column":77}},"17":{"start":{"line":36,"column":4},"end":{"line":36,"column":82}},"18":{"start":{"line":37,"column":4},"end":{"line":37,"column":73}},"19":{"start":{"line":38,"column":4},"end":{"line":38,"column":58}},"20":{"start":{"line":39,"column":4},"end":{"line":39,"column":78}},"21":{"start":{"line":41,"column":4},"end":{"line":41,"column":81}},"22":{"start":{"line":42,"column":4},"end":{"line":42,"column":86}},"23":{"start":{"line":44,"column":4},"end":{"line":46,"column":5}},"24":{"start":{"line":45,"column":6},"end":{"line":45,"column":19}},"25":{"start":{"line":48,"column":4},"end":{"line":56,"column":7}},"26":{"start":{"line":49,"column":6},"end":{"line":55,"column":8}},"27":{"start":{"line":58,"column":4},"end":{"line":62,"column":8}},"28":{"start":{"line":59,"column":6},"end":{"line":61,"column":9}},"29":{"start":{"line":60,"column":8},"end":{"line":60,"column":31}},"30":{"start":{"line":64,"column":4},"end":{"line":64,"column":63}},"31":{"start":{"line":65,"column":4},"end":{"line":70,"column":5}},"32":{"start":{"line":66,"column":6},"end":{"line":66,"column":39}},"33":{"start":{"line":68,"column":6},"end":{"line":68,"column":49}},"34":{"start":{"line":69,"column":6},"end":{"line":69,"column":56}},"35":{"start":{"line":72,"column":4},"end":{"line":101,"column":7}},"36":{"start":{"line":73,"column":6},"end":{"line":95,"column":9}},"37":{"start":{"line":74,"column":8},"end":{"line":74,"column":62}},"38":{"start":{"line":75,"column":8},"end":{"line":75,"column":74}},"39":{"start":{"line":76,"column":8},"end":{"line":76,"column":72}},"40":{"start":{"line":77,"column":8},"end":{"line":77,"column":71}},"41":{"start":{"line":78,"column":8},"end":{"line":78,"column":62}},"42":{"start":{"line":79,"column":8},"end":{"line":79,"column":70}},"43":{"start":{"line":80,"column":8},"end":{"line":80,"column":65}},"44":{"start":{"line":81,"column":8},"end":{"line":83,"column":9}},"45":{"start":{"line":82,"column":10},"end":{"line":82,"column":48}},"46":{"start":{"line":84,"column":8},"end":{"line":86,"column":9}},"47":{"start":{"line":85,"column":10},"end":{"line":85,"column":45}},"48":{"start":{"line":87,"column":8},"end":{"line":89,"column":9}},"49":{"start":{"line":88,"column":10},"end":{"line":88,"column":37}},"50":{"start":{"line":90,"column":8},"end":{"line":92,"column":9}},"51":{"start":{"line":91,"column":10},"end":{"line":91,"column":46}},"52":{"start":{"line":93,"column":8},"end":{"line":93,"column":65}},"53":{"start":{"line":94,"column":8},"end":{"line":94,"column":60}},"54":{"start":{"line":97,"column":6},"end":{"line":100,"column":9}},"55":{"start":{"line":98,"column":8},"end":{"line":98,"column":71}},"56":{"start":{"line":99,"column":8},"end":{"line":99,"column":27}},"57":{"start":{"line":103,"column":4},"end":{"line":103,"column":77}},"58":{"start":{"line":104,"column":4},"end":{"line":104,"column":16}},"59":{"start":{"line":107,"column":2},"end":{"line":109,"column":3}},"60":{"start":{"line":108,"column":4},"end":{"line":108,"column":53}},"61":{"start":{"line":111,"column":2},"end":{"line":115,"column":4}}},"branchMap":{"1":{"line":38,"type":"binary-expr","locations":[{"start":{"line":38,"column":23},"end":{"line":38,"column":44}},{"start":{"line":38,"column":48},"end":{"line":38,"column":57}}]},"2":{"line":39,"type":"binary-expr","locations":[{"start":{"line":39,"column":27},"end":{"line":39,"column":53}},{"start":{"line":39,"column":57},"end":{"line":39,"column":77}}]},"3":{"line":44,"type":"if","locations":[{"start":{"line":44,"column":4},"end":{"line":44,"column":4}},{"start":{"line":44,"column":4},"end":{"line":44,"column":4}}]},"4":{"line":44,"type":"binary-expr","locations":[{"start":{"line":44,"column":8},"end":{"line":44,"column":29}},{"start":{"line":44,"column":33},"end":{"line":44,"column":49}}]},"5":{"line":65,"type":"if","locations":[{"start":{"line":65,"column":4},"end":{"line":65,"column":4}},{"start":{"line":65,"column":4},"end":{"line":65,"column":4}}]},"6":{"line":65,"type":"binary-expr","locations":[{"start":{"line":65,"column":8},"end":{"line":65,"column":24}},{"start":{"line":65,"column":28},"end":{"line":65,"column":55}}]},"7":{"line":81,"type":"if","locations":[{"start":{"line":81,"column":8},"end":{"line":81,"column":8}},{"start":{"line":81,"column":8},"end":{"line":81,"column":8}}]},"8":{"line":84,"type":"if","locations":[{"start":{"line":84,"column":8},"end":{"line":84,"column":8}},{"start":{"line":84,"column":8},"end":{"line":84,"column":8}}]},"9":{"line":87,"type":"if","locations":[{"start":{"line":87,"column":8},"end":{"line":87,"column":8}},{"start":{"line":87,"column":8},"end":{"line":87,"column":8}}]},"10":{"line":90,"type":"if","locations":[{"start":{"line":90,"column":8},"end":{"line":90,"column":8}},{"start":{"line":90,"column":8},"end":{"line":90,"column":8}}]}}},"/Users/cliftonc/work/parxer/lib/plugins/test.js":{"path":"/Users/cliftonc/work/parxer/lib/plugins/test.js","s":{"1":1,"2":1,"3":1,"4":3,"5":3,"6":3,"7":2,"8":2,"9":2,"10":2,"11":1},"b":{"1":[2,1],"2":[3,2]},"f":{"1":3},"fnMap":{"1":{"name":"match","line":6,"loc":{"start":{"line":6,"column":0},"end":{"line":6,"column":48}}}},"statementMap":{"1":{"start":{"line":3,"column":0},"end":{"line":3,"column":30}},"2":{"start":{"line":4,"column":0},"end":{"line":4,"column":30}},"3":{"start":{"line":6,"column":0},"end":{"line":16,"column":1}},"4":{"start":{"line":7,"column":2},"end":{"line":7,"column":63}},"5":{"start":{"line":8,"column":2},"end":{"line":8,"column":72}},"6":{"start":{"line":10,"column":2},"end":{"line":15,"column":3}},"7":{"start":{"line":11,"column":4},"end":{"line":11,"column":48}},"8":{"start":{"line":12,"column":4},"end":{"line":12,"column":54}},"9":{"start":{"line":13,"column":4},"end":{"line":13,"column":70}},"10":{"start":{"line":14,"column":4},"end":{"line":14,"column":16}},"11":{"start":{"line":18,"column":0},"end":{"line":21,"column":2}}},"branchMap":{"1":{"line":10,"type":"if","locations":[{"start":{"line":10,"column":2},"end":{"line":10,"column":2}},{"start":{"line":10,"column":2},"end":{"line":10,"column":2}}]},"2":{"line":10,"type":"binary-expr","locations":[{"start":{"line":10,"column":6},"end":{"line":10,"column":14}},{"start":{"line":10,"column":18},"end":{"line":10,"column":31}}]}}},"/Users/cliftonc/work/parxer/lib/plugins/if.js":{"path":"/Users/cliftonc/work/parxer/lib/plugins/if.js","s":{"1":1,"2":1,"3":1,"4":11,"5":11,"6":11,"7":11,"8":11,"9":5,"10":6,"11":6,"12":1,"13":1,"14":1,"15":5,"16":5,"17":3,"18":2,"19":2,"20":5,"21":1},"b":{"1":[5,6],"2":[11,6],"3":[1,5],"4":[3,2],"5":[5,3]},"f":{"1":11},"fnMap":{"1":{"name":"match","line":6,"loc":{"start":{"line":6,"column":0},"end":{"line":6,"column":48}}}},"statementMap":{"1":{"start":{"line":3,"column":0},"end":{"line":3,"column":30}},"2":{"start":{"line":4,"column":0},"end":{"line":4,"column":30}},"3":{"start":{"line":6,"column":0},"end":{"line":34,"column":1}},"4":{"start":{"line":7,"column":2},"end":{"line":7,"column":59}},"5":{"start":{"line":8,"column":2},"end":{"line":8,"column":70}},"6":{"start":{"line":9,"column":2},"end":{"line":9,"column":73}},"7":{"start":{"line":10,"column":2},"end":{"line":10,"column":80}},"8":{"start":{"line":12,"column":2},"end":{"line":14,"column":3}},"9":{"start":{"line":13,"column":4},"end":{"line":13,"column":17}},"10":{"start":{"line":16,"column":2},"end":{"line":16,"column":90}},"11":{"start":{"line":18,"column":2},"end":{"line":22,"column":3}},"12":{"start":{"line":19,"column":4},"end":{"line":19,"column":40}},"13":{"start":{"line":20,"column":4},"end":{"line":20,"column":37}},"14":{"start":{"line":21,"column":4},"end":{"line":21,"column":16}},"15":{"start":{"line":25,"column":2},"end":{"line":25,"column":37}},"16":{"start":{"line":26,"column":2},"end":{"line":31,"column":3}},"17":{"start":{"line":27,"column":4},"end":{"line":27,"column":37}},"18":{"start":{"line":29,"column":4},"end":{"line":29,"column":46}},"19":{"start":{"line":30,"column":4},"end":{"line":30,"column":54}},"20":{"start":{"line":33,"column":2},"end":{"line":33,"column":14}},"21":{"start":{"line":36,"column":0},"end":{"line":39,"column":2}}},"branchMap":{"1":{"line":12,"type":"if","locations":[{"start":{"line":12,"column":2},"end":{"line":12,"column":2}},{"start":{"line":12,"column":2},"end":{"line":12,"column":2}}]},"2":{"line":12,"type":"binary-expr","locations":[{"start":{"line":12,"column":6},"end":{"line":12,"column":13}},{"start":{"line":12,"column":17},"end":{"line":12,"column":32}}]},"3":{"line":18,"type":"if","locations":[{"start":{"line":18,"column":2},"end":{"line":18,"column":2}},{"start":{"line":18,"column":2},"end":{"line":18,"column":2}}]},"4":{"line":26,"type":"if","locations":[{"start":{"line":26,"column":2},"end":{"line":26,"column":2}},{"start":{"line":26,"column":2},"end":{"line":26,"column":2}}]},"5":{"line":26,"type":"binary-expr","locations":[{"start":{"line":26,"column":5},"end":{"line":26,"column":21}},{"start":{"line":26,"column":25},"end":{"line":26,"column":52}}]}}},"/Users/cliftonc/work/parxer/lib/plugins/bundle.js":{"path":"/Users/cliftonc/work/parxer/lib/plugins/bundle.js","s":{"1":1,"2":1,"3":1,"4":1,"5":15,"6":1,"7":34,"8":1,"9":17,"10":17,"11":17,"12":17,"13":1,"14":19,"15":19,"16":19,"17":19,"18":19,"19":19,"20":19,"21":19,"22":19,"23":19,"24":3,"25":16,"26":0,"27":16,"28":0,"29":0,"30":16,"31":16,"32":16,"33":16,"34":17,"35":0,"36":17,"37":17,"38":17,"39":17,"40":0,"41":17,"42":17,"43":2,"44":2,"45":17,"46":17,"47":17,"48":17,"49":17,"50":17,"51":1,"52":17,"53":17,"54":17,"55":17,"56":7,"57":10,"58":10,"59":17,"60":1,"61":16,"62":16,"63":1,"64":1,"65":15,"66":15,"67":0,"68":0,"69":0,"70":0,"71":15,"72":15,"73":15,"74":1,"75":1,"76":1,"77":1,"78":15,"79":1,"80":1,"81":14,"82":16,"83":1,"84":19,"85":15},"b":{"1":[2,15],"2":[3,16],"3":[19,16],"4":[0,16],"5":[16,16],"6":[0,16],"7":[1,15],"8":[0,17],"9":[0,17],"10":[17,17],"11":[0,0],"12":[2,15],"13":[17,2],"14":[1,16],"15":[7,10],"16":[17,10],"17":[1,16],"18":[1,15],"19":[0,15],"20":[15,15],"21":[0,0],"22":[0,0],"23":[1,14],"24":[0,1],"25":[1,14],"26":[1,0]},"f":{"1":15,"2":34,"3":17,"4":19,"5":17,"6":15,"7":19},"fnMap":{"1":{"name":"(anonymous_1)","line":7,"loc":{"start":{"line":7,"column":17},"end":{"line":7,"column":35}}},"2":{"name":"makeBundleKey","line":11,"loc":{"start":{"line":11,"column":2},"end":{"line":11,"column":33}}},"3":{"name":"makeDirectAssetUrl","line":15,"loc":{"start":{"line":15,"column":2},"end":{"line":15,"column":65}}},"4":{"name":"matchBundles","line":34,"loc":{"start":{"line":34,"column":2},"end":{"line":34,"column":57}}},"5":{"name":"(anonymous_5)","line":65,"loc":{"start":{"line":65,"column":27},"end":{"line":65,"column":48}}},"6":{"name":"(anonymous_6)","line":130,"loc":{"start":{"line":130,"column":63},"end":{"line":130,"column":88}}},"7":{"name":"match","line":165,"loc":{"start":{"line":165,"column":2},"end":{"line":165,"column":50}}}},"statementMap":{"1":{"start":{"line":3,"column":0},"end":{"line":3,"column":30}},"2":{"start":{"line":4,"column":0},"end":{"line":4,"column":26}},"3":{"start":{"line":5,"column":0},"end":{"line":5,"column":30}},"4":{"start":{"line":7,"column":0},"end":{"line":175,"column":1}},"5":{"start":{"line":9,"column":2},"end":{"line":9,"column":55}},"6":{"start":{"line":11,"column":2},"end":{"line":13,"column":3}},"7":{"start":{"line":12,"column":4},"end":{"line":12,"column":47}},"8":{"start":{"line":15,"column":2},"end":{"line":25,"column":3}},"9":{"start":{"line":16,"column":4},"end":{"line":16,"column":42}},"10":{"start":{"line":19,"column":4},"end":{"line":20,"column":208}},"11":{"start":{"line":22,"column":4},"end":{"line":22,"column":117}},"12":{"start":{"line":24,"column":4},"end":{"line":24,"column":26}},"13":{"start":{"line":34,"column":2},"end":{"line":163,"column":3}},"14":{"start":{"line":36,"column":4},"end":{"line":36,"column":71}},"15":{"start":{"line":37,"column":4},"end":{"line":37,"column":80}},"16":{"start":{"line":38,"column":4},"end":{"line":38,"column":56}},"17":{"start":{"line":39,"column":4},"end":{"line":39,"column":82}},"18":{"start":{"line":40,"column":4},"end":{"line":40,"column":69}},"19":{"start":{"line":41,"column":4},"end":{"line":41,"column":78}},"20":{"start":{"line":42,"column":4},"end":{"line":42,"column":78}},"21":{"start":{"line":43,"column":4},"end":{"line":43,"column":46}},"22":{"start":{"line":44,"column":4},"end":{"line":44,"column":40}},"23":{"start":{"line":46,"column":4},"end":{"line":48,"column":5}},"24":{"start":{"line":47,"column":6},"end":{"line":47,"column":19}},"25":{"start":{"line":51,"column":4},"end":{"line":53,"column":5}},"26":{"start":{"line":52,"column":6},"end":{"line":52,"column":19}},"27":{"start":{"line":55,"column":4},"end":{"line":58,"column":5}},"28":{"start":{"line":56,"column":6},"end":{"line":56,"column":34}},"29":{"start":{"line":57,"column":6},"end":{"line":57,"column":40}},"30":{"start":{"line":60,"column":4},"end":{"line":60,"column":33}},"31":{"start":{"line":61,"column":4},"end":{"line":61,"column":96}},"32":{"start":{"line":63,"column":4},"end":{"line":63,"column":60}},"33":{"start":{"line":65,"column":4},"end":{"line":160,"column":7}},"34":{"start":{"line":66,"column":6},"end":{"line":69,"column":7}},"35":{"start":{"line":68,"column":8},"end":{"line":68,"column":15}},"36":{"start":{"line":71,"column":6},"end":{"line":71,"column":34}},"37":{"start":{"line":72,"column":6},"end":{"line":72,"column":46}},"38":{"start":{"line":73,"column":6},"end":{"line":76,"column":8}},"39":{"start":{"line":78,"column":6},"end":{"line":80,"column":7}},"40":{"start":{"line":79,"column":8},"end":{"line":79,"column":103}},"41":{"start":{"line":82,"column":6},"end":{"line":82,"column":51}},"42":{"start":{"line":83,"column":6},"end":{"line":86,"column":7}},"43":{"start":{"line":84,"column":8},"end":{"line":84,"column":41}},"44":{"start":{"line":85,"column":8},"end":{"line":85,"column":44}},"45":{"start":{"line":88,"column":6},"end":{"line":88,"column":43}},"46":{"start":{"line":90,"column":6},"end":{"line":90,"column":46}},"47":{"start":{"line":93,"column":6},"end":{"line":93,"column":40}},"48":{"start":{"line":96,"column":6},"end":{"line":96,"column":44}},"49":{"start":{"line":99,"column":6},"end":{"line":99,"column":87}},"50":{"start":{"line":100,"column":6},"end":{"line":102,"column":7}},"51":{"start":{"line":101,"column":8},"end":{"line":101,"column":40}},"52":{"start":{"line":104,"column":6},"end":{"line":104,"column":81}},"53":{"start":{"line":106,"column":6},"end":{"line":106,"column":65}},"54":{"start":{"line":107,"column":6},"end":{"line":107,"column":40}},"55":{"start":{"line":109,"column":6},"end":{"line":114,"column":7}},"56":{"start":{"line":110,"column":10},"end":{"line":110,"column":43}},"57":{"start":{"line":112,"column":10},"end":{"line":112,"column":57}},"58":{"start":{"line":113,"column":10},"end":{"line":113,"column":60}},"59":{"start":{"line":116,"column":6},"end":{"line":118,"column":7}},"60":{"start":{"line":117,"column":8},"end":{"line":117,"column":15}},"61":{"start":{"line":120,"column":6},"end":{"line":120,"column":55}},"62":{"start":{"line":122,"column":6},"end":{"line":158,"column":7}},"63":{"start":{"line":125,"column":8},"end":{"line":125,"column":48}},"64":{"start":{"line":126,"column":8},"end":{"line":126,"column":116}},"65":{"start":{"line":130,"column":8},"end":{"line":157,"column":11}},"66":{"start":{"line":131,"column":10},"end":{"line":138,"column":11}},"67":{"start":{"line":133,"column":12},"end":{"line":133,"column":93}},"68":{"start":{"line":134,"column":12},"end":{"line":137,"column":13}},"69":{"start":{"line":135,"column":14},"end":{"line":135,"column":109}},"70":{"start":{"line":136,"column":14},"end":{"line":136,"column":85}},"71":{"start":{"line":140,"column":10},"end":{"line":140,"column":53}},"72":{"start":{"line":141,"column":10},"end":{"line":141,"column":103}},"73":{"start":{"line":143,"column":10},"end":{"line":149,"column":11}},"74":{"start":{"line":145,"column":12},"end":{"line":145,"column":62}},"75":{"start":{"line":146,"column":12},"end":{"line":146,"column":77}},"76":{"start":{"line":147,"column":12},"end":{"line":147,"column":67}},"77":{"start":{"line":148,"column":12},"end":{"line":148,"column":69}},"78":{"start":{"line":150,"column":10},"end":{"line":155,"column":11}},"79":{"start":{"line":151,"column":12},"end":{"line":151,"column":63}},"80":{"start":{"line":152,"column":12},"end":{"line":152,"column":74}},"81":{"start":{"line":154,"column":12},"end":{"line":154,"column":84}},"82":{"start":{"line":162,"column":4},"end":{"line":162,"column":16}},"83":{"start":{"line":165,"column":2},"end":{"line":167,"column":3}},"84":{"start":{"line":166,"column":4},"end":{"line":166,"column":57}},"85":{"start":{"line":169,"column":2},"end":{"line":173,"column":4}}},"branchMap":{"1":{"line":19,"type":"cond-expr","locations":[{"start":{"line":19,"column":41},"end":{"line":19,"column":55}},{"start":{"line":20,"column":6},"end":{"line":20,"column":207}}]},"2":{"line":46,"type":"if","locations":[{"start":{"line":46,"column":4},"end":{"line":46,"column":4}},{"start":{"line":46,"column":4},"end":{"line":46,"column":4}}]},"3":{"line":46,"type":"binary-expr","locations":[{"start":{"line":46,"column":8},"end":{"line":46,"column":20}},{"start":{"line":46,"column":24},"end":{"line":46,"column":39}}]},"4":{"line":51,"type":"if","locations":[{"start":{"line":51,"column":4},"end":{"line":51,"column":4}},{"start":{"line":51,"column":4},"end":{"line":51,"column":4}}]},"5":{"line":51,"type":"binary-expr","locations":[{"start":{"line":51,"column":7},"end":{"line":51,"column":18}},{"start":{"line":51,"column":22},"end":{"line":51,"column":37}}]},"6":{"line":55,"type":"if","locations":[{"start":{"line":55,"column":4},"end":{"line":55,"column":4}},{"start":{"line":55,"column":4},"end":{"line":55,"column":4}}]},"7":{"line":63,"type":"cond-expr","locations":[{"start":{"line":63,"column":35},"end":{"line":63,"column":48}},{"start":{"line":63,"column":51},"end":{"line":63,"column":59}}]},"8":{"line":66,"type":"if","locations":[{"start":{"line":66,"column":6},"end":{"line":66,"column":6}},{"start":{"line":66,"column":6},"end":{"line":66,"column":6}}]},"9":{"line":78,"type":"if","locations":[{"start":{"line":78,"column":6},"end":{"line":78,"column":6}},{"start":{"line":78,"column":6},"end":{"line":78,"column":6}}]},"10":{"line":78,"type":"binary-expr","locations":[{"start":{"line":78,"column":10},"end":{"line":78,"column":20}},{"start":{"line":78,"column":24},"end":{"line":78,"column":49}}]},"11":{"line":79,"type":"binary-expr","locations":[{"start":{"line":79,"column":25},"end":{"line":79,"column":84}},{"start":{"line":79,"column":88},"end":{"line":79,"column":102}}]},"12":{"line":83,"type":"if","locations":[{"start":{"line":83,"column":6},"end":{"line":83,"column":6}},{"start":{"line":83,"column":6},"end":{"line":83,"column":6}}]},"13":{"line":99,"type":"binary-expr","locations":[{"start":{"line":99,"column":28},"end":{"line":99,"column":47}},{"start":{"line":99,"column":51},"end":{"line":99,"column":86}}]},"14":{"line":100,"type":"if","locations":[{"start":{"line":100,"column":6},"end":{"line":100,"column":6}},{"start":{"line":100,"column":6},"end":{"line":100,"column":6}}]},"15":{"line":109,"type":"if","locations":[{"start":{"line":109,"column":6},"end":{"line":109,"column":6}},{"start":{"line":109,"column":6},"end":{"line":109,"column":6}}]},"16":{"line":109,"type":"binary-expr","locations":[{"start":{"line":109,"column":9},"end":{"line":109,"column":25}},{"start":{"line":109,"column":29},"end":{"line":109,"column":56}}]},"17":{"line":116,"type":"if","locations":[{"start":{"line":116,"column":6},"end":{"line":116,"column":6}},{"start":{"line":116,"column":6},"end":{"line":116,"column":6}}]},"18":{"line":122,"type":"if","locations":[{"start":{"line":122,"column":6},"end":{"line":122,"column":6}},{"start":{"line":122,"column":6},"end":{"line":122,"column":6}}]},"19":{"line":131,"type":"if","locations":[{"start":{"line":131,"column":10},"end":{"line":131,"column":10}},{"start":{"line":131,"column":10},"end":{"line":131,"column":10}}]},"20":{"line":131,"type":"binary-expr","locations":[{"start":{"line":131,"column":14},"end":{"line":131,"column":24}},{"start":{"line":131,"column":28},"end":{"line":131,"column":53}}]},"21":{"line":134,"type":"if","locations":[{"start":{"line":134,"column":12},"end":{"line":134,"column":12}},{"start":{"line":134,"column":12},"end":{"line":134,"column":12}}]},"22":{"line":135,"type":"binary-expr","locations":[{"start":{"line":135,"column":31},"end":{"line":135,"column":90}},{"start":{"line":135,"column":94},"end":{"line":135,"column":108}}]},"23":{"line":143,"type":"if","locations":[{"start":{"line":143,"column":10},"end":{"line":143,"column":10}},{"start":{"line":143,"column":10},"end":{"line":143,"column":10}}]},"24":{"line":146,"type":"cond-expr","locations":[{"start":{"line":146,"column":41},"end":{"line":146,"column":71}},{"start":{"line":146,"column":74},"end":{"line":146,"column":76}}]},"25":{"line":150,"type":"if","locations":[{"start":{"line":150,"column":10},"end":{"line":150,"column":10}},{"start":{"line":150,"column":10},"end":{"line":150,"column":10}}]},"26":{"line":151,"type":"binary-expr","locations":[{"start":{"line":151,"column":32},"end":{"line":151,"column":49}},{"start":{"line":151,"column":53},"end":{"line":151,"column":62}}]}}},"/Users/cliftonc/work/parxer/lib/plugins/image.js":{"path":"/Users/cliftonc/work/parxer/lib/plugins/image.js","s":{"1":1,"2":1,"3":1,"4":1,"5":8,"6":8,"7":1,"8":11,"9":11,"10":11,"11":11,"12":3,"13":8,"14":1,"15":7,"16":7,"17":0,"18":7,"19":7,"20":7,"21":7,"22":7,"23":1,"24":7,"25":7,"26":7,"27":7,"28":7,"29":7,"30":7,"31":7,"32":7,"33":7,"34":7,"35":3,"36":3,"37":4,"38":7,"39":1,"40":11,"41":8},"b":{"1":[3,8],"2":[1,7],"3":[8,7],"4":[0,7],"5":[7,1],"6":[1,6],"7":[3,4],"8":[3,3]},"f":{"1":8,"2":11,"3":7,"4":11},"fnMap":{"1":{"name":"(anonymous_1)","line":7,"loc":{"start":{"line":7,"column":17},"end":{"line":7,"column":28}}},"2":{"name":"matchImages","line":16,"loc":{"start":{"line":16,"column":2},"end":{"line":16,"column":56}}},"3":{"name":"(anonymous_3)","line":68,"loc":{"start":{"line":68,"column":58},"end":{"line":68,"column":83}}},"4":{"name":"match","line":83,"loc":{"start":{"line":83,"column":2},"end":{"line":83,"column":50}}}},"statementMap":{"1":{"start":{"line":3,"column":0},"end":{"line":3,"column":30}},"2":{"start":{"line":4,"column":0},"end":{"line":4,"column":26}},"3":{"start":{"line":5,"column":0},"end":{"line":5,"column":30}},"4":{"start":{"line":7,"column":0},"end":{"line":93,"column":1}},"5":{"start":{"line":9,"column":2},"end":{"line":9,"column":30}},"6":{"start":{"line":10,"column":2},"end":{"line":10,"column":25}},"7":{"start":{"line":16,"column":2},"end":{"line":81,"column":3}},"8":{"start":{"line":17,"column":4},"end":{"line":17,"column":68}},"9":{"start":{"line":18,"column":4},"end":{"line":18,"column":51}},"10":{"start":{"line":19,"column":4},"end":{"line":19,"column":78}},"11":{"start":{"line":21,"column":4},"end":{"line":23,"column":5}},"12":{"start":{"line":22,"column":6},"end":{"line":22,"column":19}},"13":{"start":{"line":26,"column":4},"end":{"line":28,"column":5}},"14":{"start":{"line":27,"column":6},"end":{"line":27,"column":19}},"15":{"start":{"line":30,"column":4},"end":{"line":30,"column":84}},"16":{"start":{"line":33,"column":4},"end":{"line":35,"column":5}},"17":{"start":{"line":34,"column":6},"end":{"line":34,"column":19}},"18":{"start":{"line":37,"column":4},"end":{"line":37,"column":43}},"19":{"start":{"line":38,"column":4},"end":{"line":41,"column":6}},"20":{"start":{"line":43,"column":4},"end":{"line":43,"column":33}},"21":{"start":{"line":46,"column":4},"end":{"line":46,"column":84}},"22":{"start":{"line":47,"column":4},"end":{"line":49,"column":5}},"23":{"start":{"line":48,"column":6},"end":{"line":48,"column":32}},"24":{"start":{"line":51,"column":4},"end":{"line":51,"column":40}},"25":{"start":{"line":55,"column":4},"end":{"line":55,"column":33}},"26":{"start":{"line":58,"column":4},"end":{"line":58,"column":221}},"27":{"start":{"line":59,"column":4},"end":{"line":59,"column":94}},"28":{"start":{"line":61,"column":4},"end":{"line":61,"column":63}},"29":{"start":{"line":62,"column":4},"end":{"line":62,"column":38}},"30":{"start":{"line":65,"column":4},"end":{"line":65,"column":37}},"31":{"start":{"line":68,"column":4},"end":{"line":78,"column":7}},"32":{"start":{"line":69,"column":6},"end":{"line":69,"column":104}},"33":{"start":{"line":70,"column":6},"end":{"line":70,"column":60}},"34":{"start":{"line":72,"column":6},"end":{"line":77,"column":7}},"35":{"start":{"line":73,"column":8},"end":{"line":73,"column":57}},"36":{"start":{"line":74,"column":8},"end":{"line":74,"column":74}},"37":{"start":{"line":76,"column":8},"end":{"line":76,"column":58}},"38":{"start":{"line":80,"column":4},"end":{"line":80,"column":16}},"39":{"start":{"line":83,"column":2},"end":{"line":85,"column":3}},"40":{"start":{"line":84,"column":4},"end":{"line":84,"column":56}},"41":{"start":{"line":87,"column":2},"end":{"line":91,"column":4}}},"branchMap":{"1":{"line":21,"type":"if","locations":[{"start":{"line":21,"column":4},"end":{"line":21,"column":4}},{"start":{"line":21,"column":4},"end":{"line":21,"column":4}}]},"2":{"line":26,"type":"if","locations":[{"start":{"line":26,"column":4},"end":{"line":26,"column":4}},{"start":{"line":26,"column":4},"end":{"line":26,"column":4}}]},"3":{"line":26,"type":"binary-expr","locations":[{"start":{"line":26,"column":8},"end":{"line":26,"column":19}},{"start":{"line":26,"column":23},"end":{"line":26,"column":38}}]},"4":{"line":33,"type":"if","locations":[{"start":{"line":33,"column":4},"end":{"line":33,"column":4}},{"start":{"line":33,"column":4},"end":{"line":33,"column":4}}]},"5":{"line":46,"type":"binary-expr","locations":[{"start":{"line":46,"column":26},"end":{"line":46,"column":45}},{"start":{"line":46,"column":49},"end":{"line":46,"column":83}}]},"6":{"line":47,"type":"if","locations":[{"start":{"line":47,"column":4},"end":{"line":47,"column":4}},{"start":{"line":47,"column":4},"end":{"line":47,"column":4}}]},"7":{"line":72,"type":"if","locations":[{"start":{"line":72,"column":6},"end":{"line":72,"column":6}},{"start":{"line":72,"column":6},"end":{"line":72,"column":6}}]},"8":{"line":73,"type":"binary-expr","locations":[{"start":{"line":73,"column":27},"end":{"line":73,"column":43}},{"start":{"line":73,"column":47},"end":{"line":73,"column":56}}]}}},"/Users/cliftonc/work/parxer/lib/plugins/content.js":{"path":"/Users/cliftonc/work/parxer/lib/plugins/content.js","s":{"1":1,"2":1,"3":1,"4":7,"5":1,"6":8,"7":8,"8":8,"9":2,"10":6,"11":6,"12":6,"13":6,"14":5,"15":5,"16":6,"17":6,"18":1,"19":8,"20":7},"b":{"1":[2,6],"2":[8,6]},"f":{"1":7,"2":8,"3":5,"4":8},"fnMap":{"1":{"name":"(anonymous_1)","line":6,"loc":{"start":{"line":6,"column":17},"end":{"line":6,"column":35}}},"2":{"name":"matchUrl","line":14,"loc":{"start":{"line":14,"column":2},"end":{"line":14,"column":53}}},"3":{"name":"(anonymous_3)","line":27,"loc":{"start":{"line":27,"column":62},"end":{"line":27,"column":73}}},"4":{"name":"match","line":37,"loc":{"start":{"line":37,"column":2},"end":{"line":37,"column":50}}}},"statementMap":{"1":{"start":{"line":3,"column":0},"end":{"line":3,"column":30}},"2":{"start":{"line":4,"column":0},"end":{"line":4,"column":30}},"3":{"start":{"line":6,"column":0},"end":{"line":47,"column":1}},"4":{"start":{"line":8,"column":2},"end":{"line":8,"column":59}},"5":{"start":{"line":14,"column":2},"end":{"line":35,"column":3}},"6":{"start":{"line":16,"column":4},"end":{"line":16,"column":71}},"7":{"start":{"line":17,"column":4},"end":{"line":17,"column":85}},"8":{"start":{"line":19,"column":4},"end":{"line":21,"column":5}},"9":{"start":{"line":20,"column":6},"end":{"line":20,"column":19}},"10":{"start":{"line":23,"column":4},"end":{"line":23,"column":64}},"11":{"start":{"line":24,"column":4},"end":{"line":24,"column":51}},"12":{"start":{"line":25,"column":4},"end":{"line":25,"column":54}},"13":{"start":{"line":27,"column":4},"end":{"line":30,"column":7}},"14":{"start":{"line":28,"column":6},"end":{"line":28,"column":44}},"15":{"start":{"line":29,"column":6},"end":{"line":29,"column":35}},"16":{"start":{"line":32,"column":4},"end":{"line":32,"column":77}},"17":{"start":{"line":34,"column":4},"end":{"line":34,"column":16}},"18":{"start":{"line":37,"column":2},"end":{"line":39,"column":3}},"19":{"start":{"line":38,"column":4},"end":{"line":38,"column":53}},"20":{"start":{"line":41,"column":2},"end":{"line":45,"column":4}}},"branchMap":{"1":{"line":19,"type":"if","locations":[{"start":{"line":19,"column":4},"end":{"line":19,"column":4}},{"start":{"line":19,"column":4},"end":{"line":19,"column":4}}]},"2":{"line":19,"type":"binary-expr","locations":[{"start":{"line":19,"column":8},"end":{"line":19,"column":20}},{"start":{"line":19,"column":24},"end":{"line":19,"column":44}}]}}},"/Users/cliftonc/work/parxer/lib/plugins/content-item.js":{"path":"/Users/cliftonc/work/parxer/lib/plugins/content-item.js","s":{"1":1,"2":1,"3":1,"4":15,"5":15,"6":15,"7":15,"8":1,"9":7,"10":7,"11":7,"12":7,"13":2,"14":5,"15":5,"16":2,"17":3,"18":15,"19":7,"20":7,"21":2,"22":5,"23":5,"24":7,"25":7,"26":7,"27":8,"28":1},"b":{"1":[15,15],"2":[2,5],"3":[2,3],"4":[7,8],"5":[15,7],"6":[7,7],"7":[2,5],"8":[7,6]},"f":{"1":15,"2":7},"fnMap":{"1":{"name":"match","line":6,"loc":{"start":{"line":6,"column":0},"end":{"line":6,"column":48}}},"2":{"name":"render","line":12,"loc":{"start":{"line":12,"column":2},"end":{"line":12,"column":34}}}},"statementMap":{"1":{"start":{"line":3,"column":0},"end":{"line":3,"column":30}},"2":{"start":{"line":4,"column":0},"end":{"line":4,"column":30}},"3":{"start":{"line":6,"column":0},"end":{"line":46,"column":1}},"4":{"start":{"line":7,"column":2},"end":{"line":7,"column":73}},"5":{"start":{"line":8,"column":2},"end":{"line":8,"column":121}},"6":{"start":{"line":9,"column":2},"end":{"line":9,"column":82}},"7":{"start":{"line":10,"column":2},"end":{"line":10,"column":80}},"8":{"start":{"line":12,"column":2},"end":{"line":28,"column":3}},"9":{"start":{"line":13,"column":4},"end":{"line":13,"column":45}},"10":{"start":{"line":14,"column":4},"end":{"line":14,"column":62}},"11":{"start":{"line":16,"column":4},"end":{"line":16,"column":66}},"12":{"start":{"line":18,"column":4},"end":{"line":20,"column":5}},"13":{"start":{"line":19,"column":6},"end":{"line":19,"column":20}},"14":{"start":{"line":22,"column":4},"end":{"line":22,"column":54}},"15":{"start":{"line":23,"column":4},"end":{"line":27,"column":5}},"16":{"start":{"line":24,"column":6},"end":{"line":24,"column":51}},"17":{"start":{"line":26,"column":6},"end":{"line":26,"column":33}},"18":{"start":{"line":30,"column":2},"end":{"line":45,"column":3}},"19":{"start":{"line":31,"column":6},"end":{"line":31,"column":77}},"20":{"start":{"line":33,"column":6},"end":{"line":38,"column":7}},"21":{"start":{"line":34,"column":8},"end":{"line":34,"column":41}},"22":{"start":{"line":36,"column":8},"end":{"line":36,"column":62}},"23":{"start":{"line":37,"column":8},"end":{"line":37,"column":58}},"24":{"start":{"line":39,"column":6},"end":{"line":39,"column":51}},"25":{"start":{"line":40,"column":6},"end":{"line":40,"column":63}},"26":{"start":{"line":41,"column":6},"end":{"line":41,"column":18}},"27":{"start":{"line":44,"column":4},"end":{"line":44,"column":17}},"28":{"start":{"line":48,"column":0},"end":{"line":51,"column":2}}},"branchMap":{"1":{"line":8,"type":"binary-expr","locations":[{"start":{"line":8,"column":27},"end":{"line":8,"column":83}},{"start":{"line":8,"column":87},"end":{"line":8,"column":120}}]},"2":{"line":18,"type":"if","locations":[{"start":{"line":18,"column":4},"end":{"line":18,"column":4}},{"start":{"line":18,"column":4},"end":{"line":18,"column":4}}]},"3":{"line":23,"type":"if","locations":[{"start":{"line":23,"column":4},"end":{"line":23,"column":4}},{"start":{"line":23,"column":4},"end":{"line":23,"column":4}}]},"4":{"line":30,"type":"if","locations":[{"start":{"line":30,"column":2},"end":{"line":30,"column":2}},{"start":{"line":30,"column":2},"end":{"line":30,"column":2}}]},"5":{"line":30,"type":"binary-expr","locations":[{"start":{"line":30,"column":5},"end":{"line":30,"column":16}},{"start":{"line":30,"column":20},"end":{"line":30,"column":36}}]},"6":{"line":31,"type":"binary-expr","locations":[{"start":{"line":31,"column":27},"end":{"line":31,"column":38}},{"start":{"line":31,"column":42},"end":{"line":31,"column":76}}]},"7":{"line":33,"type":"if","locations":[{"start":{"line":33,"column":6},"end":{"line":33,"column":6}},{"start":{"line":33,"column":6},"end":{"line":33,"column":6}}]},"8":{"line":33,"type":"binary-expr","locations":[{"start":{"line":33,"column":9},"end":{"line":33,"column":25}},{"start":{"line":33,"column":29},"end":{"line":33,"column":56}}]}}},"/Users/cliftonc/work/parxer/lib/plugins/direct.js":{"path":"/Users/cliftonc/work/parxer/lib/plugins/direct.js","s":{"1":1,"2":1,"3":1,"4":0,"5":0,"6":0,"7":1},"b":{"1":[0,0]},"f":{"1":0},"fnMap":{"1":{"name":"match","line":6,"loc":{"start":{"line":6,"column":0},"end":{"line":6,"column":41}}}},"statementMap":{"1":{"start":{"line":3,"column":0},"end":{"line":3,"column":30}},"2":{"start":{"line":4,"column":0},"end":{"line":4,"column":30}},"3":{"start":{"line":6,"column":0},"end":{"line":11,"column":1}},"4":{"start":{"line":7,"column":2},"end":{"line":7,"column":67}},"5":{"start":{"line":8,"column":2},"end":{"line":10,"column":3}},"6":{"start":{"line":9,"column":4},"end":{"line":9,"column":62}},"7":{"start":{"line":13,"column":0},"end":{"line":16,"column":2}}},"branchMap":{"1":{"line":8,"type":"if","locations":[{"start":{"line":8,"column":2},"end":{"line":8,"column":2}},{"start":{"line":8,"column":2},"end":{"line":8,"column":2}}]}}},"/Users/cliftonc/work/parxer/lib/plugins/define-slot.js":{"path":"/Users/cliftonc/work/parxer/lib/plugins/define-slot.js","s":{"1":1,"2":1,"3":1,"4":1,"5":1,"6":6,"7":6,"8":6,"9":6,"10":6,"11":3,"12":3,"13":2,"14":1,"15":3,"16":3,"17":3,"18":3,"19":3},"b":{"1":[6,0],"2":[3,3],"3":[2,1],"4":[3,2],"5":[3,0]},"f":{"1":3,"2":6},"fnMap":{"1":{"name":"(anonymous_1)","line":7,"loc":{"start":{"line":7,"column":17},"end":{"line":7,"column":35}}},"2":{"name":"match","line":9,"loc":{"start":{"line":9,"column":2},"end":{"line":9,"column":50}}}},"statementMap":{"1":{"start":{"line":3,"column":0},"end":{"line":3,"column":30}},"2":{"start":{"line":4,"column":0},"end":{"line":4,"column":30}},"3":{"start":{"line":5,"column":0},"end":{"line":5,"column":26}},"4":{"start":{"line":7,"column":0},"end":{"line":35,"column":1}},"5":{"start":{"line":9,"column":2},"end":{"line":29,"column":3}},"6":{"start":{"line":10,"column":4},"end":{"line":10,"column":17}},"7":{"start":{"line":11,"column":4},"end":{"line":11,"column":45}},"8":{"start":{"line":12,"column":4},"end":{"line":12,"column":74}},"9":{"start":{"line":13,"column":4},"end":{"line":13,"column":82}},"10":{"start":{"line":15,"column":4},"end":{"line":27,"column":5}},"11":{"start":{"line":16,"column":6},"end":{"line":16,"column":37}},"12":{"start":{"line":17,"column":6},"end":{"line":21,"column":7}},"13":{"start":{"line":18,"column":8},"end":{"line":18,"column":41}},"14":{"start":{"line":20,"column":8},"end":{"line":20,"column":98}},"15":{"start":{"line":23,"column":6},"end":{"line":25,"column":7}},"16":{"start":{"line":24,"column":8},"end":{"line":24,"column":66}},"17":{"start":{"line":26,"column":6},"end":{"line":26,"column":18}},"18":{"start":{"line":28,"column":4},"end":{"line":28,"column":17}},"19":{"start":{"line":31,"column":2},"end":{"line":34,"column":4}}},"branchMap":{"1":{"line":11,"type":"binary-expr","locations":[{"start":{"line":11,"column":16},"end":{"line":11,"column":38}},{"start":{"line":11,"column":42},"end":{"line":11,"column":44}}]},"2":{"line":15,"type":"if","locations":[{"start":{"line":15,"column":4},"end":{"line":15,"column":4}},{"start":{"line":15,"column":4},"end":{"line":15,"column":4}}]},"3":{"line":17,"type":"if","locations":[{"start":{"line":17,"column":6},"end":{"line":17,"column":6}},{"start":{"line":17,"column":6},"end":{"line":17,"column":6}}]},"4":{"line":17,"type":"binary-expr","locations":[{"start":{"line":17,"column":9},"end":{"line":17,"column":25}},{"start":{"line":17,"column":29},"end":{"line":17,"column":56}}]},"5":{"line":23,"type":"if","locations":[{"start":{"line":23,"column":6},"end":{"line":23,"column":6}},{"start":{"line":23,"column":6},"end":{"line":23,"column":6}}]}}},"/Users/cliftonc/work/parxer/lib/plugins/library.js":{"path":"/Users/cliftonc/work/parxer/lib/plugins/library.js","s":{"1":1,"2":1,"3":1,"4":1,"5":1,"6":24,"7":24,"8":24,"9":24,"10":24,"11":24,"12":24,"13":24,"14":24,"15":9,"16":15,"17":0,"18":15,"19":15,"20":13,"21":2,"22":2,"23":15,"24":15,"25":16,"26":16,"27":16,"28":16,"29":4,"30":4,"31":4,"32":12,"33":12,"34":12,"35":1,"36":1,"37":1,"38":1,"39":12,"40":2,"41":2,"42":10,"43":15,"44":13},"b":{"1":[9,15],"2":[24,15],"3":[0,15],"4":[15,15],"5":[13,2],"6":[15,5],"7":[2,13],"8":[4,12],"9":[1,11],"10":[0,1],"11":[2,10],"12":[2,2]},"f":{"1":13,"2":24,"3":16},"fnMap":{"1":{"name":"(anonymous_1)","line":7,"loc":{"start":{"line":7,"column":17},"end":{"line":7,"column":35}}},"2":{"name":"match","line":9,"loc":{"start":{"line":9,"column":2},"end":{"line":9,"column":50}}},"3":{"name":"(anonymous_3)","line":40,"loc":{"start":{"line":40,"column":59},"end":{"line":40,"column":77}}}},"statementMap":{"1":{"start":{"line":3,"column":0},"end":{"line":3,"column":30}},"2":{"start":{"line":4,"column":0},"end":{"line":4,"column":30}},"3":{"start":{"line":5,"column":0},"end":{"line":5,"column":26}},"4":{"start":{"line":7,"column":0},"end":{"line":79,"column":2}},"5":{"start":{"line":9,"column":2},"end":{"line":72,"column":3}},"6":{"start":{"line":11,"column":4},"end":{"line":11,"column":71}},"7":{"start":{"line":12,"column":4},"end":{"line":12,"column":85}},"8":{"start":{"line":13,"column":4},"end":{"line":13,"column":69}},"9":{"start":{"line":14,"column":4},"end":{"line":14,"column":82}},"10":{"start":{"line":15,"column":4},"end":{"line":15,"column":78}},"11":{"start":{"line":16,"column":4},"end":{"line":16,"column":78}},"12":{"start":{"line":17,"column":4},"end":{"line":17,"column":40}},"13":{"start":{"line":18,"column":4},"end":{"line":18,"column":50}},"14":{"start":{"line":20,"column":4},"end":{"line":22,"column":5}},"15":{"start":{"line":21,"column":6},"end":{"line":21,"column":19}},"16":{"start":{"line":25,"column":4},"end":{"line":27,"column":5}},"17":{"start":{"line":26,"column":6},"end":{"line":26,"column":19}},"18":{"start":{"line":29,"column":4},"end":{"line":29,"column":97}},"19":{"start":{"line":31,"column":4},"end":{"line":36,"column":5}},"20":{"start":{"line":32,"column":8},"end":{"line":32,"column":41}},"21":{"start":{"line":34,"column":8},"end":{"line":34,"column":55}},"22":{"start":{"line":35,"column":8},"end":{"line":35,"column":58}},"23":{"start":{"line":38,"column":4},"end":{"line":38,"column":62}},"24":{"start":{"line":40,"column":4},"end":{"line":68,"column":7}},"25":{"start":{"line":42,"column":6},"end":{"line":42,"column":49}},"26":{"start":{"line":43,"column":6},"end":{"line":43,"column":97}},"27":{"start":{"line":44,"column":6},"end":{"line":44,"column":44}},"28":{"start":{"line":46,"column":6},"end":{"line":66,"column":7}},"29":{"start":{"line":47,"column":8},"end":{"line":47,"column":41}},"30":{"start":{"line":48,"column":8},"end":{"line":48,"column":40}},"31":{"start":{"line":49,"column":8},"end":{"line":49,"column":117}},"32":{"start":{"line":51,"column":8},"end":{"line":51,"column":57}},"33":{"start":{"line":52,"column":8},"end":{"line":52,"column":38}},"34":{"start":{"line":53,"column":8},"end":{"line":59,"column":9}},"35":{"start":{"line":55,"column":10},"end":{"line":55,"column":60}},"36":{"start":{"line":56,"column":10},"end":{"line":56,"column":75}},"37":{"start":{"line":57,"column":10},"end":{"line":57,"column":60}},"38":{"start":{"line":58,"column":10},"end":{"line":58,"column":67}},"39":{"start":{"line":60,"column":8},"end":{"line":65,"column":9}},"40":{"start":{"line":61,"column":10},"end":{"line":61,"column":63}},"41":{"start":{"line":62,"column":10},"end":{"line":62,"column":73}},"42":{"start":{"line":64,"column":10},"end":{"line":64,"column":84}},"43":{"start":{"line":70,"column":4},"end":{"line":70,"column":16}},"44":{"start":{"line":74,"column":2},"end":{"line":77,"column":4}}},"branchMap":{"1":{"line":20,"type":"if","locations":[{"start":{"line":20,"column":4},"end":{"line":20,"column":4}},{"start":{"line":20,"column":4},"end":{"line":20,"column":4}}]},"2":{"line":20,"type":"binary-expr","locations":[{"start":{"line":20,"column":8},"end":{"line":20,"column":20}},{"start":{"line":20,"column":24},"end":{"line":20,"column":44}}]},"3":{"line":25,"type":"if","locations":[{"start":{"line":25,"column":4},"end":{"line":25,"column":4}},{"start":{"line":25,"column":4},"end":{"line":25,"column":4}}]},"4":{"line":25,"type":"binary-expr","locations":[{"start":{"line":25,"column":7},"end":{"line":25,"column":18}},{"start":{"line":25,"column":22},"end":{"line":25,"column":37}}]},"5":{"line":31,"type":"if","locations":[{"start":{"line":31,"column":4},"end":{"line":31,"column":4}},{"start":{"line":31,"column":4},"end":{"line":31,"column":4}}]},"6":{"line":31,"type":"binary-expr","locations":[{"start":{"line":31,"column":7},"end":{"line":31,"column":23}},{"start":{"line":31,"column":27},"end":{"line":31,"column":54}}]},"7":{"line":38,"type":"cond-expr","locations":[{"start":{"line":38,"column":35},"end":{"line":38,"column":49}},{"start":{"line":38,"column":52},"end":{"line":38,"column":61}}]},"8":{"line":46,"type":"if","locations":[{"start":{"line":46,"column":6},"end":{"line":46,"column":6}},{"start":{"line":46,"column":6},"end":{"line":46,"column":6}}]},"9":{"line":53,"type":"if","locations":[{"start":{"line":53,"column":8},"end":{"line":53,"column":8}},{"start":{"line":53,"column":8},"end":{"line":53,"column":8}}]},"10":{"line":56,"type":"cond-expr","locations":[{"start":{"line":56,"column":39},"end":{"line":56,"column":69}},{"start":{"line":56,"column":72},"end":{"line":56,"column":74}}]},"11":{"line":60,"type":"if","locations":[{"start":{"line":60,"column":8},"end":{"line":60,"column":8}},{"start":{"line":60,"column":8},"end":{"line":60,"column":8}}]},"12":{"line":61,"type":"binary-expr","locations":[{"start":{"line":61,"column":31},"end":{"line":61,"column":49}},{"start":{"line":61,"column":53},"end":{"line":61,"column":62}}]}}}}