{"/Users/cliftonc/work/pxr/index.js":{"path":"/Users/cliftonc/work/pxr/index.js","s":{"1":1,"2":1,"3":1,"4":1,"5":1,"6":1,"7":30,"8":30,"9":30,"10":30,"11":90,"12":90,"13":90,"14":5,"15":5,"16":90,"17":2,"18":2,"19":88,"20":10,"21":10,"22":78,"23":78,"24":50,"25":0,"26":0,"27":0,"28":29,"29":2,"30":27,"31":3,"32":0,"33":3,"34":3,"35":0,"36":3,"37":90,"38":90,"39":16,"40":90,"41":90,"42":90,"43":90,"44":74,"45":30,"46":30,"47":1,"48":29,"49":29,"50":29,"51":29,"52":30,"53":1},"b":{"1":[30,29],"2":[30,30],"3":[5,85],"4":[2,88],"5":[10,78],"6":[78,39],"7":[50,28],"8":[0,0],"9":[2,27],"10":[0,3],"11":[0,3],"12":[16,74],"13":[90,89],"14":[74,16],"15":[1,29]},"f":{"1":30,"2":90,"3":0,"4":29,"5":3,"6":3,"7":90,"8":30,"9":30,"10":29,"11":29},"fnMap":{"1":{"name":"(anonymous_1)","line":7,"loc":{"start":{"line":7,"column":13},"end":{"line":7,"column":43}}},"2":{"name":"(anonymous_2)","line":16,"loc":{"start":{"line":16,"column":19},"end":{"line":16,"column":46}}},"3":{"name":"(anonymous_3)","line":43,"loc":{"start":{"line":43,"column":33},"end":{"line":43,"column":54}}},"4":{"name":"(anonymous_4)","line":47,"loc":{"start":{"line":47,"column":15},"end":{"line":47,"column":30}}},"5":{"name":"(anonymous_5)","line":51,"loc":{"start":{"line":51,"column":19},"end":{"line":51,"column":34}}},"6":{"name":"(anonymous_6)","line":55,"loc":{"start":{"line":55,"column":22},"end":{"line":55,"column":33}}},"7":{"name":"(anonymous_7)","line":59,"loc":{"start":{"line":59,"column":20},"end":{"line":59,"column":38}}},"8":{"name":"(anonymous_8)","line":75,"loc":{"start":{"line":75,"column":15},"end":{"line":75,"column":26}}},"9":{"name":"(anonymous_9)","line":77,"loc":{"start":{"line":77,"column":41},"end":{"line":77,"column":55}}},"10":{"name":"(anonymous_10)","line":79,"loc":{"start":{"line":79,"column":57},"end":{"line":79,"column":68}}},"11":{"name":"(anonymous_11)","line":80,"loc":{"start":{"line":80,"column":49},"end":{"line":80,"column":73}}}},"statementMap":{"1":{"start":{"line":1,"column":0},"end":{"line":1,"column":40}},"2":{"start":{"line":2,"column":0},"end":{"line":2,"column":33}},"3":{"start":{"line":3,"column":0},"end":{"line":3,"column":35}},"4":{"start":{"line":4,"column":0},"end":{"line":4,"column":41}},"5":{"start":{"line":5,"column":0},"end":{"line":5,"column":26}},"6":{"start":{"line":7,"column":0},"end":{"line":92,"column":2}},"7":{"start":{"line":10,"column":4},"end":{"line":10,"column":43}},"8":{"start":{"line":11,"column":4},"end":{"line":11,"column":50}},"9":{"start":{"line":13,"column":4},"end":{"line":13,"column":37}},"10":{"start":{"line":15,"column":4},"end":{"line":88,"column":7}},"11":{"start":{"line":18,"column":12},"end":{"line":18,"column":40}},"12":{"start":{"line":20,"column":12},"end":{"line":20,"column":36}},"13":{"start":{"line":22,"column":12},"end":{"line":25,"column":13}},"14":{"start":{"line":23,"column":16},"end":{"line":23,"column":35}},"15":{"start":{"line":24,"column":16},"end":{"line":24,"column":49}},"16":{"start":{"line":27,"column":12},"end":{"line":30,"column":13}},"17":{"start":{"line":28,"column":16},"end":{"line":28,"column":49}},"18":{"start":{"line":29,"column":16},"end":{"line":29,"column":23}},"19":{"start":{"line":32,"column":12},"end":{"line":35,"column":13}},"20":{"start":{"line":33,"column":16},"end":{"line":33,"column":79}},"21":{"start":{"line":34,"column":16},"end":{"line":34,"column":23}},"22":{"start":{"line":37,"column":12},"end":{"line":37,"column":115}},"23":{"start":{"line":38,"column":12},"end":{"line":40,"column":13}},"24":{"start":{"line":39,"column":16},"end":{"line":39,"column":79}},"25":{"start":{"line":44,"column":12},"end":{"line":44,"column":53}},"26":{"start":{"line":44,"column":44},"end":{"line":44,"column":51}},"27":{"start":{"line":45,"column":12},"end":{"line":45,"column":46}},"28":{"start":{"line":48,"column":12},"end":{"line":48,"column":53}},"29":{"start":{"line":48,"column":44},"end":{"line":48,"column":51}},"30":{"start":{"line":49,"column":12},"end":{"line":49,"column":34}},"31":{"start":{"line":52,"column":12},"end":{"line":52,"column":53}},"32":{"start":{"line":52,"column":44},"end":{"line":52,"column":51}},"33":{"start":{"line":53,"column":12},"end":{"line":53,"column":43}},"34":{"start":{"line":56,"column":12},"end":{"line":56,"column":53}},"35":{"start":{"line":56,"column":44},"end":{"line":56,"column":51}},"36":{"start":{"line":57,"column":12},"end":{"line":57,"column":35}},"37":{"start":{"line":61,"column":12},"end":{"line":61,"column":35}},"38":{"start":{"line":62,"column":12},"end":{"line":64,"column":13}},"39":{"start":{"line":63,"column":16},"end":{"line":63,"column":36}},"40":{"start":{"line":66,"column":12},"end":{"line":66,"column":47}},"41":{"start":{"line":67,"column":12},"end":{"line":67,"column":52}},"42":{"start":{"line":68,"column":12},"end":{"line":68,"column":40}},"43":{"start":{"line":70,"column":12},"end":{"line":72,"column":13}},"44":{"start":{"line":71,"column":16},"end":{"line":71,"column":54}},"45":{"start":{"line":77,"column":13},"end":{"line":85,"column":16}},"46":{"start":{"line":78,"column":16},"end":{"line":78,"column":45}},"47":{"start":{"line":78,"column":26},"end":{"line":78,"column":43}},"48":{"start":{"line":79,"column":16},"end":{"line":84,"column":19}},"49":{"start":{"line":80,"column":20},"end":{"line":83,"column":23}},"50":{"start":{"line":81,"column":22},"end":{"line":81,"column":53}},"51":{"start":{"line":82,"column":22},"end":{"line":82,"column":75}},"52":{"start":{"line":90,"column":4},"end":{"line":90,"column":22}},"53":{"start":{"line":94,"column":0},"end":{"line":97,"column":2}}},"branchMap":{"1":{"line":10,"type":"binary-expr","locations":[{"start":{"line":10,"column":20},"end":{"line":10,"column":33}},{"start":{"line":10,"column":37},"end":{"line":10,"column":42}}]},"2":{"line":11,"type":"binary-expr","locations":[{"start":{"line":11,"column":23},"end":{"line":11,"column":39}},{"start":{"line":11,"column":43},"end":{"line":11,"column":49}}]},"3":{"line":22,"type":"if","locations":[{"start":{"line":22,"column":12},"end":{"line":22,"column":12}},{"start":{"line":22,"column":12},"end":{"line":22,"column":12}}]},"4":{"line":27,"type":"if","locations":[{"start":{"line":27,"column":12},"end":{"line":27,"column":12}},{"start":{"line":27,"column":12},"end":{"line":27,"column":12}}]},"5":{"line":32,"type":"if","locations":[{"start":{"line":32,"column":12},"end":{"line":32,"column":12}},{"start":{"line":32,"column":12},"end":{"line":32,"column":12}}]},"6":{"line":37,"type":"binary-expr","locations":[{"start":{"line":37,"column":26},"end":{"line":37,"column":45}},{"start":{"line":37,"column":49},"end":{"line":37,"column":114}}]},"7":{"line":38,"type":"if","locations":[{"start":{"line":38,"column":12},"end":{"line":38,"column":12}},{"start":{"line":38,"column":12},"end":{"line":38,"column":12}}]},"8":{"line":44,"type":"if","locations":[{"start":{"line":44,"column":12},"end":{"line":44,"column":12}},{"start":{"line":44,"column":12},"end":{"line":44,"column":12}}]},"9":{"line":48,"type":"if","locations":[{"start":{"line":48,"column":12},"end":{"line":48,"column":12}},{"start":{"line":48,"column":12},"end":{"line":48,"column":12}}]},"10":{"line":52,"type":"if","locations":[{"start":{"line":52,"column":12},"end":{"line":52,"column":12}},{"start":{"line":52,"column":12},"end":{"line":52,"column":12}}]},"11":{"line":56,"type":"if","locations":[{"start":{"line":56,"column":12},"end":{"line":56,"column":12}},{"start":{"line":56,"column":12},"end":{"line":56,"column":12}}]},"12":{"line":62,"type":"if","locations":[{"start":{"line":62,"column":12},"end":{"line":62,"column":12}},{"start":{"line":62,"column":12},"end":{"line":62,"column":12}}]},"13":{"line":62,"type":"binary-expr","locations":[{"start":{"line":62,"column":15},"end":{"line":62,"column":57}},{"start":{"line":62,"column":61},"end":{"line":62,"column":92}}]},"14":{"line":70,"type":"if","locations":[{"start":{"line":70,"column":12},"end":{"line":70,"column":12}},{"start":{"line":70,"column":12},"end":{"line":70,"column":12}}]},"15":{"line":78,"type":"if","locations":[{"start":{"line":78,"column":16},"end":{"line":78,"column":16}},{"start":{"line":78,"column":16},"end":{"line":78,"column":16}}]}}},"/Users/cliftonc/work/pxr/lib/core.js":{"path":"/Users/cliftonc/work/pxr/lib/core.js","s":{"1":1,"2":1,"3":1,"4":1,"5":29,"6":0,"7":29,"8":29,"9":29,"10":29,"11":29,"12":1,"13":39,"14":1,"15":38,"16":38,"17":42,"18":38,"19":1,"20":79,"21":79,"22":90,"23":90,"24":79,"25":1,"26":0,"27":0,"28":0,"29":0,"30":0,"31":0,"32":0,"33":0,"34":0,"35":1,"36":21,"37":21,"38":21,"39":21,"40":21,"41":21,"42":21,"43":5,"44":5,"45":5,"46":0,"47":16,"48":0,"49":0,"50":16,"51":16,"52":16,"53":0,"54":21,"55":18,"56":3,"57":21,"58":21,"59":1,"60":29,"61":29,"62":3,"63":3,"64":3,"65":3,"66":0,"67":3,"68":3,"69":3,"70":1,"71":20,"72":1,"73":0,"74":0,"75":0,"76":1,"77":1,"78":0,"79":0,"80":0,"81":0,"82":1,"83":0,"84":0,"85":0,"86":1,"87":0,"88":0,"89":0,"90":0,"91":0,"92":1,"93":0,"94":0,"95":0,"96":0,"97":0,"98":0,"99":1},"b":{"1":[0,29],"2":[1,38],"3":[42,40],"4":[0,79],"5":[5,74],"6":[0,0],"7":[0,0],"8":[0,0],"9":[0,0],"10":[5,16],"11":[0,5],"12":[0,16],"13":[0,16],"14":[18,3],"15":[0,3],"16":[0,0],"17":[0,0],"18":[0,0],"19":[0,0],"20":[0,0],"21":[0,0]},"f":{"1":29,"2":39,"3":42,"4":79,"5":90,"6":0,"7":21,"8":21,"9":29,"10":3,"11":3,"12":20,"13":0,"14":0,"15":0,"16":0,"17":0,"18":0,"19":0},"fnMap":{"1":{"name":"render","line":7,"loc":{"start":{"line":7,"column":0},"end":{"line":7,"column":28}}},"2":{"name":"matchPlugin","line":14,"loc":{"start":{"line":14,"column":0},"end":{"line":14,"column":63}}},"3":{"name":"(anonymous_3)","line":17,"loc":{"start":{"line":17,"column":20},"end":{"line":17,"column":37}}},"4":{"name":"createTag","line":23,"loc":{"start":{"line":23,"column":0},"end":{"line":23,"column":50}}},"5":{"name":"(anonymous_5)","line":25,"loc":{"start":{"line":25,"column":21},"end":{"line":25,"column":42}}},"6":{"name":"createAssetTag","line":32,"loc":{"start":{"line":32,"column":0},"end":{"line":32,"column":50}}},"7":{"name":"pushFragment","line":47,"loc":{"start":{"line":47,"column":0},"end":{"line":47,"column":86}}},"8":{"name":"(anonymous_8)","line":53,"loc":{"start":{"line":53,"column":27},"end":{"line":53,"column":51}}},"9":{"name":"processDeferredStack","line":79,"loc":{"start":{"line":79,"column":0},"end":{"line":79,"column":51}}},"10":{"name":"(anonymous_10)","line":81,"loc":{"start":{"line":81,"column":46},"end":{"line":81,"column":69}}},"11":{"name":"(anonymous_11)","line":88,"loc":{"start":{"line":88,"column":35},"end":{"line":88,"column":59}}},"12":{"name":"isCxCustomTag","line":95,"loc":{"start":{"line":95,"column":0},"end":{"line":95,"column":32}}},"13":{"name":"renderTextInHandler","line":99,"loc":{"start":{"line":99,"column":0},"end":{"line":99,"column":49}}},"14":{"name":"(anonymous_14)","line":100,"loc":{"start":{"line":100,"column":11},"end":{"line":100,"column":35}}},"15":{"name":"(anonymous_15)","line":101,"loc":{"start":{"line":101,"column":26},"end":{"line":101,"column":59}}},"16":{"name":"getClientHint","line":128,"loc":{"start":{"line":128,"column":0},"end":{"line":128,"column":33}}},"17":{"name":"getClientHintHeader","line":135,"loc":{"start":{"line":135,"column":0},"end":{"line":135,"column":39}}},"18":{"name":"getClientHintTag","line":141,"loc":{"start":{"line":141,"column":0},"end":{"line":141,"column":40}}},"19":{"name":"prepareURL","line":148,"loc":{"start":{"line":148,"column":0},"end":{"line":148,"column":34}}}},"statementMap":{"1":{"start":{"line":3,"column":0},"end":{"line":3,"column":26}},"2":{"start":{"line":4,"column":0},"end":{"line":4,"column":29}},"3":{"start":{"line":5,"column":0},"end":{"line":5,"column":28}},"4":{"start":{"line":7,"column":0},"end":{"line":12,"column":1}},"5":{"start":{"line":8,"column":4},"end":{"line":8,"column":29}},"6":{"start":{"line":8,"column":17},"end":{"line":8,"column":27}},"7":{"start":{"line":9,"column":4},"end":{"line":9,"column":77}},"8":{"start":{"line":9,"column":35},"end":{"line":9,"column":76}},"9":{"start":{"line":9,"column":69},"end":{"line":9,"column":75}},"10":{"start":{"line":10,"column":4},"end":{"line":10,"column":40}},"11":{"start":{"line":11,"column":4},"end":{"line":11,"column":18}},"12":{"start":{"line":14,"column":0},"end":{"line":21,"column":1}},"13":{"start":{"line":15,"column":4},"end":{"line":15,"column":34}},"14":{"start":{"line":15,"column":19},"end":{"line":15,"column":32}},"15":{"start":{"line":16,"column":4},"end":{"line":16,"column":24}},"16":{"start":{"line":17,"column":4},"end":{"line":19,"column":7}},"17":{"start":{"line":18,"column":8},"end":{"line":18,"column":75}},"18":{"start":{"line":20,"column":4},"end":{"line":20,"column":19}},"19":{"start":{"line":23,"column":0},"end":{"line":30,"column":1}},"20":{"start":{"line":24,"column":4},"end":{"line":24,"column":75}},"21":{"start":{"line":25,"column":4},"end":{"line":28,"column":7}},"22":{"start":{"line":26,"column":8},"end":{"line":26,"column":24}},"23":{"start":{"line":27,"column":8},"end":{"line":27,"column":57}},"24":{"start":{"line":29,"column":4},"end":{"line":29,"column":120}},"25":{"start":{"line":32,"column":0},"end":{"line":45,"column":1}},"26":{"start":{"line":33,"column":4},"end":{"line":44,"column":5}},"27":{"start":{"line":34,"column":6},"end":{"line":34,"column":24}},"28":{"start":{"line":35,"column":6},"end":{"line":35,"column":63}},"29":{"start":{"line":37,"column":11},"end":{"line":44,"column":5}},"30":{"start":{"line":38,"column":6},"end":{"line":38,"column":25}},"31":{"start":{"line":39,"column":6},"end":{"line":39,"column":48}},"32":{"start":{"line":40,"column":6},"end":{"line":40,"column":45}},"33":{"start":{"line":41,"column":6},"end":{"line":41,"column":46}},"34":{"start":{"line":43,"column":6},"end":{"line":43,"column":64}},"35":{"start":{"line":47,"column":0},"end":{"line":77,"column":1}},"36":{"start":{"line":48,"column":4},"end":{"line":48,"column":23}},"37":{"start":{"line":49,"column":4},"end":{"line":49,"column":36}},"38":{"start":{"line":50,"column":4},"end":{"line":50,"column":59}},"39":{"start":{"line":51,"column":4},"end":{"line":51,"column":47}},"40":{"start":{"line":52,"column":4},"end":{"line":52,"column":46}},"41":{"start":{"line":53,"column":4},"end":{"line":69,"column":5}},"42":{"start":{"line":54,"column":8},"end":{"line":68,"column":9}},"43":{"start":{"line":56,"column":12},"end":{"line":56,"column":50}},"44":{"start":{"line":57,"column":12},"end":{"line":57,"column":56}},"45":{"start":{"line":58,"column":12},"end":{"line":58,"column":38}},"46":{"start":{"line":58,"column":26},"end":{"line":58,"column":36}},"47":{"start":{"line":59,"column":15},"end":{"line":68,"column":9}},"48":{"start":{"line":61,"column":12},"end":{"line":61,"column":44}},"49":{"start":{"line":62,"column":12},"end":{"line":62,"column":53}},"50":{"start":{"line":65,"column":12},"end":{"line":65,"column":44}},"51":{"start":{"line":66,"column":12},"end":{"line":66,"column":56}},"52":{"start":{"line":67,"column":12},"end":{"line":67,"column":42}},"53":{"start":{"line":67,"column":28},"end":{"line":67,"column":40}},"54":{"start":{"line":70,"column":4},"end":{"line":74,"column":5}},"55":{"start":{"line":71,"column":8},"end":{"line":71,"column":44}},"56":{"start":{"line":73,"column":8},"end":{"line":73,"column":100}},"57":{"start":{"line":75,"column":4},"end":{"line":75,"column":23}},"58":{"start":{"line":76,"column":4},"end":{"line":76,"column":25}},"59":{"start":{"line":79,"column":0},"end":{"line":93,"column":1}},"60":{"start":{"line":80,"column":4},"end":{"line":80,"column":33}},"61":{"start":{"line":81,"column":4},"end":{"line":92,"column":13}},"62":{"start":{"line":82,"column":8},"end":{"line":82,"column":41}},"63":{"start":{"line":83,"column":8},"end":{"line":83,"column":37}},"64":{"start":{"line":84,"column":8},"end":{"line":84,"column":65}},"65":{"start":{"line":85,"column":8},"end":{"line":87,"column":9}},"66":{"start":{"line":86,"column":10},"end":{"line":86,"column":79}},"67":{"start":{"line":88,"column":8},"end":{"line":91,"column":11}},"68":{"start":{"line":89,"column":12},"end":{"line":89,"column":45}},"69":{"start":{"line":90,"column":12},"end":{"line":90,"column":17}},"70":{"start":{"line":95,"column":0},"end":{"line":97,"column":1}},"71":{"start":{"line":96,"column":4},"end":{"line":96,"column":46}},"72":{"start":{"line":99,"column":0},"end":{"line":105,"column":1}},"73":{"start":{"line":100,"column":4},"end":{"line":104,"column":6}},"74":{"start":{"line":101,"column":8},"end":{"line":103,"column":11}},"75":{"start":{"line":102,"column":12},"end":{"line":102,"column":59}},"76":{"start":{"line":109,"column":0},"end":{"line":126,"column":2}},"77":{"start":{"line":128,"column":0},"end":{"line":133,"column":1}},"78":{"start":{"line":129,"column":2},"end":{"line":129,"column":25}},"79":{"start":{"line":130,"column":2},"end":{"line":130,"column":47}},"80":{"start":{"line":131,"column":2},"end":{"line":131,"column":48}},"81":{"start":{"line":132,"column":2},"end":{"line":132,"column":48}},"82":{"start":{"line":135,"column":0},"end":{"line":139,"column":1}},"83":{"start":{"line":136,"column":2},"end":{"line":136,"column":34}},"84":{"start":{"line":137,"column":2},"end":{"line":137,"column":48}},"85":{"start":{"line":138,"column":2},"end":{"line":138,"column":52}},"86":{"start":{"line":141,"column":0},"end":{"line":146,"column":1}},"87":{"start":{"line":142,"column":2},"end":{"line":142,"column":42}},"88":{"start":{"line":143,"column":2},"end":{"line":143,"column":57}},"89":{"start":{"line":144,"column":2},"end":{"line":144,"column":47}},"90":{"start":{"line":144,"column":20},"end":{"line":144,"column":45}},"91":{"start":{"line":145,"column":2},"end":{"line":145,"column":43}},"92":{"start":{"line":148,"column":0},"end":{"line":157,"column":1}},"93":{"start":{"line":149,"column":2},"end":{"line":149,"column":13}},"94":{"start":{"line":150,"column":2},"end":{"line":155,"column":3}},"95":{"start":{"line":151,"column":4},"end":{"line":151,"column":31}},"96":{"start":{"line":152,"column":4},"end":{"line":154,"column":5}},"97":{"start":{"line":153,"column":6},"end":{"line":153,"column":25}},"98":{"start":{"line":156,"column":2},"end":{"line":156,"column":13}},"99":{"start":{"line":159,"column":0},"end":{"line":171,"column":2}}},"branchMap":{"1":{"line":8,"type":"if","locations":[{"start":{"line":8,"column":4},"end":{"line":8,"column":4}},{"start":{"line":8,"column":4},"end":{"line":8,"column":4}}]},"2":{"line":15,"type":"if","locations":[{"start":{"line":15,"column":4},"end":{"line":15,"column":4}},{"start":{"line":15,"column":4},"end":{"line":15,"column":4}}]},"3":{"line":18,"type":"binary-expr","locations":[{"start":{"line":18,"column":18},"end":{"line":18,"column":25}},{"start":{"line":18,"column":29},"end":{"line":18,"column":74}}]},"4":{"line":29,"type":"cond-expr","locations":[{"start":{"line":29,"column":44},"end":{"line":29,"column":47}},{"start":{"line":29,"column":50},"end":{"line":29,"column":52}}]},"5":{"line":29,"type":"cond-expr","locations":[{"start":{"line":29,"column":98},"end":{"line":29,"column":102}},{"start":{"line":29,"column":104},"end":{"line":29,"column":107}}]},"6":{"line":33,"type":"if","locations":[{"start":{"line":33,"column":4},"end":{"line":33,"column":4}},{"start":{"line":33,"column":4},"end":{"line":33,"column":4}}]},"7":{"line":37,"type":"if","locations":[{"start":{"line":37,"column":11},"end":{"line":37,"column":11}},{"start":{"line":37,"column":11},"end":{"line":37,"column":11}}]},"8":{"line":39,"type":"binary-expr","locations":[{"start":{"line":39,"column":20},"end":{"line":39,"column":31}},{"start":{"line":39,"column":35},"end":{"line":39,"column":47}}]},"9":{"line":40,"type":"binary-expr","locations":[{"start":{"line":40,"column":22},"end":{"line":40,"column":35}},{"start":{"line":40,"column":39},"end":{"line":40,"column":44}}]},"10":{"line":54,"type":"if","locations":[{"start":{"line":54,"column":8},"end":{"line":54,"column":8}},{"start":{"line":54,"column":8},"end":{"line":54,"column":8}}]},"11":{"line":58,"type":"if","locations":[{"start":{"line":58,"column":12},"end":{"line":58,"column":12}},{"start":{"line":58,"column":12},"end":{"line":58,"column":12}}]},"12":{"line":59,"type":"if","locations":[{"start":{"line":59,"column":15},"end":{"line":59,"column":15}},{"start":{"line":59,"column":15},"end":{"line":59,"column":15}}]},"13":{"line":67,"type":"if","locations":[{"start":{"line":67,"column":12},"end":{"line":67,"column":12}},{"start":{"line":67,"column":12},"end":{"line":67,"column":12}}]},"14":{"line":70,"type":"if","locations":[{"start":{"line":70,"column":4},"end":{"line":70,"column":4}},{"start":{"line":70,"column":4},"end":{"line":70,"column":4}}]},"15":{"line":85,"type":"if","locations":[{"start":{"line":85,"column":8},"end":{"line":85,"column":8}},{"start":{"line":85,"column":8},"end":{"line":85,"column":8}}]},"16":{"line":129,"type":"binary-expr","locations":[{"start":{"line":129,"column":8},"end":{"line":129,"column":11}},{"start":{"line":129,"column":15},"end":{"line":129,"column":24}}]},"17":{"line":131,"type":"cond-expr","locations":[{"start":{"line":131,"column":31},"end":{"line":131,"column":42}},{"start":{"line":131,"column":45},"end":{"line":131,"column":47}}]},"18":{"line":137,"type":"cond-expr","locations":[{"start":{"line":137,"column":24},"end":{"line":137,"column":42}},{"start":{"line":137,"column":45},"end":{"line":137,"column":47}}]},"19":{"line":144,"type":"if","locations":[{"start":{"line":144,"column":2},"end":{"line":144,"column":2}},{"start":{"line":144,"column":2},"end":{"line":144,"column":2}}]},"20":{"line":150,"type":"if","locations":[{"start":{"line":150,"column":2},"end":{"line":150,"column":2}},{"start":{"line":150,"column":2},"end":{"line":150,"column":2}}]},"21":{"line":152,"type":"if","locations":[{"start":{"line":152,"column":4},"end":{"line":152,"column":4}},{"start":{"line":152,"column":4},"end":{"line":152,"column":4}}]}}},"/Users/cliftonc/work/pxr/lib/state.js":{"path":"/Users/cliftonc/work/pxr/lib/state.js","s":{"1":1,"2":1,"3":30,"4":30,"5":30,"6":30,"7":30,"8":1,"9":120,"10":30,"11":18,"12":5,"13":13,"14":13,"15":13,"16":209,"17":43,"18":43,"19":166,"20":42,"21":42,"22":21,"23":21,"24":21,"25":21,"26":21,"27":21,"28":21,"29":16,"30":16,"31":5,"32":5,"33":5,"34":1,"35":4,"36":0,"37":90,"38":90,"39":0,"40":21,"41":0,"42":213,"43":26,"44":26,"45":26,"46":90,"47":90,"48":90,"49":81,"50":26,"51":26,"52":89,"53":16,"54":90,"55":29,"56":3,"57":0,"58":0,"59":29,"60":59,"61":1,"62":166,"63":166,"64":148,"65":166,"66":29,"67":137,"68":29,"69":20,"70":5,"71":5,"72":29,"73":69,"74":69,"75":29,"76":29,"77":108,"78":1,"79":1,"80":1,"81":1,"82":1,"83":107,"84":59,"85":0,"86":0,"87":0,"88":0,"89":0,"90":0,"91":0,"92":0,"93":0,"94":0,"95":0,"96":0,"97":0,"98":1},"b":{"1":[30,30],"2":[30,30],"3":[30,30],"4":[30,30],"5":[30,30],"6":[5,13],"7":[13,13],"8":[13,13],"9":[43,166],"10":[43,16],"11":[3,18],"12":[1,4],"13":[4,0],"14":[0,0],"15":[14,199],"16":[26,26],"17":[90,4],"18":[26,55],"19":[59,58],"20":[148,148,111,111],"21":[29,137],"22":[166,58],"23":[29,108],"24":[137,29],"25":[5,15],"26":[5,5],"27":[69,0],"28":[1,107],"29":[1,0],"30":[1,1,1],"31":[0,0],"32":[0,0]},"f":{"1":30,"2":120,"3":18,"4":209,"5":42,"6":21,"7":21,"8":16,"9":16,"10":5,"11":5,"12":0,"13":90,"14":90,"15":0,"16":21,"17":0,"18":213,"19":26,"20":90,"21":90,"22":81,"23":89,"24":16,"25":90,"26":29,"27":3,"28":0,"29":0,"30":29,"31":59,"32":166,"33":0,"34":0,"35":0,"36":0,"37":0},"fnMap":{"1":{"name":"create","line":3,"loc":{"start":{"line":3,"column":0},"end":{"line":3,"column":24}}},"2":{"name":"closeTag","line":25,"loc":{"start":{"line":25,"column":2},"end":{"line":25,"column":29}}},"3":{"name":"(anonymous_3)","line":31,"loc":{"start":{"line":31,"column":20},"end":{"line":31,"column":46}}},"4":{"name":"(anonymous_4)","line":37,"loc":{"start":{"line":37,"column":17},"end":{"line":37,"column":32}}},"5":{"name":"(anonymous_5)","line":45,"loc":{"start":{"line":45,"column":18},"end":{"line":45,"column":29}}},"6":{"name":"(anonymous_6)","line":49,"loc":{"start":{"line":49,"column":28},"end":{"line":49,"column":65}}},"7":{"name":"(anonymous_7)","line":57,"loc":{"start":{"line":57,"column":26},"end":{"line":57,"column":37}}},"8":{"name":"(anonymous_8)","line":60,"loc":{"start":{"line":60,"column":25},"end":{"line":60,"column":54}}},"9":{"name":"(anonymous_9)","line":63,"loc":{"start":{"line":63,"column":23},"end":{"line":63,"column":42}}},"10":{"name":"(anonymous_10)","line":66,"loc":{"start":{"line":66,"column":24},"end":{"line":66,"column":50}}},"11":{"name":"(anonymous_11)","line":70,"loc":{"start":{"line":70,"column":30},"end":{"line":70,"column":58}}},"12":{"name":"(anonymous_12)","line":77,"loc":{"start":{"line":77,"column":32},"end":{"line":77,"column":51}}},"13":{"name":"(anonymous_13)","line":80,"loc":{"start":{"line":80,"column":27},"end":{"line":80,"column":38}}},"14":{"name":"(anonymous_14)","line":83,"loc":{"start":{"line":83,"column":27},"end":{"line":83,"column":38}}},"15":{"name":"(anonymous_15)","line":86,"loc":{"start":{"line":86,"column":19},"end":{"line":86,"column":30}}},"16":{"name":"(anonymous_16)","line":89,"loc":{"start":{"line":89,"column":20},"end":{"line":89,"column":31}}},"17":{"name":"(anonymous_17)","line":92,"loc":{"start":{"line":92,"column":16},"end":{"line":92,"column":34}}},"18":{"name":"(anonymous_18)","line":95,"loc":{"start":{"line":95,"column":15},"end":{"line":95,"column":30}}},"19":{"name":"(anonymous_19)","line":98,"loc":{"start":{"line":98,"column":16},"end":{"line":98,"column":40}}},"20":{"name":"(anonymous_20)","line":103,"loc":{"start":{"line":103,"column":23},"end":{"line":103,"column":47}}},"21":{"name":"(anonymous_21)","line":106,"loc":{"start":{"line":106,"column":32},"end":{"line":106,"column":50}}},"22":{"name":"(anonymous_22)","line":108,"loc":{"start":{"line":108,"column":42},"end":{"line":108,"column":63}}},"23":{"name":"(anonymous_23)","line":115,"loc":{"start":{"line":115,"column":24},"end":{"line":115,"column":42}}},"24":{"name":"(anonymous_24)","line":118,"loc":{"start":{"line":118,"column":25},"end":{"line":118,"column":43}}},"25":{"name":"(anonymous_25)","line":121,"loc":{"start":{"line":121,"column":27},"end":{"line":121,"column":45}}},"26":{"name":"(anonymous_26)","line":124,"loc":{"start":{"line":124,"column":24},"end":{"line":124,"column":35}}},"27":{"name":"(anonymous_27)","line":127,"loc":{"start":{"line":127,"column":13},"end":{"line":127,"column":28}}},"28":{"name":"(anonymous_28)","line":130,"loc":{"start":{"line":130,"column":18},"end":{"line":130,"column":36}}},"29":{"name":"(anonymous_29)","line":133,"loc":{"start":{"line":133,"column":18},"end":{"line":133,"column":36}}},"30":{"name":"(anonymous_30)","line":136,"loc":{"start":{"line":136,"column":12},"end":{"line":136,"column":23}}},"31":{"name":"(anonymous_31)","line":139,"loc":{"start":{"line":139,"column":15},"end":{"line":139,"column":49}}},"32":{"name":"checkDone","line":141,"loc":{"start":{"line":141,"column":9},"end":{"line":141,"column":30}}},"33":{"name":"(anonymous_33)","line":178,"loc":{"start":{"line":178,"column":27},"end":{"line":178,"column":50}}},"34":{"name":"(anonymous_34)","line":181,"loc":{"start":{"line":181,"column":27},"end":{"line":181,"column":43}}},"35":{"name":"(anonymous_35)","line":184,"loc":{"start":{"line":184,"column":25},"end":{"line":184,"column":46}}},"36":{"name":"(anonymous_36)","line":192,"loc":{"start":{"line":192,"column":22},"end":{"line":192,"column":44}}},"37":{"name":"(anonymous_37)","line":193,"loc":{"start":{"line":193,"column":30},"end":{"line":193,"column":45}}}},"statementMap":{"1":{"start":{"line":1,"column":0},"end":{"line":1,"column":26}},"2":{"start":{"line":3,"column":0},"end":{"line":203,"column":1}},"3":{"start":{"line":5,"column":2},"end":{"line":18,"column":4}},"4":{"start":{"line":20,"column":2},"end":{"line":20,"column":68}},"5":{"start":{"line":21,"column":2},"end":{"line":21,"column":82}},"6":{"start":{"line":22,"column":2},"end":{"line":22,"column":78}},"7":{"start":{"line":23,"column":2},"end":{"line":23,"column":62}},"8":{"start":{"line":25,"column":2},"end":{"line":27,"column":3}},"9":{"start":{"line":26,"column":4},"end":{"line":26,"column":42}},"10":{"start":{"line":30,"column":2},"end":{"line":202,"column":4}},"11":{"start":{"line":32,"column":8},"end":{"line":32,"column":29}},"12":{"start":{"line":32,"column":20},"end":{"line":32,"column":27}},"13":{"start":{"line":33,"column":8},"end":{"line":33,"column":86}},"14":{"start":{"line":34,"column":8},"end":{"line":34,"column":96}},"15":{"start":{"line":35,"column":8},"end":{"line":35,"column":59}},"16":{"start":{"line":38,"column":8},"end":{"line":43,"column":9}},"17":{"start":{"line":39,"column":10},"end":{"line":39,"column":94}},"18":{"start":{"line":40,"column":10},"end":{"line":40,"column":56}},"19":{"start":{"line":42,"column":10},"end":{"line":42,"column":50}},"20":{"start":{"line":46,"column":8},"end":{"line":46,"column":29}},"21":{"start":{"line":47,"column":8},"end":{"line":47,"column":45}},"22":{"start":{"line":50,"column":8},"end":{"line":50,"column":55}},"23":{"start":{"line":51,"column":8},"end":{"line":51,"column":77}},"24":{"start":{"line":52,"column":8},"end":{"line":52,"column":68}},"25":{"start":{"line":53,"column":8},"end":{"line":53,"column":82}},"26":{"start":{"line":54,"column":8},"end":{"line":54,"column":86}},"27":{"start":{"line":55,"column":8},"end":{"line":55,"column":85}},"28":{"start":{"line":58,"column":8},"end":{"line":58,"column":57}},"29":{"start":{"line":61,"column":8},"end":{"line":61,"column":54}},"30":{"start":{"line":64,"column":8},"end":{"line":64,"column":65}},"31":{"start":{"line":67,"column":8},"end":{"line":67,"column":65}},"32":{"start":{"line":68,"column":8},"end":{"line":68,"column":67}},"33":{"start":{"line":71,"column":8},"end":{"line":75,"column":9}},"34":{"start":{"line":72,"column":10},"end":{"line":72,"column":54}},"35":{"start":{"line":74,"column":10},"end":{"line":74,"column":90}},"36":{"start":{"line":78,"column":8},"end":{"line":78,"column":88}},"37":{"start":{"line":81,"column":8},"end":{"line":81,"column":44}},"38":{"start":{"line":84,"column":8},"end":{"line":84,"column":44}},"39":{"start":{"line":87,"column":8},"end":{"line":87,"column":30}},"40":{"start":{"line":90,"column":8},"end":{"line":90,"column":31}},"41":{"start":{"line":93,"column":8},"end":{"line":93,"column":46}},"42":{"start":{"line":96,"column":8},"end":{"line":96,"column":63}},"43":{"start":{"line":99,"column":8},"end":{"line":99,"column":34}},"44":{"start":{"line":100,"column":8},"end":{"line":100,"column":70}},"45":{"start":{"line":101,"column":8},"end":{"line":101,"column":61}},"46":{"start":{"line":104,"column":8},"end":{"line":104,"column":91}},"47":{"start":{"line":107,"column":8},"end":{"line":107,"column":39}},"48":{"start":{"line":108,"column":8},"end":{"line":113,"column":11}},"49":{"start":{"line":109,"column":10},"end":{"line":112,"column":11}},"50":{"start":{"line":110,"column":12},"end":{"line":110,"column":38}},"51":{"start":{"line":111,"column":12},"end":{"line":111,"column":53}},"52":{"start":{"line":116,"column":8},"end":{"line":116,"column":68}},"53":{"start":{"line":119,"column":8},"end":{"line":119,"column":68}},"54":{"start":{"line":122,"column":8},"end":{"line":122,"column":68}},"55":{"start":{"line":125,"column":8},"end":{"line":125,"column":35}},"56":{"start":{"line":128,"column":8},"end":{"line":128,"column":39}},"57":{"start":{"line":131,"column":8},"end":{"line":131,"column":50}},"58":{"start":{"line":134,"column":8},"end":{"line":134,"column":52}},"59":{"start":{"line":137,"column":8},"end":{"line":137,"column":30}},"60":{"start":{"line":140,"column":9},"end":{"line":140,"column":79}},"61":{"start":{"line":141,"column":9},"end":{"line":175,"column":10}},"62":{"start":{"line":142,"column":12},"end":{"line":142,"column":61}},"63":{"start":{"line":143,"column":12},"end":{"line":145,"column":13}},"64":{"start":{"line":144,"column":16},"end":{"line":144,"column":111}},"65":{"start":{"line":146,"column":12},"end":{"line":174,"column":13}},"66":{"start":{"line":147,"column":15},"end":{"line":147,"column":22}},"67":{"start":{"line":148,"column":19},"end":{"line":174,"column":13}},"68":{"start":{"line":150,"column":15},"end":{"line":155,"column":16}},"69":{"start":{"line":151,"column":18},"end":{"line":154,"column":19}},"70":{"start":{"line":152,"column":20},"end":{"line":152,"column":42}},"71":{"start":{"line":153,"column":20},"end":{"line":153,"column":63}},"72":{"start":{"line":157,"column":15},"end":{"line":159,"column":16}},"73":{"start":{"line":158,"column":18},"end":{"line":158,"column":81}},"74":{"start":{"line":158,"column":40},"end":{"line":158,"column":79}},"75":{"start":{"line":160,"column":15},"end":{"line":160,"column":109}},"76":{"start":{"line":161,"column":15},"end":{"line":161,"column":26}},"77":{"start":{"line":163,"column":16},"end":{"line":173,"column":17}},"78":{"start":{"line":164,"column":20},"end":{"line":164,"column":87}},"79":{"start":{"line":165,"column":20},"end":{"line":169,"column":21}},"80":{"start":{"line":166,"column":24},"end":{"line":168,"column":25}},"81":{"start":{"line":167,"column":28},"end":{"line":167,"column":103}},"82":{"start":{"line":170,"column":20},"end":{"line":170,"column":111}},"83":{"start":{"line":172,"column":19},"end":{"line":172,"column":44}},"84":{"start":{"line":176,"column":9},"end":{"line":176,"column":21}},"85":{"start":{"line":179,"column":8},"end":{"line":179,"column":58}},"86":{"start":{"line":182,"column":8},"end":{"line":182,"column":57}},"87":{"start":{"line":185,"column":8},"end":{"line":185,"column":35}},"88":{"start":{"line":186,"column":8},"end":{"line":188,"column":9}},"89":{"start":{"line":187,"column":10},"end":{"line":187,"column":22}},"90":{"start":{"line":189,"column":8},"end":{"line":189,"column":54}},"91":{"start":{"line":190,"column":8},"end":{"line":190,"column":21}},"92":{"start":{"line":193,"column":8},"end":{"line":200,"column":11}},"93":{"start":{"line":194,"column":10},"end":{"line":194,"column":37}},"94":{"start":{"line":195,"column":10},"end":{"line":197,"column":11}},"95":{"start":{"line":196,"column":12},"end":{"line":196,"column":25}},"96":{"start":{"line":198,"column":10},"end":{"line":198,"column":56}},"97":{"start":{"line":199,"column":10},"end":{"line":199,"column":22}},"98":{"start":{"line":205,"column":0},"end":{"line":207,"column":1}}},"branchMap":{"1":{"line":17,"type":"binary-expr","locations":[{"start":{"line":17,"column":19},"end":{"line":17,"column":37}},{"start":{"line":17,"column":41},"end":{"line":17,"column":43}}]},"2":{"line":20,"type":"binary-expr","locations":[{"start":{"line":20,"column":33},"end":{"line":20,"column":61}},{"start":{"line":20,"column":65},"end":{"line":20,"column":67}}]},"3":{"line":21,"type":"binary-expr","locations":[{"start":{"line":21,"column":40},"end":{"line":21,"column":75}},{"start":{"line":21,"column":79},"end":{"line":21,"column":81}}]},"4":{"line":22,"type":"binary-expr","locations":[{"start":{"line":22,"column":38},"end":{"line":22,"column":71}},{"start":{"line":22,"column":75},"end":{"line":22,"column":77}}]},"5":{"line":23,"type":"binary-expr","locations":[{"start":{"line":23,"column":30},"end":{"line":23,"column":55}},{"start":{"line":23,"column":59},"end":{"line":23,"column":61}}]},"6":{"line":32,"type":"if","locations":[{"start":{"line":32,"column":8},"end":{"line":32,"column":8}},{"start":{"line":32,"column":8},"end":{"line":32,"column":8}}]},"7":{"line":33,"type":"binary-expr","locations":[{"start":{"line":33,"column":45},"end":{"line":33,"column":79}},{"start":{"line":33,"column":83},"end":{"line":33,"column":85}}]},"8":{"line":34,"type":"binary-expr","locations":[{"start":{"line":34,"column":50},"end":{"line":34,"column":89}},{"start":{"line":34,"column":93},"end":{"line":34,"column":95}}]},"9":{"line":38,"type":"if","locations":[{"start":{"line":38,"column":8},"end":{"line":38,"column":8}},{"start":{"line":38,"column":8},"end":{"line":38,"column":8}}]},"10":{"line":39,"type":"binary-expr","locations":[{"start":{"line":39,"column":50},"end":{"line":39,"column":87}},{"start":{"line":39,"column":91},"end":{"line":39,"column":93}}]},"11":{"line":55,"type":"cond-expr","locations":[{"start":{"line":55,"column":72},"end":{"line":55,"column":76}},{"start":{"line":55,"column":79},"end":{"line":55,"column":84}}]},"12":{"line":71,"type":"if","locations":[{"start":{"line":71,"column":8},"end":{"line":71,"column":8}},{"start":{"line":71,"column":8},"end":{"line":71,"column":8}}]},"13":{"line":74,"type":"binary-expr","locations":[{"start":{"line":74,"column":47},"end":{"line":74,"column":83}},{"start":{"line":74,"column":87},"end":{"line":74,"column":89}}]},"14":{"line":78,"type":"binary-expr","locations":[{"start":{"line":78,"column":45},"end":{"line":78,"column":81}},{"start":{"line":78,"column":85},"end":{"line":78,"column":87}}]},"15":{"line":96,"type":"cond-expr","locations":[{"start":{"line":96,"column":36},"end":{"line":96,"column":54}},{"start":{"line":96,"column":57},"end":{"line":96,"column":62}}]},"16":{"line":100,"type":"binary-expr","locations":[{"start":{"line":100,"column":37},"end":{"line":100,"column":63}},{"start":{"line":100,"column":67},"end":{"line":100,"column":69}}]},"17":{"line":104,"type":"binary-expr","locations":[{"start":{"line":104,"column":15},"end":{"line":104,"column":41}},{"start":{"line":104,"column":45},"end":{"line":104,"column":90}}]},"18":{"line":109,"type":"if","locations":[{"start":{"line":109,"column":10},"end":{"line":109,"column":10}},{"start":{"line":109,"column":10},"end":{"line":109,"column":10}}]},"19":{"line":140,"type":"binary-expr","locations":[{"start":{"line":140,"column":50},"end":{"line":140,"column":70}},{"start":{"line":140,"column":74},"end":{"line":140,"column":78}}]},"20":{"line":144,"type":"binary-expr","locations":[{"start":{"line":144,"column":23},"end":{"line":144,"column":27}},{"start":{"line":144,"column":32},"end":{"line":144,"column":60}},{"start":{"line":144,"column":64},"end":{"line":144,"column":73}},{"start":{"line":144,"column":77},"end":{"line":144,"column":109}}]},"21":{"line":146,"type":"if","locations":[{"start":{"line":146,"column":12},"end":{"line":146,"column":12}},{"start":{"line":146,"column":12},"end":{"line":146,"column":12}}]},"22":{"line":146,"type":"binary-expr","locations":[{"start":{"line":146,"column":15},"end":{"line":146,"column":19}},{"start":{"line":146,"column":23},"end":{"line":146,"column":32}}]},"23":{"line":148,"type":"if","locations":[{"start":{"line":148,"column":19},"end":{"line":148,"column":19}},{"start":{"line":148,"column":19},"end":{"line":148,"column":19}}]},"24":{"line":148,"type":"binary-expr","locations":[{"start":{"line":148,"column":22},"end":{"line":148,"column":26}},{"start":{"line":148,"column":30},"end":{"line":148,"column":40}}]},"25":{"line":151,"type":"if","locations":[{"start":{"line":151,"column":18},"end":{"line":151,"column":18}},{"start":{"line":151,"column":18},"end":{"line":151,"column":18}}]},"26":{"line":152,"type":"binary-expr","locations":[{"start":{"line":152,"column":29},"end":{"line":152,"column":35}},{"start":{"line":152,"column":39},"end":{"line":152,"column":41}}]},"27":{"line":158,"type":"if","locations":[{"start":{"line":158,"column":18},"end":{"line":158,"column":18}},{"start":{"line":158,"column":18},"end":{"line":158,"column":18}}]},"28":{"line":163,"type":"if","locations":[{"start":{"line":163,"column":16},"end":{"line":163,"column":16}},{"start":{"line":163,"column":16},"end":{"line":163,"column":16}}]},"29":{"line":166,"type":"if","locations":[{"start":{"line":166,"column":24},"end":{"line":166,"column":24}},{"start":{"line":166,"column":24},"end":{"line":166,"column":24}}]},"30":{"line":166,"type":"binary-expr","locations":[{"start":{"line":166,"column":27},"end":{"line":166,"column":56}},{"start":{"line":166,"column":60},"end":{"line":166,"column":91}},{"start":{"line":166,"column":95},"end":{"line":166,"column":136}}]},"31":{"line":186,"type":"if","locations":[{"start":{"line":186,"column":8},"end":{"line":186,"column":8}},{"start":{"line":186,"column":8},"end":{"line":186,"column":8}}]},"32":{"line":195,"type":"if","locations":[{"start":{"line":195,"column":10},"end":{"line":195,"column":10}},{"start":{"line":195,"column":10},"end":{"line":195,"column":10}}]}}},"/Users/cliftonc/work/pxr/lib/void.js":{"path":"/Users/cliftonc/work/pxr/lib/void.js","s":{"1":1},"b":{},"f":{},"fnMap":{},"statementMap":{"1":{"start":{"line":6,"column":0},"end":{"line":36,"column":1}}},"branchMap":{}},"/Users/cliftonc/work/pxr/lib/attr.js":{"path":"/Users/cliftonc/work/pxr/lib/attr.js","s":{"1":1,"2":1,"3":1,"4":299,"5":0,"6":299,"7":66,"8":233,"9":0,"10":233,"11":1,"12":23,"13":51,"14":1,"15":18,"16":18,"17":66,"18":66,"19":66,"20":22,"21":22,"22":18,"23":1,"24":23,"25":26,"26":3,"27":23,"28":1},"b":{"1":[0,299],"2":[66,233],"3":[0,233],"4":[23,0],"5":[51,27],"6":[22,44],"7":[3,23]},"f":{"1":299,"2":23,"3":51,"4":18,"5":66,"6":23,"7":26},"fnMap":{"1":{"name":"getAttr","line":6,"loc":{"start":{"line":6,"column":0},"end":{"line":6,"column":30}}},"2":{"name":"getAttrStartingWith","line":19,"loc":{"start":{"line":19,"column":0},"end":{"line":19,"column":42}}},"3":{"name":"(anonymous_3)","line":21,"loc":{"start":{"line":21,"column":12},"end":{"line":21,"column":33}}},"4":{"name":"parseAttribs","line":26,"loc":{"start":{"line":26,"column":0},"end":{"line":26,"column":54}}},"5":{"name":"(anonymous_5)","line":28,"loc":{"start":{"line":28,"column":24},"end":{"line":28,"column":41}}},"6":{"name":"getSuffixes","line":39,"loc":{"start":{"line":39,"column":0},"end":{"line":39,"column":41}}},"7":{"name":"(anonymous_7)","line":40,"loc":{"start":{"line":40,"column":31},"end":{"line":40,"column":47}}}},"statementMap":{"1":{"start":{"line":3,"column":0},"end":{"line":3,"column":29}},"2":{"start":{"line":4,"column":0},"end":{"line":4,"column":26}},"3":{"start":{"line":6,"column":0},"end":{"line":17,"column":1}},"4":{"start":{"line":7,"column":2},"end":{"line":9,"column":3}},"5":{"start":{"line":8,"column":4},"end":{"line":8,"column":16}},"6":{"start":{"line":10,"column":2},"end":{"line":12,"column":3}},"7":{"start":{"line":11,"column":4},"end":{"line":11,"column":16}},"8":{"start":{"line":13,"column":2},"end":{"line":15,"column":3}},"9":{"start":{"line":14,"column":4},"end":{"line":14,"column":26}},"10":{"start":{"line":16,"column":2},"end":{"line":16,"column":14}},"11":{"start":{"line":19,"column":0},"end":{"line":24,"column":1}},"12":{"start":{"line":20,"column":2},"end":{"line":23,"column":7}},"13":{"start":{"line":22,"column":6},"end":{"line":22,"column":90}},"14":{"start":{"line":26,"column":0},"end":{"line":37,"column":1}},"15":{"start":{"line":27,"column":2},"end":{"line":27,"column":29}},"16":{"start":{"line":28,"column":2},"end":{"line":35,"column":5}},"17":{"start":{"line":29,"column":6},"end":{"line":29,"column":58}},"18":{"start":{"line":30,"column":6},"end":{"line":30,"column":40}},"19":{"start":{"line":31,"column":6},"end":{"line":34,"column":7}},"20":{"start":{"line":32,"column":8},"end":{"line":32,"column":37}},"21":{"start":{"line":33,"column":8},"end":{"line":33,"column":80}},"22":{"start":{"line":36,"column":2},"end":{"line":36,"column":17}},"23":{"start":{"line":39,"column":0},"end":{"line":46,"column":1}},"24":{"start":{"line":40,"column":2},"end":{"line":45,"column":6}},"25":{"start":{"line":41,"column":4},"end":{"line":43,"column":5}},"26":{"start":{"line":42,"column":6},"end":{"line":42,"column":51}},"27":{"start":{"line":44,"column":4},"end":{"line":44,"column":39}},"28":{"start":{"line":48,"column":0},"end":{"line":53,"column":2}}},"branchMap":{"1":{"line":7,"type":"if","locations":[{"start":{"line":7,"column":2},"end":{"line":7,"column":2}},{"start":{"line":7,"column":2},"end":{"line":7,"column":2}}]},"2":{"line":10,"type":"if","locations":[{"start":{"line":10,"column":2},"end":{"line":10,"column":2}},{"start":{"line":10,"column":2},"end":{"line":10,"column":2}}]},"3":{"line":13,"type":"if","locations":[{"start":{"line":13,"column":2},"end":{"line":13,"column":2}},{"start":{"line":13,"column":2},"end":{"line":13,"column":2}}]},"4":{"line":20,"type":"binary-expr","locations":[{"start":{"line":20,"column":21},"end":{"line":20,"column":26}},{"start":{"line":20,"column":30},"end":{"line":20,"column":32}}]},"5":{"line":22,"type":"binary-expr","locations":[{"start":{"line":22,"column":14},"end":{"line":22,"column":43}},{"start":{"line":22,"column":49},"end":{"line":22,"column":88}}]},"6":{"line":31,"type":"if","locations":[{"start":{"line":31,"column":6},"end":{"line":31,"column":6}},{"start":{"line":31,"column":6},"end":{"line":31,"column":6}}]},"7":{"line":41,"type":"if","locations":[{"start":{"line":41,"column":4},"end":{"line":41,"column":4}},{"start":{"line":41,"column":4},"end":{"line":41,"column":4}}]}}},"/Users/cliftonc/work/pxr/Plugins.js":{"path":"/Users/cliftonc/work/pxr/Plugins.js","s":{"1":1},"b":{},"f":{},"fnMap":{},"statementMap":{"1":{"start":{"line":1,"column":0},"end":{"line":7,"column":2}}},"branchMap":{}},"/Users/cliftonc/work/pxr/lib/plugins/url.js":{"path":"/Users/cliftonc/work/pxr/lib/plugins/url.js","s":{"1":1,"2":1,"3":1,"4":1,"5":1,"6":16,"7":2,"8":4,"9":4,"10":2,"11":3,"12":0,"13":1,"14":18,"15":1,"16":22,"17":22,"18":22,"19":22,"20":22,"21":22,"22":22,"23":22,"24":4,"25":18,"26":22,"27":18,"28":22,"29":66,"30":18,"31":18,"32":4,"33":14,"34":14,"35":18,"36":18,"37":22,"38":22,"39":22,"40":22,"41":22,"42":22,"43":22,"44":22,"45":0,"46":22,"47":0,"48":22,"49":0,"50":22,"51":0,"52":22,"53":22,"54":18,"55":18,"56":18,"57":18,"58":18,"59":1,"60":22,"61":18},"b":{"1":[22,20],"2":[22,0],"3":[4,18],"4":[22,18],"5":[4,14],"6":[18,15],"7":[0,22],"8":[0,22],"9":[0,22],"10":[0,22]},"f":{"1":16,"2":2,"3":4,"4":4,"5":3,"6":0,"7":18,"8":22,"9":22,"10":22,"11":66,"12":18,"13":22,"14":18,"15":22},"fnMap":{"1":{"name":"(anonymous_1)","line":9,"loc":{"start":{"line":9,"column":11},"end":{"line":9,"column":31}}},"2":{"name":"(anonymous_2)","line":12,"loc":{"start":{"line":12,"column":21},"end":{"line":12,"column":47}}},"3":{"name":"(anonymous_3)","line":13,"loc":{"start":{"line":13,"column":57},"end":{"line":13,"column":77}}},"4":{"name":"(anonymous_4)","line":14,"loc":{"start":{"line":14,"column":11},"end":{"line":14,"column":31}}},"5":{"name":"(anonymous_5)","line":17,"loc":{"start":{"line":17,"column":34},"end":{"line":17,"column":53}}},"6":{"name":"(anonymous_6)","line":21,"loc":{"start":{"line":21,"column":10},"end":{"line":21,"column":30}}},"7":{"name":"(anonymous_7)","line":26,"loc":{"start":{"line":26,"column":17},"end":{"line":26,"column":36}}},"8":{"name":"matchUrl","line":34,"loc":{"start":{"line":34,"column":2},"end":{"line":34,"column":53}}},"9":{"name":"(anonymous_9)","line":48,"loc":{"start":{"line":48,"column":57},"end":{"line":48,"column":75}}},"10":{"name":"(anonymous_10)","line":58,"loc":{"start":{"line":58,"column":58},"end":{"line":58,"column":76}}},"11":{"name":"(anonymous_11)","line":59,"loc":{"start":{"line":59,"column":31},"end":{"line":59,"column":49}}},"12":{"name":"(anonymous_12)","line":72,"loc":{"start":{"line":72,"column":53},"end":{"line":72,"column":79}}},"13":{"name":"(anonymous_13)","line":73,"loc":{"start":{"line":73,"column":48},"end":{"line":73,"column":77}}},"14":{"name":"(anonymous_14)","line":97,"loc":{"start":{"line":97,"column":36},"end":{"line":97,"column":61}}},"15":{"name":"match","line":107,"loc":{"start":{"line":107,"column":2},"end":{"line":107,"column":50}}}},"statementMap":{"1":{"start":{"line":3,"column":0},"end":{"line":3,"column":30}},"2":{"start":{"line":4,"column":0},"end":{"line":4,"column":30}},"3":{"start":{"line":5,"column":0},"end":{"line":5,"column":26}},"4":{"start":{"line":6,"column":0},"end":{"line":6,"column":29}},"5":{"start":{"line":8,"column":0},"end":{"line":24,"column":2}},"6":{"start":{"line":10,"column":4},"end":{"line":10,"column":29}},"7":{"start":{"line":13,"column":4},"end":{"line":16,"column":9}},"8":{"start":{"line":13,"column":79},"end":{"line":13,"column":98}},"9":{"start":{"line":15,"column":8},"end":{"line":15,"column":27}},"10":{"start":{"line":17,"column":4},"end":{"line":19,"column":7}},"11":{"start":{"line":18,"column":6},"end":{"line":18,"column":29}},"12":{"start":{"line":22,"column":4},"end":{"line":22,"column":30}},"13":{"start":{"line":26,"column":0},"end":{"line":117,"column":1}},"14":{"start":{"line":28,"column":2},"end":{"line":28,"column":55}},"15":{"start":{"line":34,"column":2},"end":{"line":105,"column":3}},"16":{"start":{"line":35,"column":4},"end":{"line":35,"column":77}},"17":{"start":{"line":36,"column":4},"end":{"line":36,"column":82}},"18":{"start":{"line":37,"column":4},"end":{"line":37,"column":73}},"19":{"start":{"line":38,"column":4},"end":{"line":38,"column":58}},"20":{"start":{"line":39,"column":4},"end":{"line":39,"column":78}},"21":{"start":{"line":41,"column":4},"end":{"line":41,"column":81}},"22":{"start":{"line":42,"column":4},"end":{"line":42,"column":86}},"23":{"start":{"line":44,"column":4},"end":{"line":46,"column":5}},"24":{"start":{"line":45,"column":6},"end":{"line":45,"column":19}},"25":{"start":{"line":48,"column":4},"end":{"line":56,"column":7}},"26":{"start":{"line":49,"column":6},"end":{"line":55,"column":8}},"27":{"start":{"line":58,"column":4},"end":{"line":62,"column":8}},"28":{"start":{"line":59,"column":6},"end":{"line":61,"column":9}},"29":{"start":{"line":60,"column":8},"end":{"line":60,"column":31}},"30":{"start":{"line":64,"column":4},"end":{"line":64,"column":63}},"31":{"start":{"line":65,"column":4},"end":{"line":70,"column":5}},"32":{"start":{"line":66,"column":6},"end":{"line":66,"column":39}},"33":{"start":{"line":68,"column":6},"end":{"line":68,"column":49}},"34":{"start":{"line":69,"column":6},"end":{"line":69,"column":56}},"35":{"start":{"line":72,"column":4},"end":{"line":101,"column":7}},"36":{"start":{"line":73,"column":6},"end":{"line":95,"column":9}},"37":{"start":{"line":74,"column":8},"end":{"line":74,"column":62}},"38":{"start":{"line":75,"column":8},"end":{"line":75,"column":74}},"39":{"start":{"line":76,"column":8},"end":{"line":76,"column":72}},"40":{"start":{"line":77,"column":8},"end":{"line":77,"column":71}},"41":{"start":{"line":78,"column":8},"end":{"line":78,"column":62}},"42":{"start":{"line":79,"column":8},"end":{"line":79,"column":70}},"43":{"start":{"line":80,"column":8},"end":{"line":80,"column":65}},"44":{"start":{"line":81,"column":8},"end":{"line":83,"column":9}},"45":{"start":{"line":82,"column":10},"end":{"line":82,"column":48}},"46":{"start":{"line":84,"column":8},"end":{"line":86,"column":9}},"47":{"start":{"line":85,"column":10},"end":{"line":85,"column":45}},"48":{"start":{"line":87,"column":8},"end":{"line":89,"column":9}},"49":{"start":{"line":88,"column":10},"end":{"line":88,"column":37}},"50":{"start":{"line":90,"column":8},"end":{"line":92,"column":9}},"51":{"start":{"line":91,"column":10},"end":{"line":91,"column":46}},"52":{"start":{"line":93,"column":8},"end":{"line":93,"column":65}},"53":{"start":{"line":94,"column":8},"end":{"line":94,"column":60}},"54":{"start":{"line":97,"column":6},"end":{"line":100,"column":9}},"55":{"start":{"line":98,"column":8},"end":{"line":98,"column":71}},"56":{"start":{"line":99,"column":8},"end":{"line":99,"column":27}},"57":{"start":{"line":103,"column":4},"end":{"line":103,"column":77}},"58":{"start":{"line":104,"column":4},"end":{"line":104,"column":16}},"59":{"start":{"line":107,"column":2},"end":{"line":109,"column":3}},"60":{"start":{"line":108,"column":4},"end":{"line":108,"column":53}},"61":{"start":{"line":111,"column":2},"end":{"line":115,"column":4}}},"branchMap":{"1":{"line":38,"type":"binary-expr","locations":[{"start":{"line":38,"column":23},"end":{"line":38,"column":44}},{"start":{"line":38,"column":48},"end":{"line":38,"column":57}}]},"2":{"line":39,"type":"binary-expr","locations":[{"start":{"line":39,"column":27},"end":{"line":39,"column":53}},{"start":{"line":39,"column":57},"end":{"line":39,"column":77}}]},"3":{"line":44,"type":"if","locations":[{"start":{"line":44,"column":4},"end":{"line":44,"column":4}},{"start":{"line":44,"column":4},"end":{"line":44,"column":4}}]},"4":{"line":44,"type":"binary-expr","locations":[{"start":{"line":44,"column":8},"end":{"line":44,"column":29}},{"start":{"line":44,"column":33},"end":{"line":44,"column":49}}]},"5":{"line":65,"type":"if","locations":[{"start":{"line":65,"column":4},"end":{"line":65,"column":4}},{"start":{"line":65,"column":4},"end":{"line":65,"column":4}}]},"6":{"line":65,"type":"binary-expr","locations":[{"start":{"line":65,"column":8},"end":{"line":65,"column":24}},{"start":{"line":65,"column":28},"end":{"line":65,"column":55}}]},"7":{"line":81,"type":"if","locations":[{"start":{"line":81,"column":8},"end":{"line":81,"column":8}},{"start":{"line":81,"column":8},"end":{"line":81,"column":8}}]},"8":{"line":84,"type":"if","locations":[{"start":{"line":84,"column":8},"end":{"line":84,"column":8}},{"start":{"line":84,"column":8},"end":{"line":84,"column":8}}]},"9":{"line":87,"type":"if","locations":[{"start":{"line":87,"column":8},"end":{"line":87,"column":8}},{"start":{"line":87,"column":8},"end":{"line":87,"column":8}}]},"10":{"line":90,"type":"if","locations":[{"start":{"line":90,"column":8},"end":{"line":90,"column":8}},{"start":{"line":90,"column":8},"end":{"line":90,"column":8}}]}}},"/Users/cliftonc/work/pxr/lib/plugins/test.js":{"path":"/Users/cliftonc/work/pxr/lib/plugins/test.js","s":{"1":1,"2":1,"3":1,"4":3,"5":3,"6":3,"7":2,"8":2,"9":2,"10":2,"11":1},"b":{"1":[2,1],"2":[3,2]},"f":{"1":3},"fnMap":{"1":{"name":"match","line":6,"loc":{"start":{"line":6,"column":0},"end":{"line":6,"column":48}}}},"statementMap":{"1":{"start":{"line":3,"column":0},"end":{"line":3,"column":30}},"2":{"start":{"line":4,"column":0},"end":{"line":4,"column":30}},"3":{"start":{"line":6,"column":0},"end":{"line":16,"column":1}},"4":{"start":{"line":7,"column":2},"end":{"line":7,"column":63}},"5":{"start":{"line":8,"column":2},"end":{"line":8,"column":72}},"6":{"start":{"line":10,"column":2},"end":{"line":15,"column":3}},"7":{"start":{"line":11,"column":4},"end":{"line":11,"column":48}},"8":{"start":{"line":12,"column":4},"end":{"line":12,"column":54}},"9":{"start":{"line":13,"column":4},"end":{"line":13,"column":70}},"10":{"start":{"line":14,"column":4},"end":{"line":14,"column":16}},"11":{"start":{"line":18,"column":0},"end":{"line":21,"column":2}}},"branchMap":{"1":{"line":10,"type":"if","locations":[{"start":{"line":10,"column":2},"end":{"line":10,"column":2}},{"start":{"line":10,"column":2},"end":{"line":10,"column":2}}]},"2":{"line":10,"type":"binary-expr","locations":[{"start":{"line":10,"column":6},"end":{"line":10,"column":14}},{"start":{"line":10,"column":18},"end":{"line":10,"column":31}}]}}},"/Users/cliftonc/work/pxr/lib/plugins/if.js":{"path":"/Users/cliftonc/work/pxr/lib/plugins/if.js","s":{"1":1,"2":1,"3":1,"4":9,"5":9,"6":9,"7":9,"8":9,"9":4,"10":5,"11":5,"12":1,"13":1,"14":1,"15":4,"16":4,"17":2,"18":2,"19":2,"20":4,"21":1},"b":{"1":[4,5],"2":[9,5],"3":[1,4],"4":[2,2],"5":[4,3]},"f":{"1":9},"fnMap":{"1":{"name":"match","line":6,"loc":{"start":{"line":6,"column":0},"end":{"line":6,"column":48}}}},"statementMap":{"1":{"start":{"line":3,"column":0},"end":{"line":3,"column":30}},"2":{"start":{"line":4,"column":0},"end":{"line":4,"column":30}},"3":{"start":{"line":6,"column":0},"end":{"line":34,"column":1}},"4":{"start":{"line":7,"column":2},"end":{"line":7,"column":59}},"5":{"start":{"line":8,"column":2},"end":{"line":8,"column":70}},"6":{"start":{"line":9,"column":2},"end":{"line":9,"column":73}},"7":{"start":{"line":10,"column":2},"end":{"line":10,"column":80}},"8":{"start":{"line":12,"column":2},"end":{"line":14,"column":3}},"9":{"start":{"line":13,"column":4},"end":{"line":13,"column":17}},"10":{"start":{"line":16,"column":2},"end":{"line":16,"column":90}},"11":{"start":{"line":18,"column":2},"end":{"line":22,"column":3}},"12":{"start":{"line":19,"column":4},"end":{"line":19,"column":40}},"13":{"start":{"line":20,"column":4},"end":{"line":20,"column":37}},"14":{"start":{"line":21,"column":4},"end":{"line":21,"column":16}},"15":{"start":{"line":25,"column":2},"end":{"line":25,"column":37}},"16":{"start":{"line":26,"column":2},"end":{"line":31,"column":3}},"17":{"start":{"line":27,"column":4},"end":{"line":27,"column":37}},"18":{"start":{"line":29,"column":4},"end":{"line":29,"column":46}},"19":{"start":{"line":30,"column":4},"end":{"line":30,"column":54}},"20":{"start":{"line":33,"column":2},"end":{"line":33,"column":14}},"21":{"start":{"line":36,"column":0},"end":{"line":39,"column":2}}},"branchMap":{"1":{"line":12,"type":"if","locations":[{"start":{"line":12,"column":2},"end":{"line":12,"column":2}},{"start":{"line":12,"column":2},"end":{"line":12,"column":2}}]},"2":{"line":12,"type":"binary-expr","locations":[{"start":{"line":12,"column":6},"end":{"line":12,"column":13}},{"start":{"line":12,"column":17},"end":{"line":12,"column":32}}]},"3":{"line":18,"type":"if","locations":[{"start":{"line":18,"column":2},"end":{"line":18,"column":2}},{"start":{"line":18,"column":2},"end":{"line":18,"column":2}}]},"4":{"line":26,"type":"if","locations":[{"start":{"line":26,"column":2},"end":{"line":26,"column":2}},{"start":{"line":26,"column":2},"end":{"line":26,"column":2}}]},"5":{"line":26,"type":"binary-expr","locations":[{"start":{"line":26,"column":5},"end":{"line":26,"column":21}},{"start":{"line":26,"column":25},"end":{"line":26,"column":52}}]}}},"/Users/cliftonc/work/pxr/lib/plugins/direct.js":{"path":"/Users/cliftonc/work/pxr/lib/plugins/direct.js","s":{"1":1,"2":1,"3":1,"4":0,"5":0,"6":0,"7":1},"b":{"1":[0,0]},"f":{"1":0},"fnMap":{"1":{"name":"match","line":6,"loc":{"start":{"line":6,"column":0},"end":{"line":6,"column":41}}}},"statementMap":{"1":{"start":{"line":3,"column":0},"end":{"line":3,"column":30}},"2":{"start":{"line":4,"column":0},"end":{"line":4,"column":30}},"3":{"start":{"line":6,"column":0},"end":{"line":11,"column":1}},"4":{"start":{"line":7,"column":2},"end":{"line":7,"column":67}},"5":{"start":{"line":8,"column":2},"end":{"line":10,"column":3}},"6":{"start":{"line":9,"column":4},"end":{"line":9,"column":62}},"7":{"start":{"line":13,"column":0},"end":{"line":16,"column":2}}},"branchMap":{"1":{"line":8,"type":"if","locations":[{"start":{"line":8,"column":2},"end":{"line":8,"column":2}},{"start":{"line":8,"column":2},"end":{"line":8,"column":2}}]}}},"/Users/cliftonc/work/pxr/lib/plugins/define-slot.js":{"path":"/Users/cliftonc/work/pxr/lib/plugins/define-slot.js","s":{"1":1,"2":1,"3":1,"4":1,"5":1,"6":6,"7":6,"8":6,"9":6,"10":6,"11":3,"12":3,"13":2,"14":1,"15":3,"16":3,"17":3,"18":3,"19":3},"b":{"1":[6,0],"2":[3,3],"3":[2,1],"4":[3,2],"5":[3,0]},"f":{"1":3,"2":6},"fnMap":{"1":{"name":"(anonymous_1)","line":7,"loc":{"start":{"line":7,"column":17},"end":{"line":7,"column":35}}},"2":{"name":"match","line":9,"loc":{"start":{"line":9,"column":2},"end":{"line":9,"column":50}}}},"statementMap":{"1":{"start":{"line":3,"column":0},"end":{"line":3,"column":30}},"2":{"start":{"line":4,"column":0},"end":{"line":4,"column":30}},"3":{"start":{"line":5,"column":0},"end":{"line":5,"column":26}},"4":{"start":{"line":7,"column":0},"end":{"line":35,"column":1}},"5":{"start":{"line":9,"column":2},"end":{"line":29,"column":3}},"6":{"start":{"line":10,"column":4},"end":{"line":10,"column":17}},"7":{"start":{"line":11,"column":4},"end":{"line":11,"column":45}},"8":{"start":{"line":12,"column":4},"end":{"line":12,"column":74}},"9":{"start":{"line":13,"column":4},"end":{"line":13,"column":82}},"10":{"start":{"line":15,"column":4},"end":{"line":27,"column":5}},"11":{"start":{"line":16,"column":6},"end":{"line":16,"column":37}},"12":{"start":{"line":17,"column":6},"end":{"line":21,"column":7}},"13":{"start":{"line":18,"column":8},"end":{"line":18,"column":41}},"14":{"start":{"line":20,"column":8},"end":{"line":20,"column":98}},"15":{"start":{"line":23,"column":6},"end":{"line":25,"column":7}},"16":{"start":{"line":24,"column":8},"end":{"line":24,"column":66}},"17":{"start":{"line":26,"column":6},"end":{"line":26,"column":18}},"18":{"start":{"line":28,"column":4},"end":{"line":28,"column":17}},"19":{"start":{"line":31,"column":2},"end":{"line":34,"column":4}}},"branchMap":{"1":{"line":11,"type":"binary-expr","locations":[{"start":{"line":11,"column":16},"end":{"line":11,"column":38}},{"start":{"line":11,"column":42},"end":{"line":11,"column":44}}]},"2":{"line":15,"type":"if","locations":[{"start":{"line":15,"column":4},"end":{"line":15,"column":4}},{"start":{"line":15,"column":4},"end":{"line":15,"column":4}}]},"3":{"line":17,"type":"if","locations":[{"start":{"line":17,"column":6},"end":{"line":17,"column":6}},{"start":{"line":17,"column":6},"end":{"line":17,"column":6}}]},"4":{"line":17,"type":"binary-expr","locations":[{"start":{"line":17,"column":9},"end":{"line":17,"column":25}},{"start":{"line":17,"column":29},"end":{"line":17,"column":56}}]},"5":{"line":23,"type":"if","locations":[{"start":{"line":23,"column":6},"end":{"line":23,"column":6}},{"start":{"line":23,"column":6},"end":{"line":23,"column":6}}]}}}}