TN:
SF:/Users/cliftonc/work/pxr/index.js
FN:7,(anonymous_1)
FN:16,(anonymous_2)
FN:43,(anonymous_3)
FN:47,(anonymous_4)
FN:51,(anonymous_5)
FN:55,(anonymous_6)
FN:59,(anonymous_7)
FN:75,(anonymous_8)
FN:77,(anonymous_9)
FN:79,(anonymous_10)
FN:80,(anonymous_11)
FNF:11
FNH:10
FNDA:30,(anonymous_1)
FNDA:90,(anonymous_2)
FNDA:0,(anonymous_3)
FNDA:29,(anonymous_4)
FNDA:3,(anonymous_5)
FNDA:3,(anonymous_6)
FNDA:90,(anonymous_7)
FNDA:30,(anonymous_8)
FNDA:30,(anonymous_9)
FNDA:29,(anonymous_10)
FNDA:29,(anonymous_11)
DA:1,1
DA:2,1
DA:3,1
DA:4,1
DA:5,1
DA:7,1
DA:10,30
DA:11,30
DA:13,30
DA:15,30
DA:18,90
DA:20,90
DA:22,90
DA:23,5
DA:24,5
DA:27,90
DA:28,2
DA:29,2
DA:32,88
DA:33,10
DA:34,10
DA:37,78
DA:38,78
DA:39,50
DA:44,0
DA:45,0
DA:48,29
DA:49,27
DA:52,3
DA:53,3
DA:56,3
DA:57,3
DA:61,90
DA:62,90
DA:63,16
DA:66,90
DA:67,90
DA:68,90
DA:70,90
DA:71,74
DA:77,30
DA:78,30
DA:79,29
DA:80,29
DA:81,29
DA:82,29
DA:90,30
DA:94,1
LF:48
LH:46
BRDA:10,1,0,30
BRDA:10,1,1,29
BRDA:11,2,0,30
BRDA:11,2,1,30
BRDA:22,3,0,5
BRDA:22,3,1,85
BRDA:27,4,0,2
BRDA:27,4,1,88
BRDA:32,5,0,10
BRDA:32,5,1,78
BRDA:37,6,0,78
BRDA:37,6,1,39
BRDA:38,7,0,50
BRDA:38,7,1,28
BRDA:44,8,0,0
BRDA:44,8,1,0
BRDA:48,9,0,2
BRDA:48,9,1,27
BRDA:52,10,0,0
BRDA:52,10,1,3
BRDA:56,11,0,0
BRDA:56,11,1,3
BRDA:62,12,0,16
BRDA:62,12,1,74
BRDA:62,13,0,90
BRDA:62,13,1,89
BRDA:70,14,0,74
BRDA:70,14,1,16
BRDA:78,15,0,1
BRDA:78,15,1,29
BRF:30
BRH:26
end_of_record
TN:
SF:/Users/cliftonc/work/pxr/lib/core.js
FN:7,render
FN:14,matchPlugin
FN:17,(anonymous_3)
FN:23,createTag
FN:25,(anonymous_5)
FN:32,createAssetTag
FN:47,pushFragment
FN:53,(anonymous_8)
FN:79,processDeferredStack
FN:81,(anonymous_10)
FN:88,(anonymous_11)
FN:95,isCxCustomTag
FN:99,renderTextInHandler
FN:100,(anonymous_14)
FN:101,(anonymous_15)
FN:128,getClientHint
FN:135,getClientHintHeader
FN:141,getClientHintTag
FN:148,prepareURL
FNF:19
FNH:11
FNDA:29,render
FNDA:39,matchPlugin
FNDA:42,(anonymous_3)
FNDA:79,createTag
FNDA:90,(anonymous_5)
FNDA:0,createAssetTag
FNDA:21,pushFragment
FNDA:21,(anonymous_8)
FNDA:29,processDeferredStack
FNDA:3,(anonymous_10)
FNDA:3,(anonymous_11)
FNDA:20,isCxCustomTag
FNDA:0,renderTextInHandler
FNDA:0,(anonymous_14)
FNDA:0,(anonymous_15)
FNDA:0,getClientHint
FNDA:0,getClientHintHeader
FNDA:0,getClientHintTag
FNDA:0,prepareURL
DA:3,1
DA:4,1
DA:5,1
DA:7,1
DA:8,29
DA:9,29
DA:10,29
DA:11,29
DA:14,1
DA:15,39
DA:16,38
DA:17,38
DA:18,42
DA:20,38
DA:23,1
DA:24,79
DA:25,79
DA:26,90
DA:27,90
DA:29,79
DA:32,1
DA:33,0
DA:34,0
DA:35,0
DA:37,0
DA:38,0
DA:39,0
DA:40,0
DA:41,0
DA:43,0
DA:47,1
DA:48,21
DA:49,21
DA:50,21
DA:51,21
DA:52,21
DA:53,21
DA:54,21
DA:56,5
DA:57,5
DA:58,5
DA:59,16
DA:61,0
DA:62,0
DA:65,16
DA:66,16
DA:67,16
DA:70,21
DA:71,18
DA:73,3
DA:75,21
DA:76,21
DA:79,1
DA:80,29
DA:81,29
DA:82,3
DA:83,3
DA:84,3
DA:85,3
DA:86,0
DA:88,3
DA:89,3
DA:90,3
DA:95,1
DA:96,20
DA:99,1
DA:100,0
DA:101,0
DA:102,0
DA:109,1
DA:128,1
DA:129,0
DA:130,0
DA:131,0
DA:132,0
DA:135,1
DA:136,0
DA:137,0
DA:138,0
DA:141,1
DA:142,0
DA:143,0
DA:144,0
DA:145,0
DA:148,1
DA:149,0
DA:150,0
DA:151,0
DA:152,0
DA:153,0
DA:156,0
DA:159,1
LF:92
LH:60
BRDA:8,1,0,0
BRDA:8,1,1,29
BRDA:15,2,0,1
BRDA:15,2,1,38
BRDA:18,3,0,42
BRDA:18,3,1,40
BRDA:29,4,0,0
BRDA:29,4,1,79
BRDA:29,5,0,5
BRDA:29,5,1,74
BRDA:33,6,0,0
BRDA:33,6,1,0
BRDA:37,7,0,0
BRDA:37,7,1,0
BRDA:39,8,0,0
BRDA:39,8,1,0
BRDA:40,9,0,0
BRDA:40,9,1,0
BRDA:54,10,0,5
BRDA:54,10,1,16
BRDA:58,11,0,0
BRDA:58,11,1,5
BRDA:59,12,0,0
BRDA:59,12,1,16
BRDA:67,13,0,0
BRDA:67,13,1,16
BRDA:70,14,0,18
BRDA:70,14,1,3
BRDA:85,15,0,0
BRDA:85,15,1,3
BRDA:129,16,0,0
BRDA:129,16,1,0
BRDA:131,17,0,0
BRDA:131,17,1,0
BRDA:137,18,0,0
BRDA:137,18,1,0
BRDA:144,19,0,0
BRDA:144,19,1,0
BRDA:150,20,0,0
BRDA:150,20,1,0
BRDA:152,21,0,0
BRDA:152,21,1,0
BRF:42
BRH:16
end_of_record
TN:
SF:/Users/cliftonc/work/pxr/lib/state.js
FN:3,create
FN:25,closeTag
FN:31,(anonymous_3)
FN:37,(anonymous_4)
FN:45,(anonymous_5)
FN:49,(anonymous_6)
FN:57,(anonymous_7)
FN:60,(anonymous_8)
FN:63,(anonymous_9)
FN:66,(anonymous_10)
FN:70,(anonymous_11)
FN:77,(anonymous_12)
FN:80,(anonymous_13)
FN:83,(anonymous_14)
FN:86,(anonymous_15)
FN:89,(anonymous_16)
FN:92,(anonymous_17)
FN:95,(anonymous_18)
FN:98,(anonymous_19)
FN:103,(anonymous_20)
FN:106,(anonymous_21)
FN:108,(anonymous_22)
FN:115,(anonymous_23)
FN:118,(anonymous_24)
FN:121,(anonymous_25)
FN:124,(anonymous_26)
FN:127,(anonymous_27)
FN:130,(anonymous_28)
FN:133,(anonymous_29)
FN:136,(anonymous_30)
FN:139,(anonymous_31)
FN:141,checkDone
FN:178,(anonymous_33)
FN:181,(anonymous_34)
FN:184,(anonymous_35)
FN:192,(anonymous_36)
FN:193,(anonymous_37)
FNF:37
FNH:27
FNDA:30,create
FNDA:120,closeTag
FNDA:18,(anonymous_3)
FNDA:209,(anonymous_4)
FNDA:42,(anonymous_5)
FNDA:21,(anonymous_6)
FNDA:21,(anonymous_7)
FNDA:16,(anonymous_8)
FNDA:16,(anonymous_9)
FNDA:5,(anonymous_10)
FNDA:5,(anonymous_11)
FNDA:0,(anonymous_12)
FNDA:90,(anonymous_13)
FNDA:90,(anonymous_14)
FNDA:0,(anonymous_15)
FNDA:21,(anonymous_16)
FNDA:0,(anonymous_17)
FNDA:213,(anonymous_18)
FNDA:26,(anonymous_19)
FNDA:90,(anonymous_20)
FNDA:90,(anonymous_21)
FNDA:81,(anonymous_22)
FNDA:89,(anonymous_23)
FNDA:16,(anonymous_24)
FNDA:90,(anonymous_25)
FNDA:29,(anonymous_26)
FNDA:3,(anonymous_27)
FNDA:0,(anonymous_28)
FNDA:0,(anonymous_29)
FNDA:29,(anonymous_30)
FNDA:59,(anonymous_31)
FNDA:166,checkDone
FNDA:0,(anonymous_33)
FNDA:0,(anonymous_34)
FNDA:0,(anonymous_35)
FNDA:0,(anonymous_36)
FNDA:0,(anonymous_37)
DA:1,1
DA:3,1
DA:5,30
DA:20,30
DA:21,30
DA:22,30
DA:23,30
DA:25,1
DA:26,120
DA:30,30
DA:32,18
DA:33,13
DA:34,13
DA:35,13
DA:38,209
DA:39,43
DA:40,43
DA:42,166
DA:46,42
DA:47,42
DA:50,21
DA:51,21
DA:52,21
DA:53,21
DA:54,21
DA:55,21
DA:58,21
DA:61,16
DA:64,16
DA:67,5
DA:68,5
DA:71,5
DA:72,1
DA:74,4
DA:78,0
DA:81,90
DA:84,90
DA:87,0
DA:90,21
DA:93,0
DA:96,213
DA:99,26
DA:100,26
DA:101,26
DA:104,90
DA:107,90
DA:108,90
DA:109,81
DA:110,26
DA:111,26
DA:116,89
DA:119,16
DA:122,90
DA:125,29
DA:128,3
DA:131,0
DA:134,0
DA:137,29
DA:140,59
DA:141,1
DA:142,166
DA:143,166
DA:144,148
DA:146,166
DA:147,29
DA:148,137
DA:150,29
DA:151,20
DA:152,5
DA:153,5
DA:157,29
DA:158,69
DA:160,29
DA:161,29
DA:163,108
DA:164,1
DA:165,1
DA:166,1
DA:167,1
DA:170,1
DA:172,107
DA:176,59
DA:179,0
DA:182,0
DA:185,0
DA:186,0
DA:187,0
DA:189,0
DA:190,0
DA:193,0
DA:194,0
DA:195,0
DA:196,0
DA:198,0
DA:199,0
DA:205,1
LF:96
LH:78
BRDA:17,1,0,30
BRDA:17,1,1,30
BRDA:20,2,0,30
BRDA:20,2,1,30
BRDA:21,3,0,30
BRDA:21,3,1,30
BRDA:22,4,0,30
BRDA:22,4,1,30
BRDA:23,5,0,30
BRDA:23,5,1,30
BRDA:32,6,0,5
BRDA:32,6,1,13
BRDA:33,7,0,13
BRDA:33,7,1,13
BRDA:34,8,0,13
BRDA:34,8,1,13
BRDA:38,9,0,43
BRDA:38,9,1,166
BRDA:39,10,0,43
BRDA:39,10,1,16
BRDA:55,11,0,3
BRDA:55,11,1,18
BRDA:71,12,0,1
BRDA:71,12,1,4
BRDA:74,13,0,4
BRDA:74,13,1,0
BRDA:78,14,0,0
BRDA:78,14,1,0
BRDA:96,15,0,14
BRDA:96,15,1,199
BRDA:100,16,0,26
BRDA:100,16,1,26
BRDA:104,17,0,90
BRDA:104,17,1,4
BRDA:109,18,0,26
BRDA:109,18,1,55
BRDA:140,19,0,59
BRDA:140,19,1,58
BRDA:144,20,0,148
BRDA:144,20,1,148
BRDA:144,20,2,111
BRDA:144,20,3,111
BRDA:146,21,0,29
BRDA:146,21,1,137
BRDA:146,22,0,166
BRDA:146,22,1,58
BRDA:148,23,0,29
BRDA:148,23,1,108
BRDA:148,24,0,137
BRDA:148,24,1,29
BRDA:151,25,0,5
BRDA:151,25,1,15
BRDA:152,26,0,5
BRDA:152,26,1,5
BRDA:158,27,0,69
BRDA:158,27,1,0
BRDA:163,28,0,1
BRDA:163,28,1,107
BRDA:166,29,0,1
BRDA:166,29,1,0
BRDA:166,30,0,1
BRDA:166,30,1,1
BRDA:166,30,2,1
BRDA:186,31,0,0
BRDA:186,31,1,0
BRDA:195,32,0,0
BRDA:195,32,1,0
BRF:67
BRH:58
end_of_record
TN:
SF:/Users/cliftonc/work/pxr/lib/void.js
FNF:0
FNH:0
DA:6,1
LF:1
LH:1
BRF:0
BRH:0
end_of_record
TN:
SF:/Users/cliftonc/work/pxr/lib/attr.js
FN:6,getAttr
FN:19,getAttrStartingWith
FN:21,(anonymous_3)
FN:26,parseAttribs
FN:28,(anonymous_5)
FN:39,getSuffixes
FN:40,(anonymous_7)
FNF:7
FNH:7
FNDA:299,getAttr
FNDA:23,getAttrStartingWith
FNDA:51,(anonymous_3)
FNDA:18,parseAttribs
FNDA:66,(anonymous_5)
FNDA:23,getSuffixes
FNDA:26,(anonymous_7)
DA:3,1
DA:4,1
DA:6,1
DA:7,299
DA:8,0
DA:10,299
DA:11,66
DA:13,233
DA:14,0
DA:16,233
DA:19,1
DA:20,23
DA:22,51
DA:26,1
DA:27,18
DA:28,18
DA:29,66
DA:30,66
DA:31,66
DA:32,22
DA:33,22
DA:36,18
DA:39,1
DA:40,23
DA:41,26
DA:42,3
DA:44,23
DA:48,1
LF:28
LH:26
BRDA:7,1,0,0
BRDA:7,1,1,299
BRDA:10,2,0,66
BRDA:10,2,1,233
BRDA:13,3,0,0
BRDA:13,3,1,233
BRDA:20,4,0,23
BRDA:20,4,1,0
BRDA:22,5,0,51
BRDA:22,5,1,27
BRDA:31,6,0,22
BRDA:31,6,1,44
BRDA:41,7,0,3
BRDA:41,7,1,23
BRF:14
BRH:11
end_of_record
TN:
SF:/Users/cliftonc/work/pxr/Plugins.js
FNF:0
FNH:0
DA:1,1
LF:1
LH:1
BRF:0
BRH:0
end_of_record
TN:
SF:/Users/cliftonc/work/pxr/lib/plugins/url.js
FN:9,(anonymous_1)
FN:12,(anonymous_2)
FN:13,(anonymous_3)
FN:14,(anonymous_4)
FN:17,(anonymous_5)
FN:21,(anonymous_6)
FN:26,(anonymous_7)
FN:34,matchUrl
FN:48,(anonymous_9)
FN:58,(anonymous_10)
FN:59,(anonymous_11)
FN:72,(anonymous_12)
FN:73,(anonymous_13)
FN:97,(anonymous_14)
FN:107,match
FNF:15
FNH:14
FNDA:16,(anonymous_1)
FNDA:2,(anonymous_2)
FNDA:4,(anonymous_3)
FNDA:4,(anonymous_4)
FNDA:3,(anonymous_5)
FNDA:0,(anonymous_6)
FNDA:18,(anonymous_7)
FNDA:22,matchUrl
FNDA:22,(anonymous_9)
FNDA:22,(anonymous_10)
FNDA:66,(anonymous_11)
FNDA:18,(anonymous_12)
FNDA:22,(anonymous_13)
FNDA:18,(anonymous_14)
FNDA:22,match
DA:3,1
DA:4,1
DA:5,1
DA:6,1
DA:8,1
DA:10,16
DA:13,4
DA:15,4
DA:17,2
DA:18,3
DA:22,0
DA:26,1
DA:28,18
DA:34,1
DA:35,22
DA:36,22
DA:37,22
DA:38,22
DA:39,22
DA:41,22
DA:42,22
DA:44,22
DA:45,4
DA:48,18
DA:49,22
DA:58,18
DA:59,22
DA:60,66
DA:64,18
DA:65,18
DA:66,4
DA:68,14
DA:69,14
DA:72,18
DA:73,18
DA:74,22
DA:75,22
DA:76,22
DA:77,22
DA:78,22
DA:79,22
DA:80,22
DA:81,22
DA:82,0
DA:84,22
DA:85,0
DA:87,22
DA:88,0
DA:90,22
DA:91,0
DA:93,22
DA:94,22
DA:97,18
DA:98,18
DA:99,18
DA:103,18
DA:104,18
DA:107,1
DA:108,22
DA:111,18
LF:60
LH:55
BRDA:38,1,0,22
BRDA:38,1,1,20
BRDA:39,2,0,22
BRDA:39,2,1,0
BRDA:44,3,0,4
BRDA:44,3,1,18
BRDA:44,4,0,22
BRDA:44,4,1,18
BRDA:65,5,0,4
BRDA:65,5,1,14
BRDA:65,6,0,18
BRDA:65,6,1,15
BRDA:81,7,0,0
BRDA:81,7,1,22
BRDA:84,8,0,0
BRDA:84,8,1,22
BRDA:87,9,0,0
BRDA:87,9,1,22
BRDA:90,10,0,0
BRDA:90,10,1,22
BRF:20
BRH:15
end_of_record
TN:
SF:/Users/cliftonc/work/pxr/lib/plugins/test.js
FN:6,match
FNF:1
FNH:1
FNDA:3,match
DA:3,1
DA:4,1
DA:6,1
DA:7,3
DA:8,3
DA:10,3
DA:11,2
DA:12,2
DA:13,2
DA:14,2
DA:18,1
LF:11
LH:11
BRDA:10,1,0,2
BRDA:10,1,1,1
BRDA:10,2,0,3
BRDA:10,2,1,2
BRF:4
BRH:4
end_of_record
TN:
SF:/Users/cliftonc/work/pxr/lib/plugins/if.js
FN:6,match
FNF:1
FNH:1
FNDA:9,match
DA:3,1
DA:4,1
DA:6,1
DA:7,9
DA:8,9
DA:9,9
DA:10,9
DA:12,9
DA:13,4
DA:16,5
DA:18,5
DA:19,1
DA:20,1
DA:21,1
DA:25,4
DA:26,4
DA:27,2
DA:29,2
DA:30,2
DA:33,4
DA:36,1
LF:21
LH:21
BRDA:12,1,0,4
BRDA:12,1,1,5
BRDA:12,2,0,9
BRDA:12,2,1,5
BRDA:18,3,0,1
BRDA:18,3,1,4
BRDA:26,4,0,2
BRDA:26,4,1,2
BRDA:26,5,0,4
BRDA:26,5,1,3
BRF:10
BRH:10
end_of_record
TN:
SF:/Users/cliftonc/work/pxr/lib/plugins/direct.js
FN:6,match
FNF:1
FNH:0
FNDA:0,match
DA:3,1
DA:4,1
DA:6,1
DA:7,0
DA:8,0
DA:9,0
DA:13,1
LF:7
LH:4
BRDA:8,1,0,0
BRDA:8,1,1,0
BRF:2
BRH:0
end_of_record
TN:
SF:/Users/cliftonc/work/pxr/lib/plugins/define-slot.js
FN:7,(anonymous_1)
FN:9,match
FNF:2
FNH:2
FNDA:3,(anonymous_1)
FNDA:6,match
DA:3,1
DA:4,1
DA:5,1
DA:7,1
DA:9,1
DA:10,6
DA:11,6
DA:12,6
DA:13,6
DA:15,6
DA:16,3
DA:17,3
DA:18,2
DA:20,1
DA:23,3
DA:24,3
DA:26,3
DA:28,3
DA:31,3
LF:19
LH:19
BRDA:11,1,0,6
BRDA:11,1,1,0
BRDA:15,2,0,3
BRDA:15,2,1,3
BRDA:17,3,0,2
BRDA:17,3,1,1
BRDA:17,4,0,3
BRDA:17,4,1,2
BRDA:23,5,0,3
BRDA:23,5,1,0
BRF:10
BRH:8
end_of_record
