TN:
SF:/Users/cliftonc/work/parxer/index.js
FN:7,(anonymous_1)
FN:16,(anonymous_2)
FN:43,(anonymous_3)
FN:47,(anonymous_4)
FN:51,(anonymous_5)
FN:55,(anonymous_6)
FN:59,(anonymous_7)
FN:75,(anonymous_8)
FN:77,(anonymous_9)
FN:79,(anonymous_10)
FN:80,(anonymous_11)
FNF:11
FNH:10
FNDA:73,(anonymous_1)
FNDA:201,(anonymous_2)
FNDA:0,(anonymous_3)
FNDA:38,(anonymous_4)
FNDA:3,(anonymous_5)
FNDA:3,(anonymous_6)
FNDA:201,(anonymous_7)
FNDA:73,(anonymous_8)
FNDA:73,(anonymous_9)
FNDA:72,(anonymous_10)
FNDA:72,(anonymous_11)
DA:1,1
DA:2,1
DA:3,1
DA:4,1
DA:5,1
DA:7,1
DA:10,73
DA:11,73
DA:13,73
DA:15,73
DA:18,201
DA:20,201
DA:22,201
DA:23,15
DA:24,15
DA:27,201
DA:28,2
DA:29,2
DA:32,199
DA:33,11
DA:34,11
DA:37,188
DA:38,188
DA:39,108
DA:44,0
DA:45,0
DA:48,38
DA:49,36
DA:52,3
DA:53,3
DA:56,3
DA:57,3
DA:61,201
DA:62,201
DA:63,47
DA:66,201
DA:67,201
DA:68,201
DA:70,201
DA:71,154
DA:77,73
DA:78,73
DA:79,72
DA:80,72
DA:81,72
DA:82,72
DA:90,73
DA:94,1
LF:48
LH:46
BRDA:10,1,0,73
BRDA:10,1,1,72
BRDA:11,2,0,73
BRDA:11,2,1,73
BRDA:22,3,0,15
BRDA:22,3,1,186
BRDA:27,4,0,2
BRDA:27,4,1,199
BRDA:32,5,0,11
BRDA:32,5,1,188
BRDA:37,6,0,188
BRDA:37,6,1,109
BRDA:38,7,0,108
BRDA:38,7,1,80
BRDA:44,8,0,0
BRDA:44,8,1,0
BRDA:48,9,0,2
BRDA:48,9,1,36
BRDA:52,10,0,0
BRDA:52,10,1,3
BRDA:56,11,0,0
BRDA:56,11,1,3
BRDA:62,12,0,47
BRDA:62,12,1,154
BRDA:62,13,0,201
BRDA:62,13,1,200
BRDA:70,14,0,154
BRDA:70,14,1,47
BRDA:78,15,0,1
BRDA:78,15,1,72
BRF:30
BRH:26
end_of_record
TN:
SF:/Users/cliftonc/work/parxer/lib/core.js
FN:8,escapeVariables
FN:10,(anonymous_2)
FN:13,(anonymous_3)
FN:19,render
FN:25,matchPlugin
FN:28,(anonymous_6)
FN:34,createTag
FN:36,(anonymous_8)
FN:43,createAssetTag
FN:58,pushFragment
FN:64,(anonymous_11)
FN:90,processDeferredStack
FN:92,(anonymous_13)
FN:99,(anonymous_14)
FN:106,isCxCustomTag
FN:110,renderTextInHandler
FN:111,(anonymous_17)
FN:112,(anonymous_18)
FN:139,getClientHint
FN:146,getClientHintHeader
FN:152,getClientHintTag
FN:159,prepareURL
FNF:22
FNH:22
FNDA:111,escapeVariables
FNDA:187,(anonymous_2)
FNDA:187,(anonymous_3)
FNDA:111,render
FNDA:109,matchPlugin
FNDA:129,(anonymous_6)
FNDA:195,createTag
FNDA:302,(anonymous_8)
FNDA:24,createAssetTag
FNDA:61,pushFragment
FNDA:61,(anonymous_11)
FNDA:72,processDeferredStack
FNDA:37,(anonymous_13)
FNDA:37,(anonymous_14)
FNDA:41,isCxCustomTag
FNDA:5,renderTextInHandler
FNDA:5,(anonymous_17)
FNDA:5,(anonymous_18)
FNDA:8,getClientHint
FNDA:2,getClientHintHeader
FNDA:6,getClientHintTag
FNDA:38,prepareURL
DA:3,1
DA:4,1
DA:5,1
DA:6,1
DA:8,1
DA:9,111
DA:11,187
DA:14,187
DA:15,187
DA:19,1
DA:20,111
DA:21,111
DA:22,111
DA:25,1
DA:26,109
DA:27,108
DA:28,108
DA:29,129
DA:31,108
DA:34,1
DA:35,195
DA:36,195
DA:37,302
DA:38,302
DA:40,195
DA:43,1
DA:44,24
DA:45,18
DA:46,18
DA:48,6
DA:49,6
DA:50,6
DA:51,6
DA:52,6
DA:54,0
DA:58,1
DA:59,61
DA:60,61
DA:61,61
DA:62,61
DA:63,61
DA:64,61
DA:65,61
DA:67,8
DA:68,8
DA:69,8
DA:70,53
DA:72,2
DA:73,2
DA:76,51
DA:77,51
DA:78,51
DA:81,61
DA:82,24
DA:84,37
DA:86,61
DA:87,61
DA:90,1
DA:91,72
DA:92,72
DA:93,37
DA:94,37
DA:95,37
DA:96,37
DA:97,5
DA:99,37
DA:100,37
DA:101,37
DA:106,1
DA:107,41
DA:110,1
DA:111,5
DA:112,5
DA:113,5
DA:120,1
DA:139,1
DA:140,8
DA:141,8
DA:142,8
DA:143,8
DA:146,1
DA:147,2
DA:148,2
DA:149,2
DA:152,1
DA:153,6
DA:154,6
DA:155,6
DA:156,6
DA:159,1
DA:160,38
DA:161,38
DA:162,3
DA:163,3
DA:164,3
DA:167,35
DA:170,1
LF:97
LH:96
BRDA:20,1,0,0
BRDA:20,1,1,111
BRDA:26,2,0,1
BRDA:26,2,1,108
BRDA:29,3,0,129
BRDA:29,3,1,119
BRDA:40,4,0,0
BRDA:40,4,1,195
BRDA:40,5,0,18
BRDA:40,5,1,177
BRDA:44,6,0,18
BRDA:44,6,1,6
BRDA:48,7,0,6
BRDA:48,7,1,0
BRDA:50,8,0,6
BRDA:50,8,1,4
BRDA:51,9,0,6
BRDA:51,9,1,4
BRDA:65,10,0,8
BRDA:65,10,1,53
BRDA:69,11,0,0
BRDA:69,11,1,8
BRDA:70,12,0,2
BRDA:70,12,1,51
BRDA:78,13,0,5
BRDA:78,13,1,46
BRDA:81,14,0,24
BRDA:81,14,1,37
BRDA:96,15,0,5
BRDA:96,15,1,32
BRDA:140,16,0,8
BRDA:140,16,1,2
BRDA:142,17,0,8
BRDA:142,17,1,0
BRDA:148,18,0,2
BRDA:148,18,1,0
BRDA:155,19,0,1
BRDA:155,19,1,5
BRDA:161,20,0,3
BRDA:161,20,1,35
BRDA:163,21,0,3
BRDA:163,21,1,0
BRF:42
BRH:35
end_of_record
TN:
SF:/Users/cliftonc/work/parxer/lib/state.js
FN:3,create
FN:25,closeTag
FN:31,(anonymous_3)
FN:37,(anonymous_4)
FN:45,(anonymous_5)
FN:49,(anonymous_6)
FN:57,(anonymous_7)
FN:60,(anonymous_8)
FN:63,(anonymous_9)
FN:66,(anonymous_10)
FN:70,(anonymous_11)
FN:77,(anonymous_12)
FN:80,(anonymous_13)
FN:83,(anonymous_14)
FN:86,(anonymous_15)
FN:89,(anonymous_16)
FN:92,(anonymous_17)
FN:95,(anonymous_18)
FN:98,(anonymous_19)
FN:103,(anonymous_20)
FN:106,(anonymous_21)
FN:108,(anonymous_22)
FN:115,(anonymous_23)
FN:118,(anonymous_24)
FN:121,(anonymous_25)
FN:124,(anonymous_26)
FN:127,(anonymous_27)
FN:130,(anonymous_28)
FN:133,(anonymous_29)
FN:136,(anonymous_30)
FN:139,(anonymous_31)
FN:141,checkDone
FN:179,(anonymous_33)
FN:182,(anonymous_34)
FN:185,(anonymous_35)
FN:193,(anonymous_36)
FN:194,(anonymous_37)
FNF:37
FNH:35
FNDA:73,create
FNDA:272,closeTag
FNDA:47,(anonymous_3)
FNDA:432,(anonymous_4)
FNDA:122,(anonymous_5)
FNDA:61,(anonymous_6)
FNDA:61,(anonymous_7)
FNDA:51,(anonymous_8)
FNDA:53,(anonymous_9)
FNDA:8,(anonymous_10)
FNDA:8,(anonymous_11)
FNDA:2,(anonymous_12)
FNDA:201,(anonymous_13)
FNDA:201,(anonymous_14)
FNDA:0,(anonymous_15)
FNDA:61,(anonymous_16)
FNDA:0,(anonymous_17)
FNDA:444,(anonymous_18)
FNDA:67,(anonymous_19)
FNDA:201,(anonymous_20)
FNDA:201,(anonymous_21)
FNDA:163,(anonymous_22)
FNDA:200,(anonymous_23)
FNDA:56,(anonymous_24)
FNDA:201,(anonymous_25)
FNDA:72,(anonymous_26)
FNDA:37,(anonymous_27)
FNDA:5,(anonymous_28)
FNDA:7,(anonymous_29)
FNDA:72,(anonymous_30)
FNDA:145,(anonymous_31)
FNDA:9438,checkDone
FNDA:2,(anonymous_33)
FNDA:2,(anonymous_34)
FNDA:17,(anonymous_35)
FNDA:15,(anonymous_36)
FNDA:19,(anonymous_37)
DA:1,1
DA:3,1
DA:5,73
DA:20,73
DA:21,73
DA:22,73
DA:23,73
DA:25,1
DA:26,272
DA:30,73
DA:32,47
DA:33,42
DA:34,42
DA:35,42
DA:38,432
DA:39,56
DA:40,56
DA:42,376
DA:46,122
DA:47,122
DA:50,61
DA:51,61
DA:52,61
DA:53,61
DA:54,61
DA:55,61
DA:58,61
DA:61,51
DA:64,53
DA:67,8
DA:68,8
DA:71,8
DA:72,3
DA:74,5
DA:78,2
DA:81,201
DA:84,201
DA:87,0
DA:90,61
DA:93,0
DA:96,444
DA:99,67
DA:100,67
DA:101,67
DA:104,201
DA:107,201
DA:108,201
DA:109,163
DA:110,65
DA:111,65
DA:116,200
DA:119,56
DA:122,201
DA:125,72
DA:128,37
DA:131,5
DA:134,7
DA:137,72
DA:140,145
DA:141,1
DA:142,9438
DA:143,9438
DA:144,9414
DA:146,9438
DA:147,72
DA:148,9366
DA:150,72
DA:151,60
DA:152,8
DA:153,8
DA:157,72
DA:158,192
DA:160,72
DA:161,72
DA:163,9294
DA:164,1
DA:166,1
DA:167,1
DA:168,1
DA:171,1
DA:173,9293
DA:177,145
DA:180,2
DA:183,2
DA:186,17
DA:187,17
DA:188,1
DA:190,16
DA:191,16
DA:194,15
DA:195,19
DA:196,19
DA:197,3
DA:199,16
DA:200,16
DA:206,1
LF:96
LH:94
BRDA:17,1,0,73
BRDA:17,1,1,70
BRDA:20,2,0,73
BRDA:20,2,1,73
BRDA:21,3,0,73
BRDA:21,3,1,73
BRDA:22,4,0,73
BRDA:22,4,1,72
BRDA:23,5,0,73
BRDA:23,5,1,73
BRDA:32,6,0,5
BRDA:32,6,1,42
BRDA:33,7,0,42
BRDA:33,7,1,41
BRDA:34,8,0,42
BRDA:34,8,1,42
BRDA:38,9,0,56
BRDA:38,9,1,376
BRDA:39,10,0,56
BRDA:39,10,1,27
BRDA:55,11,0,37
BRDA:55,11,1,24
BRDA:71,12,0,3
BRDA:71,12,1,5
BRDA:74,13,0,5
BRDA:74,13,1,0
BRDA:78,14,0,2
BRDA:78,14,1,0
BRDA:96,15,0,15
BRDA:96,15,1,429
BRDA:100,16,0,67
BRDA:100,16,1,59
BRDA:104,17,0,201
BRDA:104,17,1,4
BRDA:109,18,0,65
BRDA:109,18,1,98
BRDA:140,19,0,145
BRDA:140,19,1,144
BRDA:144,20,0,9414
BRDA:144,20,1,9414
BRDA:144,20,2,9331
BRDA:144,20,3,9331
BRDA:146,21,0,72
BRDA:146,21,1,9366
BRDA:146,22,0,9438
BRDA:146,22,1,144
BRDA:148,23,0,72
BRDA:148,23,1,9294
BRDA:148,24,0,9366
BRDA:148,24,1,72
BRDA:151,25,0,8
BRDA:151,25,1,52
BRDA:152,26,0,8
BRDA:152,26,1,8
BRDA:158,27,0,190
BRDA:158,27,1,2
BRDA:163,28,0,1
BRDA:163,28,1,9293
BRDA:167,29,0,1
BRDA:167,29,1,0
BRDA:167,30,0,1
BRDA:167,30,1,1
BRDA:167,30,2,1
BRDA:187,31,0,1
BRDA:187,31,1,16
BRDA:196,32,0,3
BRDA:196,32,1,16
BRF:67
BRH:64
end_of_record
TN:
SF:/Users/cliftonc/work/parxer/lib/void.js
FNF:0
FNH:0
DA:6,1
LF:1
LH:1
BRF:0
BRH:0
end_of_record
TN:
SF:/Users/cliftonc/work/parxer/lib/attr.js
FN:6,getAttr
FN:19,getAttrStartingWith
FN:21,(anonymous_3)
FN:26,parseAttribs
FN:28,(anonymous_5)
FN:39,getSuffixes
FN:40,(anonymous_7)
FNF:7
FNH:7
FNDA:715,getAttr
FNDA:23,getAttrStartingWith
FNDA:51,(anonymous_3)
FNDA:24,parseAttribs
FNDA:84,(anonymous_5)
FNDA:23,getSuffixes
FNDA:26,(anonymous_7)
DA:3,1
DA:4,1
DA:6,1
DA:7,715
DA:8,0
DA:10,715
DA:11,162
DA:13,553
DA:14,0
DA:16,553
DA:19,1
DA:20,23
DA:22,51
DA:26,1
DA:27,24
DA:28,24
DA:29,84
DA:30,84
DA:31,84
DA:32,28
DA:33,28
DA:36,24
DA:39,1
DA:40,23
DA:41,26
DA:42,3
DA:44,23
DA:48,1
LF:28
LH:26
BRDA:7,1,0,0
BRDA:7,1,1,715
BRDA:10,2,0,162
BRDA:10,2,1,553
BRDA:13,3,0,0
BRDA:13,3,1,553
BRDA:20,4,0,23
BRDA:20,4,1,0
BRDA:22,5,0,51
BRDA:22,5,1,27
BRDA:31,6,0,28
BRDA:31,6,1,56
BRDA:41,7,0,3
BRDA:41,7,1,23
BRF:14
BRH:11
end_of_record
TN:
SF:/Users/cliftonc/work/parxer/Plugins.js
FNF:0
FNH:0
DA:1,1
LF:1
LH:1
BRF:0
BRH:0
end_of_record
TN:
SF:/Users/cliftonc/work/parxer/lib/plugins/url.js
FN:9,(anonymous_1)
FN:12,(anonymous_2)
FN:13,(anonymous_3)
FN:14,(anonymous_4)
FN:17,(anonymous_5)
FN:21,(anonymous_6)
FN:26,(anonymous_7)
FN:34,matchUrl
FN:48,(anonymous_9)
FN:58,(anonymous_10)
FN:59,(anonymous_11)
FN:72,(anonymous_12)
FN:73,(anonymous_13)
FN:97,(anonymous_14)
FN:107,match
FNF:15
FNH:14
FNDA:16,(anonymous_1)
FNDA:2,(anonymous_2)
FNDA:4,(anonymous_3)
FNDA:4,(anonymous_4)
FNDA:3,(anonymous_5)
FNDA:0,(anonymous_6)
FNDA:18,(anonymous_7)
FNDA:22,matchUrl
FNDA:22,(anonymous_9)
FNDA:22,(anonymous_10)
FNDA:66,(anonymous_11)
FNDA:18,(anonymous_12)
FNDA:22,(anonymous_13)
FNDA:18,(anonymous_14)
FNDA:22,match
DA:3,1
DA:4,1
DA:5,1
DA:6,1
DA:8,1
DA:10,16
DA:13,4
DA:15,4
DA:17,2
DA:18,3
DA:22,0
DA:26,1
DA:28,18
DA:34,1
DA:35,22
DA:36,22
DA:37,22
DA:38,22
DA:39,22
DA:41,22
DA:42,22
DA:44,22
DA:45,4
DA:48,18
DA:49,22
DA:58,18
DA:59,22
DA:60,66
DA:64,18
DA:65,18
DA:66,4
DA:68,14
DA:69,14
DA:72,18
DA:73,18
DA:74,22
DA:75,22
DA:76,22
DA:77,22
DA:78,22
DA:79,22
DA:80,22
DA:81,22
DA:82,0
DA:84,22
DA:85,0
DA:87,22
DA:88,0
DA:90,22
DA:91,0
DA:93,22
DA:94,22
DA:97,18
DA:98,18
DA:99,18
DA:103,18
DA:104,18
DA:107,1
DA:108,22
DA:111,18
LF:60
LH:55
BRDA:38,1,0,22
BRDA:38,1,1,20
BRDA:39,2,0,22
BRDA:39,2,1,0
BRDA:44,3,0,4
BRDA:44,3,1,18
BRDA:44,4,0,22
BRDA:44,4,1,18
BRDA:65,5,0,4
BRDA:65,5,1,14
BRDA:65,6,0,18
BRDA:65,6,1,15
BRDA:81,7,0,0
BRDA:81,7,1,22
BRDA:84,8,0,0
BRDA:84,8,1,22
BRDA:87,9,0,0
BRDA:87,9,1,22
BRDA:90,10,0,0
BRDA:90,10,1,22
BRF:20
BRH:15
end_of_record
TN:
SF:/Users/cliftonc/work/parxer/lib/plugins/test.js
FN:6,match
FNF:1
FNH:1
FNDA:3,match
DA:3,1
DA:4,1
DA:6,1
DA:7,3
DA:8,3
DA:10,3
DA:11,2
DA:12,2
DA:13,2
DA:14,2
DA:18,1
LF:11
LH:11
BRDA:10,1,0,2
BRDA:10,1,1,1
BRDA:10,2,0,3
BRDA:10,2,1,2
BRF:4
BRH:4
end_of_record
TN:
SF:/Users/cliftonc/work/parxer/lib/plugins/if.js
FN:6,match
FNF:1
FNH:1
FNDA:11,match
DA:3,1
DA:4,1
DA:6,1
DA:7,11
DA:8,11
DA:9,11
DA:10,11
DA:12,11
DA:13,5
DA:16,6
DA:18,6
DA:19,1
DA:20,1
DA:21,1
DA:25,5
DA:26,5
DA:27,3
DA:29,2
DA:30,2
DA:33,5
DA:36,1
LF:21
LH:21
BRDA:12,1,0,5
BRDA:12,1,1,6
BRDA:12,2,0,11
BRDA:12,2,1,6
BRDA:18,3,0,1
BRDA:18,3,1,5
BRDA:26,4,0,3
BRDA:26,4,1,2
BRDA:26,5,0,5
BRDA:26,5,1,3
BRF:10
BRH:10
end_of_record
TN:
SF:/Users/cliftonc/work/parxer/lib/plugins/bundle.js
FN:7,(anonymous_1)
FN:11,makeBundleKey
FN:15,makeDirectAssetUrl
FN:34,matchBundles
FN:65,(anonymous_5)
FN:130,(anonymous_6)
FN:165,match
FNF:7
FNH:7
FNDA:15,(anonymous_1)
FNDA:34,makeBundleKey
FNDA:17,makeDirectAssetUrl
FNDA:19,matchBundles
FNDA:17,(anonymous_5)
FNDA:15,(anonymous_6)
FNDA:19,match
DA:3,1
DA:4,1
DA:5,1
DA:7,1
DA:9,15
DA:11,1
DA:12,34
DA:15,1
DA:16,17
DA:19,17
DA:22,17
DA:24,17
DA:34,1
DA:36,19
DA:37,19
DA:38,19
DA:39,19
DA:40,19
DA:41,19
DA:42,19
DA:43,19
DA:44,19
DA:46,19
DA:47,3
DA:51,16
DA:52,0
DA:55,16
DA:56,0
DA:57,0
DA:60,16
DA:61,16
DA:63,16
DA:65,16
DA:66,17
DA:68,0
DA:71,17
DA:72,17
DA:73,17
DA:78,17
DA:79,0
DA:82,17
DA:83,17
DA:84,2
DA:85,2
DA:88,17
DA:90,17
DA:93,17
DA:96,17
DA:99,17
DA:100,17
DA:101,1
DA:104,17
DA:106,17
DA:107,17
DA:109,17
DA:110,7
DA:112,10
DA:113,10
DA:116,17
DA:117,1
DA:120,16
DA:122,16
DA:125,1
DA:126,1
DA:130,15
DA:131,15
DA:133,0
DA:134,0
DA:135,0
DA:136,0
DA:140,15
DA:141,15
DA:143,15
DA:145,1
DA:146,1
DA:147,1
DA:148,1
DA:150,15
DA:151,1
DA:152,1
DA:154,14
DA:162,16
DA:165,1
DA:166,19
DA:169,15
LF:85
LH:76
BRDA:19,1,0,2
BRDA:19,1,1,15
BRDA:46,2,0,3
BRDA:46,2,1,16
BRDA:46,3,0,19
BRDA:46,3,1,16
BRDA:51,4,0,0
BRDA:51,4,1,16
BRDA:51,5,0,16
BRDA:51,5,1,16
BRDA:55,6,0,0
BRDA:55,6,1,16
BRDA:63,7,0,1
BRDA:63,7,1,15
BRDA:66,8,0,0
BRDA:66,8,1,17
BRDA:78,9,0,0
BRDA:78,9,1,17
BRDA:78,10,0,17
BRDA:78,10,1,17
BRDA:79,11,0,0
BRDA:79,11,1,0
BRDA:83,12,0,2
BRDA:83,12,1,15
BRDA:99,13,0,17
BRDA:99,13,1,2
BRDA:100,14,0,1
BRDA:100,14,1,16
BRDA:109,15,0,7
BRDA:109,15,1,10
BRDA:109,16,0,17
BRDA:109,16,1,10
BRDA:116,17,0,1
BRDA:116,17,1,16
BRDA:122,18,0,1
BRDA:122,18,1,15
BRDA:131,19,0,0
BRDA:131,19,1,15
BRDA:131,20,0,15
BRDA:131,20,1,15
BRDA:134,21,0,0
BRDA:134,21,1,0
BRDA:135,22,0,0
BRDA:135,22,1,0
BRDA:143,23,0,1
BRDA:143,23,1,14
BRDA:146,24,0,0
BRDA:146,24,1,1
BRDA:150,25,0,1
BRDA:150,25,1,14
BRDA:151,26,0,1
BRDA:151,26,1,0
BRF:52
BRH:39
end_of_record
TN:
SF:/Users/cliftonc/work/parxer/lib/plugins/image.js
FN:7,(anonymous_1)
FN:16,matchImages
FN:68,(anonymous_3)
FN:83,match
FNF:4
FNH:4
FNDA:8,(anonymous_1)
FNDA:11,matchImages
FNDA:7,(anonymous_3)
FNDA:11,match
DA:3,1
DA:4,1
DA:5,1
DA:7,1
DA:9,8
DA:10,8
DA:16,1
DA:17,11
DA:18,11
DA:19,11
DA:21,11
DA:22,3
DA:26,8
DA:27,1
DA:30,7
DA:33,7
DA:34,0
DA:37,7
DA:38,7
DA:43,7
DA:46,7
DA:47,7
DA:48,1
DA:51,7
DA:55,7
DA:58,7
DA:59,7
DA:61,7
DA:62,7
DA:65,7
DA:68,7
DA:69,7
DA:70,7
DA:72,7
DA:73,3
DA:74,3
DA:76,4
DA:80,7
DA:83,1
DA:84,11
DA:87,8
LF:41
LH:40
BRDA:21,1,0,3
BRDA:21,1,1,8
BRDA:26,2,0,1
BRDA:26,2,1,7
BRDA:26,3,0,8
BRDA:26,3,1,7
BRDA:33,4,0,0
BRDA:33,4,1,7
BRDA:46,5,0,7
BRDA:46,5,1,1
BRDA:47,6,0,1
BRDA:47,6,1,6
BRDA:72,7,0,3
BRDA:72,7,1,4
BRDA:73,8,0,3
BRDA:73,8,1,3
BRF:16
BRH:15
end_of_record
TN:
SF:/Users/cliftonc/work/parxer/lib/plugins/content.js
FN:6,(anonymous_1)
FN:14,matchUrl
FN:27,(anonymous_3)
FN:37,match
FNF:4
FNH:4
FNDA:7,(anonymous_1)
FNDA:8,matchUrl
FNDA:5,(anonymous_3)
FNDA:8,match
DA:3,1
DA:4,1
DA:6,1
DA:8,7
DA:14,1
DA:16,8
DA:17,8
DA:19,8
DA:20,2
DA:23,6
DA:24,6
DA:25,6
DA:27,6
DA:28,5
DA:29,5
DA:32,6
DA:34,6
DA:37,1
DA:38,8
DA:41,7
LF:20
LH:20
BRDA:19,1,0,2
BRDA:19,1,1,6
BRDA:19,2,0,8
BRDA:19,2,1,6
BRF:4
BRH:4
end_of_record
TN:
SF:/Users/cliftonc/work/parxer/lib/plugins/content-item.js
FN:6,match
FN:12,render
FNF:2
FNH:2
FNDA:15,match
FNDA:7,render
DA:3,1
DA:4,1
DA:6,1
DA:7,15
DA:8,15
DA:9,15
DA:10,15
DA:12,1
DA:13,7
DA:14,7
DA:16,7
DA:18,7
DA:19,2
DA:22,5
DA:23,5
DA:24,2
DA:26,3
DA:30,15
DA:31,7
DA:33,7
DA:34,2
DA:36,5
DA:37,5
DA:39,7
DA:40,7
DA:41,7
DA:44,8
DA:48,1
LF:28
LH:28
BRDA:8,1,0,15
BRDA:8,1,1,15
BRDA:18,2,0,2
BRDA:18,2,1,5
BRDA:23,3,0,2
BRDA:23,3,1,3
BRDA:30,4,0,7
BRDA:30,4,1,8
BRDA:30,5,0,15
BRDA:30,5,1,7
BRDA:31,6,0,7
BRDA:31,6,1,7
BRDA:33,7,0,2
BRDA:33,7,1,5
BRDA:33,8,0,7
BRDA:33,8,1,6
BRF:16
BRH:16
end_of_record
TN:
SF:/Users/cliftonc/work/parxer/lib/plugins/direct.js
FN:6,match
FNF:1
FNH:0
FNDA:0,match
DA:3,1
DA:4,1
DA:6,1
DA:7,0
DA:8,0
DA:9,0
DA:13,1
LF:7
LH:4
BRDA:8,1,0,0
BRDA:8,1,1,0
BRF:2
BRH:0
end_of_record
TN:
SF:/Users/cliftonc/work/parxer/lib/plugins/define-slot.js
FN:7,(anonymous_1)
FN:9,match
FNF:2
FNH:2
FNDA:3,(anonymous_1)
FNDA:6,match
DA:3,1
DA:4,1
DA:5,1
DA:7,1
DA:9,1
DA:10,6
DA:11,6
DA:12,6
DA:13,6
DA:15,6
DA:16,3
DA:17,3
DA:18,2
DA:20,1
DA:23,3
DA:24,3
DA:26,3
DA:28,3
DA:31,3
LF:19
LH:19
BRDA:11,1,0,6
BRDA:11,1,1,0
BRDA:15,2,0,3
BRDA:15,2,1,3
BRDA:17,3,0,2
BRDA:17,3,1,1
BRDA:17,4,0,3
BRDA:17,4,1,2
BRDA:23,5,0,3
BRDA:23,5,1,0
BRF:10
BRH:8
end_of_record
TN:
SF:/Users/cliftonc/work/parxer/lib/plugins/library.js
FN:7,(anonymous_1)
FN:9,match
FN:40,(anonymous_3)
FNF:3
FNH:3
FNDA:13,(anonymous_1)
FNDA:24,match
FNDA:16,(anonymous_3)
DA:3,1
DA:4,1
DA:5,1
DA:7,1
DA:9,1
DA:11,24
DA:12,24
DA:13,24
DA:14,24
DA:15,24
DA:16,24
DA:17,24
DA:18,24
DA:20,24
DA:21,9
DA:25,15
DA:26,0
DA:29,15
DA:31,15
DA:32,13
DA:34,2
DA:35,2
DA:38,15
DA:40,15
DA:42,16
DA:43,16
DA:44,16
DA:46,16
DA:47,4
DA:48,4
DA:49,4
DA:51,12
DA:52,12
DA:53,12
DA:55,1
DA:56,1
DA:57,1
DA:58,1
DA:60,12
DA:61,2
DA:62,2
DA:64,10
DA:70,15
DA:74,13
LF:44
LH:43
BRDA:20,1,0,9
BRDA:20,1,1,15
BRDA:20,2,0,24
BRDA:20,2,1,15
BRDA:25,3,0,0
BRDA:25,3,1,15
BRDA:25,4,0,15
BRDA:25,4,1,15
BRDA:31,5,0,13
BRDA:31,5,1,2
BRDA:31,6,0,15
BRDA:31,6,1,5
BRDA:38,7,0,2
BRDA:38,7,1,13
BRDA:46,8,0,4
BRDA:46,8,1,12
BRDA:53,9,0,1
BRDA:53,9,1,11
BRDA:56,10,0,0
BRDA:56,10,1,1
BRDA:60,11,0,2
BRDA:60,11,1,10
BRDA:61,12,0,2
BRDA:61,12,1,2
BRF:24
BRH:22
end_of_record
